#
# There is insufficient memory for the Java Runtime Environment to continue.
# Native memory allocation (mmap) failed to map 234881024 bytes. Error detail: G1 virtual space
# Possible reasons:
#   The system is out of physical RAM or swap space
#   This process is running with CompressedOops enabled, and the Java Heap may be blocking the growth of the native heap
# Possible solutions:
#   Reduce memory load on the system
#   Increase physical memory or swap space
#   Check if swap backing store is full
#   Decrease Java heap size (-Xmx/-Xms)
#   Decrease number of Java threads
#   Decrease Java thread stack sizes (-Xss)
#   Set larger code cache with -XX:ReservedCodeCacheSize=
#   JVM is running with Zero Based Compressed Oops mode in which the Java heap is
#     placed in the first 32GB address space. The Java Heap base address is the
#     maximum limit for the native heap growth. Please use -XX:HeapBaseMinAddress
#     to set the Java Heap base and to place the Java Heap above 32GB virtual address.
# This output file may be truncated or incomplete.
#
#  Out of Memory Error (os_windows.cpp:3631), pid=125056, tid=124944
#
# JRE version:  (22.0+36) (build )
# Java VM: Java HotSpot(TM) 64-Bit Server VM (22+36-2370, mixed mode, sharing, tiered, compressed oops, compressed class ptrs, g1 gc, windows-amd64)
# No core dump will be written. Minidumps are not enabled by default on client versions of Windows
#

---------------  S U M M A R Y ------------

Command Line: C:\Users\zeine\AppData\Local\Temp\surefire12897660219673746849\surefirebooter-20250112032221549_3.jar C:\Users\zeine\AppData\Local\Temp\surefire12897660219673746849 2025-01-12T03-22-20_918-jvmRun1 surefire-20250112032221549_1tmp surefire_0-20250112032221549_2tmp

Host: AMD Ryzen 5 3550H with Radeon Vega Mobile Gfx  , 8 cores, 13G,  Windows 11 , 64 bit Build 22000 (10.0.22000.2538)
Time: Sun Jan 12 03:22:22 2025 Afr. centrale Ouest elapsed time: 0.045048 seconds (0d 0h 0m 0s)

---------------  T H R E A D  ---------------

Current thread (0x00000230a61eb150):  JavaThread "Unknown thread" [_thread_in_vm, id=124944, stack(0x0000008fca400000,0x0000008fca500000) (1024K)]

Stack: [0x0000008fca400000,0x0000008fca500000]
Native frames: (J=compiled Java code, j=interpreted, Vv=VM code, C=native code)
V  [jvm.dll+0x6e2349]  (no source info available)
V  [jvm.dll+0x874ed3]  (no source info available)
V  [jvm.dll+0x8772fe]  (no source info available)
V  [jvm.dll+0x8779d3]  (no source info available)
V  [jvm.dll+0x27fcb6]  (no source info available)
V  [jvm.dll+0x6de9e5]  (no source info available)
V  [jvm.dll+0x6d34ea]  (no source info available)
V  [jvm.dll+0x35892a]  (no source info available)
V  [jvm.dll+0x360e56]  (no source info available)
V  [jvm.dll+0x3b3d7e]  (no source info available)
V  [jvm.dll+0x3b4028]  (no source info available)
V  [jvm.dll+0x32c4ec]  (no source info available)
V  [jvm.dll+0x32d0a8]  (no source info available)
V  [jvm.dll+0x83cd9c]  (no source info available)
V  [jvm.dll+0x3c0cc1]  (no source info available)
V  [jvm.dll+0x825d8c]  (no source info available)
V  [jvm.dll+0x45b9ee]  (no source info available)
V  [jvm.dll+0x45d871]  (no source info available)
C  [jli.dll+0x52a3]  (no source info available)
C  [ucrtbase.dll+0x26c0c]  (no source info available)
C  [KERNEL32.DLL+0x153e0]  (no source info available)
C  [ntdll.dll+0x485b]  (no source info available)


---------------  P R O C E S S  ---------------

Threads class SMR info:
_java_thread_list=0x00007ff95880c1c8, length=0, elements={
}

Java Threads: ( => current thread )
Total: 0

Other Threads:
  0x00000230a8377830 WorkerThread "GC Thread#0"                     [id=128464, stack(0x0000008fca500000,0x0000008fca600000) (1024K)]
  0x00000230a8386730 ConcurrentGCThread "G1 Main Marker"            [id=101956, stack(0x0000008fca600000,0x0000008fca700000) (1024K)]
  0x00000230a83873f0 WorkerThread "G1 Conc#0"                       [id=124064, stack(0x0000008fca700000,0x0000008fca800000) (1024K)]

[error occurred during error reporting (printing all threads), id 0xc0000005, EXCEPTION_ACCESS_VIOLATION (0xc0000005) at pc=0x00007ff957f5f2b7]
VM state: not at safepoint (not fully initialized)

VM Mutex/Monitor currently owned by a thread:  ([mutex/lock_event])
[0x00007ff95888ccc8] Heap_lock - owner thread: 0x00000230a61eb150

Heap address: 0x0000000720e00000, size: 3570 MB, Compressed Oops mode: Zero based, Oop shift amount: 3

CDS archive(s) mapped at: [0x0000000000000000-0x0000000000000000-0x0000000000000000), size 0, SharedBaseAddress: 0x0000000800000000, ArchiveRelocationMode: 1.
Narrow klass base: 0x0000000000000000, Narrow klass shift: 0, Narrow klass range: 0x0

GC Precious Log:
 CardTable entry size: 512
 Card Set container configuration: InlinePtr #cards 4 size 8 Array Of Cards #cards 16 size 48 Howl #buckets 8 coarsen threshold 3686 Howl Bitmap #cards 512 size 80 coarsen threshold 460 Card regions per heap region 1 cards per card region 4096

Heap:
 garbage-first heap   total reserved 3655680K, committed 0K, used 0K [0x0000000720e00000, 0x0000000800000000)
  region size 2048K, 0 young (0K), 0 survivors (0K)

[error occurred during error reporting (printing heap information), id 0xc0000005, EXCEPTION_ACCESS_VIOLATION (0xc0000005) at pc=0x00007ff95835e4e9]
GC Heap History (0 events):
No events

Dll operation events (1 events):
Event: 0.029 Loaded shared library C:\Program Files\Java\jdk-22\bin\java.dll

Deoptimization events (0 events):
No events

Classes loaded (0 events):
No events

Classes unloaded (0 events):
No events

Classes redefined (0 events):
No events

Internal exceptions (0 events):
No events

ZGC Phase Switch (0 events):
No events

VM Operations (0 events):
No events

Events (0 events):
No events


Dynamic libraries:
0x00007ff777490000 - 0x00007ff7774a0000 	C:\Program Files\Java\jdk-22\bin\java.exe
0x00007ff9ee500000 - 0x00007ff9ee709000 	C:\WINDOWS\SYSTEM32\ntdll.dll
0x00007ff9ed280000 - 0x00007ff9ed33d000 	C:\WINDOWS\System32\KERNEL32.DLL
0x00007ff9ebd20000 - 0x00007ff9ec0a4000 	C:\WINDOWS\System32\KERNELBASE.dll
0x00007ff9ebc00000 - 0x00007ff9ebd11000 	C:\WINDOWS\System32\ucrtbase.dll
0x00007ff9d6b30000 - 0x00007ff9d6b4b000 	C:\Program Files\Java\jdk-22\bin\VCRUNTIME140.dll
0x00007ff9db8c0000 - 0x00007ff9db8d7000 	C:\Program Files\Java\jdk-22\bin\jli.dll
0x00007ff9ecc70000 - 0x00007ff9ecd1e000 	C:\WINDOWS\System32\ADVAPI32.dll
0x00007ff9ed8f0000 - 0x00007ff9ed993000 	C:\WINDOWS\System32\msvcrt.dll
0x00007ff9ed560000 - 0x00007ff9ed5fe000 	C:\WINDOWS\System32\sechost.dll
0x00007ff9ee230000 - 0x00007ff9ee351000 	C:\WINDOWS\System32\RPCRT4.dll
0x00007ff9eda20000 - 0x00007ff9edbcd000 	C:\WINDOWS\System32\USER32.dll
0x00007ff9ebab0000 - 0x00007ff9ebad6000 	C:\WINDOWS\System32\win32u.dll
0x00007ff9ecc40000 - 0x00007ff9ecc6a000 	C:\WINDOWS\System32\GDI32.dll
0x00007ff9eb990000 - 0x00007ff9ebaae000 	C:\WINDOWS\System32\gdi32full.dll
0x00007ff9eab90000 - 0x00007ff9eae35000 	C:\WINDOWS\WinSxS\amd64_microsoft.windows.common-controls_6595b64144ccf1df_6.0.22000.120_none_9d947278b86cc467\COMCTL32.dll
0x00007ff9ebb60000 - 0x00007ff9ebbfd000 	C:\WINDOWS\System32\msvcp_win.dll
0x00007ff9e4970000 - 0x00007ff9e497a000 	C:\WINDOWS\SYSTEM32\VERSION.dll
0x00007ff9ee1f0000 - 0x00007ff9ee221000 	C:\WINDOWS\System32\IMM32.DLL
0x00007ff9d7550000 - 0x00007ff9d755c000 	C:\Program Files\Java\jdk-22\bin\vcruntime140_1.dll
0x00007ff9be960000 - 0x00007ff9be9ee000 	C:\Program Files\Java\jdk-22\bin\msvcp140.dll
0x00007ff957c20000 - 0x00007ff958968000 	C:\Program Files\Java\jdk-22\bin\server\jvm.dll
0x00007ff9ee360000 - 0x00007ff9ee3cf000 	C:\WINDOWS\System32\WS2_32.dll
0x00007ff9eb860000 - 0x00007ff9eb8ad000 	C:\WINDOWS\SYSTEM32\POWRPROF.dll
0x00007ff9e5ec0000 - 0x00007ff9e5ef3000 	C:\WINDOWS\SYSTEM32\WINMM.dll
0x00007ff9eb840000 - 0x00007ff9eb853000 	C:\WINDOWS\SYSTEM32\UMPDC.dll
0x00007ff9ea350000 - 0x00007ff9ea368000 	C:\WINDOWS\SYSTEM32\kernel.appcore.dll
0x00007ff9d56f0000 - 0x00007ff9d56fa000 	C:\Program Files\Java\jdk-22\bin\jimage.dll
0x00007ff9eb230000 - 0x00007ff9eb451000 	C:\WINDOWS\SYSTEM32\DBGHELP.DLL
0x00007ff9eb100000 - 0x00007ff9eb131000 	C:\WINDOWS\SYSTEM32\dbgcore.DLL
0x00007ff9ebae0000 - 0x00007ff9ebb5f000 	C:\WINDOWS\System32\bcryptPrimitives.dll
0x00007ff9d5640000 - 0x00007ff9d565e000 	C:\Program Files\Java\jdk-22\bin\java.dll
0x00007ff9ec440000 - 0x00007ff9ecc05000 	C:\WINDOWS\System32\SHELL32.dll
0x00007ff9ed340000 - 0x00007ff9ed4da000 	C:\WINDOWS\System32\ole32.dll
0x00007ff9edc40000 - 0x00007ff9edfb6000 	C:\WINDOWS\System32\combase.dll

dbghelp: loaded successfully - version: 4.0.5 - missing functions: none
symbol engine: initialized successfully - sym options: 0x614 - pdb path: .;C:\Program Files\Java\jdk-22\bin;C:\WINDOWS\SYSTEM32;C:\WINDOWS\WinSxS\amd64_microsoft.windows.common-controls_6595b64144ccf1df_6.0.22000.120_none_9d947278b86cc467;C:\Program Files\Java\jdk-22\bin\server

VM Arguments:
java_command: C:\Users\zeine\AppData\Local\Temp\surefire12897660219673746849\surefirebooter-20250112032221549_3.jar C:\Users\zeine\AppData\Local\Temp\surefire12897660219673746849 2025-01-12T03-22-20_918-jvmRun1 surefire-20250112032221549_1tmp surefire_0-20250112032221549_2tmp
java_class_path (initial): C:\Users\zeine\AppData\Local\Temp\surefire12897660219673746849\surefirebooter-20250112032221549_3.jar
Launcher Type: SUN_STANDARD

[Global flags]
     intx CICompilerCount                          = 4                                         {product} {ergonomic}
     uint ConcGCThreads                            = 2                                         {product} {ergonomic}
     uint G1ConcRefinementThreads                  = 8                                         {product} {ergonomic}
   size_t G1HeapRegionSize                         = 2097152                                   {product} {ergonomic}
   size_t InitialHeapSize                          = 234881024                                 {product} {ergonomic}
   size_t MarkStackSize                            = 4194304                                   {product} {ergonomic}
   size_t MaxHeapSize                              = 3743416320                                {product} {ergonomic}
   size_t MinHeapDeltaBytes                        = 2097152                                   {product} {ergonomic}
   size_t MinHeapSize                              = 8388608                                   {product} {ergonomic}
    uintx NonNMethodCodeHeapSize                   = 5839372                                {pd product} {ergonomic}
    uintx NonProfiledCodeHeapSize                  = 122909434                              {pd product} {ergonomic}
    uintx ProfiledCodeHeapSize                     = 122909434                              {pd product} {ergonomic}
    uintx ReservedCodeCacheSize                    = 251658240                              {pd product} {ergonomic}
     bool SegmentedCodeCache                       = true                                      {product} {ergonomic}
   size_t SoftMaxHeapSize                          = 3743416320                             {manageable} {ergonomic}
     bool UseCompressedOops                        = true                           {product lp64_product} {ergonomic}
     bool UseG1GC                                  = true                                      {product} {ergonomic}
     bool UseLargePagesIndividualAllocation        = false                                  {pd product} {ergonomic}

Logging:
Log output configuration:
 #0: stdout all=warning uptime,level,tags foldmultilines=false
 #1: stderr all=off uptime,level,tags foldmultilines=false

Environment Variables:
JAVA_HOME=C:\Program Files\Java\jdk-22
PATH=C:\Python311\Scripts\;C:\Python311\;C:\Program Files\Common Files\Oracle\Java\javapath;C:\Program Files\Python310\Scripts\;C:\Program Files\Python310\;C:\Python310\Scripts\;C:\Python310\;C:\Windows\system32;C:\Windows;C:\Windows\System32\Wbem;C:\Windows\System32\WindowsPowerShell\v1.0\;C:\Windows\System32\OpenSSH\;C:\Program Files (x86)\NVIDIA Corporation\PhysX\Common;C:\Program Files\NVIDIA Corporation\NVIDIA NvDLISR;C:\Program Files\Java\jdk-14.0.2\bin;C:\Program Files\Git\cmd;C:\ProgramData\chocolatey\bin;C:\WINDOWS\system32;C:\WINDOWS;C:\WINDOWS\System32\Wbem;C:\WINDOWS\System32\WindowsPowerShell\v1.0\;C:\WINDOWS\System32\OpenSSH\;C:\Program Files\Docker\Docker\resources\bin;C:\ProgramData\DockerDesktop\version-bin;C:\Program Files\Microsoft SQL Server\130\Tools\Binn\;C:\Program Files\Microsoft SQL Server\Client SDK\ODBC\170\Tools\Binn\;C:\Program Files (x86)\dotnet\;C:\Program Files\dotnet\;C:\Program Files\MySQL\MySQL Server 8.0\bin;C:\Program Files\apache-maven-3.9.9\bin;C:\Program Files\apache-maven-3.9.9;C:\Program Files\nodejs\;C:\Program Files\MySQL\MySQL Shell 8.0\bin\;C:\Users\zeine\AppData\Local\Programs\Python\Python310\Scripts\;C:\Users\zeine\AppData\Local\Programs\Python\Python310\;C:\Users\zeine\AppData\Local\Microsoft\WindowsApps;C:\Users\zeine\AppData\Local\Programs\Microsoft VS Code\bin;C:\flutter\flutter\bin;C:\Program Files\Java\jdk-19\bin;C:\kotlin-master\compiler\cli\bin;C:\dart-sdk\bin;C:\Users\zeine\.dotnet\tools;C:\gradle-8.7\bin;C:\Program Files\Java\jdk-22\bin;;C:\Program Files\JetBrains\IntelliJ IDEA 2024.3.1.1\bin;;C:\Users\zeine\AppData\Roaming\npm
USERNAME=zeine
OS=Windows_NT
PROCESSOR_IDENTIFIER=AMD64 Family 23 Model 24 Stepping 1, AuthenticAMD
TMP=C:\Users\zeine\AppData\Local\Temp
TEMP=C:\Users\zeine\AppData\Local\Temp




Periodic native trim disabled

---------------  S Y S T E M  ---------------

OS:
 Windows 11 , 64 bit Build 22000 (10.0.22000.2538)
OS uptime: 1 days 13:43 hours
Hyper-V role detected

CPU: total 8 (initial active 8) (8 cores per cpu, 2 threads per core) family 23 model 24 stepping 1 microcode 0x0, cx8, cmov, fxsr, ht, mmx, 3dnowpref, sse, sse2, sse3, ssse3, sse4a, sse4.1, sse4.2, popcnt, lzcnt, tsc, tscinvbit, avx, avx2, aes, clmul, bmi1, bmi2, adx, sha, fma, vzeroupper, clflush, clflushopt, hv, rdtscp, f16c
Processor Information for all 8 processors :
  Max Mhz: 2100, Current Mhz: 2100, Mhz Limit: 2100

Memory: 4k page, system-wide physical 14272M (665M free)
TotalPageFile size 57280M (AvailPageFile size 147M)
current process WorkingSet (physical memory assigned to process): 11M, peak: 11M
current process commit charge ("private bytes"): 60M, peak: 284M

vm_info: Java HotSpot(TM) 64-Bit Server VM (22+36-2370) for windows-amd64 JRE (22+36-2370), built on 2024-02-15T22:15:19Z by "mach5one" with MS VC++ 17.6 (VS2022)

END.
