#
# There is insufficient memory for the Java Runtime Environment to continue.
# Native memory allocation (malloc) failed to allocate 1268656 bytes. Error detail: Chunk::new
# Possible reasons:
#   The system is out of physical RAM or swap space
#   This process is running with CompressedOops enabled, and the Java Heap may be blocking the growth of the native heap
# Possible solutions:
#   Reduce memory load on the system
#   Increase physical memory or swap space
#   Check if swap backing store is full
#   Decrease Java heap size (-Xmx/-Xms)
#   Decrease number of Java threads
#   Decrease Java thread stack sizes (-Xss)
#   Set larger code cache with -XX:ReservedCodeCacheSize=
#   JVM is running with Zero Based Compressed Oops mode in which the Java heap is
#     placed in the first 32GB address space. The Java Heap base address is the
#     maximum limit for the native heap growth. Please use -XX:HeapBaseMinAddress
#     to set the Java Heap base and to place the Java Heap above 32GB virtual address.
# This output file may be truncated or incomplete.
#
#  Out of Memory Error (arena.cpp:150), pid=125700, tid=124444
#
# JRE version: Java(TM) SE Runtime Environment (22.0+36) (build 22+36-2370)
# Java VM: Java HotSpot(TM) 64-Bit Server VM (22+36-2370, mixed mode, sharing, tiered, compressed oops, compressed class ptrs, g1 gc, windows-amd64)
# No core dump will be written. Minidumps are not enabled by default on client versions of Windows
#

---------------  S U M M A R Y ------------

Command Line: -Dclassworlds.conf=C:\Program Files\apache-maven-3.9.9\bin\m2.conf -Dmaven.home=C:\Program Files\apache-maven-3.9.9 -Dlibrary.jansi.path=C:\Program Files\apache-maven-3.9.9\lib\jansi-native -Dmaven.multiModuleProjectDirectory=C:\Users\zeine\OneDrive\Bureau\projet-spring\back_projet_covoiturage org.codehaus.plexus.classworlds.launcher.Launcher clean install

Host: AMD Ryzen 5 3550H with Radeon Vega Mobile Gfx  , 8 cores, 13G,  Windows 11 , 64 bit Build 22000 (10.0.22000.2538)
Time: Sun Jan 12 03:23:38 2025 Afr. centrale Ouest elapsed time: 12.190234 seconds (0d 0h 0m 12s)

---------------  T H R E A D  ---------------

Current thread (0x0000021427594170):  JavaThread "C2 CompilerThread1" daemon [_thread_in_native, id=124444, stack(0x000000ec26300000,0x000000ec26400000) (1024K)]


Current CompileTask:
C2:12190 4441 %     4       org.codehaus.plexus.util.xml.Xpp3DomBuilder::build @ 28 (413 bytes)

Stack: [0x000000ec26300000,0x000000ec26400000]
Native frames: (J=compiled Java code, j=interpreted, Vv=VM code, C=native code)
V  [jvm.dll+0x6e2349]  (no source info available)
V  [jvm.dll+0x874ed3]  (no source info available)
V  [jvm.dll+0x8772fe]  (no source info available)
V  [jvm.dll+0x8779d3]  (no source info available)
V  [jvm.dll+0x27fcb6]  (no source info available)
V  [jvm.dll+0xc3d0f]  (no source info available)
V  [jvm.dll+0xc3f6b]  (no source info available)
V  [jvm.dll+0x3bb022]  (no source info available)
V  [jvm.dll+0x387abb]  (no source info available)
V  [jvm.dll+0x386f2a]  (no source info available)
V  [jvm.dll+0x247908]  (no source info available)
V  [jvm.dll+0x246faf]  (no source info available)
V  [jvm.dll+0x1c4e90]  (no source info available)
V  [jvm.dll+0x25699e]  (no source info available)
V  [jvm.dll+0x254c5a]  (no source info available)
V  [jvm.dll+0x3f5426]  (no source info available)
V  [jvm.dll+0x81d50b]  (no source info available)
V  [jvm.dll+0x6e09e5]  (no source info available)
C  [ucrtbase.dll+0x26c0c]  (no source info available)
C  [KERNEL32.DLL+0x153e0]  (no source info available)
C  [ntdll.dll+0x485b]  (no source info available)


---------------  P R O C E S S  ---------------

Threads class SMR info:
_java_thread_list=0x00000214271c1c80, length=13, elements={
0x00000213c10d0210, 0x00000213e1898cf0, 0x00000213e1899750, 0x00000213e189b050,
0x00000213e189bab0, 0x00000213e189e650, 0x00000213e18a11f0, 0x00000213e18b63b0,
0x00000213e18b6e60, 0x00000213e1b2a450, 0x00000213e1b341b0, 0x000002142769e3c0,
0x0000021427594170
}

Java Threads: ( => current thread )
  0x00000213c10d0210 JavaThread "main"                              [_thread_in_native, id=125648, stack(0x000000ec24900000,0x000000ec24a00000) (1024K)]
  0x00000213e1898cf0 JavaThread "Reference Handler"          daemon [_thread_blocked, id=128768, stack(0x000000ec25100000,0x000000ec25200000) (1024K)]
  0x00000213e1899750 JavaThread "Finalizer"                  daemon [_thread_blocked, id=122340, stack(0x000000ec25200000,0x000000ec25300000) (1024K)]
  0x00000213e189b050 JavaThread "Signal Dispatcher"          daemon [_thread_blocked, id=114740, stack(0x000000ec25300000,0x000000ec25400000) (1024K)]
  0x00000213e189bab0 JavaThread "Attach Listener"            daemon [_thread_blocked, id=100864, stack(0x000000ec25400000,0x000000ec25500000) (1024K)]
  0x00000213e189e650 JavaThread "Service Thread"             daemon [_thread_blocked, id=126252, stack(0x000000ec25500000,0x000000ec25600000) (1024K)]
  0x00000213e18a11f0 JavaThread "Monitor Deflation Thread"   daemon [_thread_blocked, id=123432, stack(0x000000ec25600000,0x000000ec25700000) (1024K)]
  0x00000213e18b63b0 JavaThread "C2 CompilerThread0"         daemon [_thread_in_native, id=124256, stack(0x000000ec25700000,0x000000ec25800000) (1024K)]
  0x00000213e18b6e60 JavaThread "C1 CompilerThread0"         daemon [_thread_blocked, id=127916, stack(0x000000ec25800000,0x000000ec25900000) (1024K)]
  0x00000213e1b2a450 JavaThread "Notification Thread"        daemon [_thread_blocked, id=126088, stack(0x000000ec25900000,0x000000ec25a00000) (1024K)]
  0x00000213e1b341b0 JavaThread "Common-Cleaner"             daemon [_thread_blocked, id=127448, stack(0x000000ec25a00000,0x000000ec25b00000) (1024K)]
  0x000002142769e3c0 JavaThread "Thread-1"                   daemon [_thread_blocked, id=121876, stack(0x000000ec26200000,0x000000ec26300000) (1024K)]
=>0x0000021427594170 JavaThread "C2 CompilerThread1"         daemon [_thread_in_native, id=124444, stack(0x000000ec26300000,0x000000ec26400000) (1024K)]
Total: 13

Other Threads:
  0x00000213e187ffa0 VMThread "VM Thread"                           [id=126312, stack(0x000000ec25000000,0x000000ec25100000) (1024K)]
  0x00000213e1864a50 WatcherThread "VM Periodic Task Thread"        [id=121012, stack(0x000000ec24f00000,0x000000ec25000000) (1024K)]
  0x00000213c3258a90 WorkerThread "GC Thread#0"                     [id=74652, stack(0x000000ec24a00000,0x000000ec24b00000) (1024K)]
  0x000002142741a350 WorkerThread "GC Thread#1"                     [id=127840, stack(0x000000ec25b00000,0x000000ec25c00000) (1024K)]
  0x000002142741ab10 WorkerThread "GC Thread#2"                     [id=104588, stack(0x000000ec25c00000,0x000000ec25d00000) (1024K)]
  0x000002142741aec0 WorkerThread "GC Thread#3"                     [id=118908, stack(0x000000ec25d00000,0x000000ec25e00000) (1024K)]
  0x000002142741b270 WorkerThread "GC Thread#4"                     [id=128288, stack(0x000000ec25e00000,0x000000ec25f00000) (1024K)]
  0x000002142776eb40 WorkerThread "GC Thread#5"                     [id=120536, stack(0x000000ec25f00000,0x000000ec26000000) (1024K)]
  0x000002142776eef0 WorkerThread "GC Thread#6"                     [id=116880, stack(0x000000ec26000000,0x000000ec26100000) (1024K)]
  0x00000214277716c0 WorkerThread "GC Thread#7"                     [id=128344, stack(0x000000ec26100000,0x000000ec26200000) (1024K)]
  0x00000213c3267a40 ConcurrentGCThread "G1 Main Marker"            [id=128024, stack(0x000000ec24b00000,0x000000ec24c00000) (1024K)]
  0x00000213c3268450 WorkerThread "G1 Conc#0"                       [id=128552, stack(0x000000ec24c00000,0x000000ec24d00000) (1024K)]
  0x00000213c32ce370 ConcurrentGCThread "G1 Refine#0"               [id=110352, stack(0x000000ec24d00000,0x000000ec24e00000) (1024K)]
  0x00000213e17350f0 ConcurrentGCThread "G1 Service"                [id=98596, stack(0x000000ec24e00000,0x000000ec24f00000) (1024K)]
Total: 14

Threads with active compile tasks:
C2 CompilerThread0  12265 4486   !   4       org.codehaus.plexus.interpolation.reflection.ReflectionValueExtractor::getPropertyValue (114 bytes)
C2 CompilerThread1  12265 4441 %     4       org.codehaus.plexus.util.xml.Xpp3DomBuilder::build @ 28 (413 bytes)
Total: 2

VM state: not at safepoint (normal execution)

VM Mutex/Monitor currently owned by a thread: None

Heap address: 0x0000000720e00000, size: 3570 MB, Compressed Oops mode: Zero based, Oop shift amount: 3

CDS archive(s) mapped at: [0x00000213e2000000-0x00000213e2c60000-0x00000213e2c60000), size 12976128, SharedBaseAddress: 0x00000213e2000000, ArchiveRelocationMode: 1.
Compressed class space mapped at: 0x00000213e3000000-0x0000021423000000, reserved size: 1073741824
Narrow klass base: 0x00000213e2000000, Narrow klass shift: 0, Narrow klass range: 0x41000000

GC Precious Log:
 CardTable entry size: 512
 Card Set container configuration: InlinePtr #cards 4 size 8 Array Of Cards #cards 16 size 48 Howl #buckets 8 coarsen threshold 3686 Howl Bitmap #cards 512 size 80 coarsen threshold 460 Card regions per heap region 1 cards per card region 4096
 CPUs: 8 total, 8 available
 Memory: 14272M
 Large Page Support: Disabled
 NUMA Support: Disabled
 Compressed Oops: Enabled (Zero based)
 Heap Region Size: 2M
 Heap Min Capacity: 8M
 Heap Initial Capacity: 224M
 Heap Max Capacity: 3570M
 Pre-touch: Disabled
 Parallel Workers: 8
 Concurrent Workers: 2
 Concurrent Refinement Workers: 8
 Periodic GC: Disabled

Heap:
 garbage-first heap   total reserved 3655680K, committed 229376K, used 112395K [0x0000000720e00000, 0x0000000800000000)
  region size 2048K, 55 young (112640K), 2 survivors (4096K)
 Metaspace       used 16254K, committed 16512K, reserved 1114112K
  class space    used 1894K, committed 1984K, reserved 1048576K

Heap Regions: E=young(eden), S=young(survivor), O=old, HS=humongous(starts), HC=humongous(continues), CS=collection set, F=free, TAMS=top-at-mark-start, PB=parsable bottom
|   0|0x0000000720e00000, 0x0000000721000000, 0x0000000721000000|100%| O|  |TAMS 0x0000000720e00000| PB 0x0000000720e00000| Untracked |  0
|   1|0x0000000721000000, 0x000000072116b020, 0x0000000721200000| 70%| O|  |TAMS 0x0000000721000000| PB 0x0000000721000000| Untracked |  0
|   2|0x0000000721200000, 0x0000000721200000, 0x0000000721400000|  0%| F|  |TAMS 0x0000000721200000| PB 0x0000000721200000| Untracked |  0
|   3|0x0000000721400000, 0x0000000721400000, 0x0000000721600000|  0%| F|  |TAMS 0x0000000721400000| PB 0x0000000721400000| Untracked |  0
|   4|0x0000000721600000, 0x0000000721600000, 0x0000000721800000|  0%| F|  |TAMS 0x0000000721600000| PB 0x0000000721600000| Untracked |  0
|   5|0x0000000721800000, 0x0000000721800000, 0x0000000721a00000|  0%| F|  |TAMS 0x0000000721800000| PB 0x0000000721800000| Untracked |  0
|   6|0x0000000721a00000, 0x0000000721a00000, 0x0000000721c00000|  0%| F|  |TAMS 0x0000000721a00000| PB 0x0000000721a00000| Untracked |  0
|   7|0x0000000721c00000, 0x0000000721c00000, 0x0000000721e00000|  0%| F|  |TAMS 0x0000000721c00000| PB 0x0000000721c00000| Untracked |  0
|   8|0x0000000721e00000, 0x0000000721e00000, 0x0000000722000000|  0%| F|  |TAMS 0x0000000721e00000| PB 0x0000000721e00000| Untracked |  0
|   9|0x0000000722000000, 0x0000000722000000, 0x0000000722200000|  0%| F|  |TAMS 0x0000000722000000| PB 0x0000000722000000| Untracked |  0
|  10|0x0000000722200000, 0x0000000722200000, 0x0000000722400000|  0%| F|  |TAMS 0x0000000722200000| PB 0x0000000722200000| Untracked |  0
|  11|0x0000000722400000, 0x0000000722400000, 0x0000000722600000|  0%| F|  |TAMS 0x0000000722400000| PB 0x0000000722400000| Untracked |  0
|  12|0x0000000722600000, 0x0000000722600000, 0x0000000722800000|  0%| F|  |TAMS 0x0000000722600000| PB 0x0000000722600000| Untracked |  0
|  13|0x0000000722800000, 0x0000000722800000, 0x0000000722a00000|  0%| F|  |TAMS 0x0000000722800000| PB 0x0000000722800000| Untracked |  0
|  14|0x0000000722a00000, 0x0000000722a00000, 0x0000000722c00000|  0%| F|  |TAMS 0x0000000722a00000| PB 0x0000000722a00000| Untracked |  0
|  15|0x0000000722c00000, 0x0000000722c00000, 0x0000000722e00000|  0%| F|  |TAMS 0x0000000722c00000| PB 0x0000000722c00000| Untracked |  0
|  16|0x0000000722e00000, 0x0000000722e00000, 0x0000000723000000|  0%| F|  |TAMS 0x0000000722e00000| PB 0x0000000722e00000| Untracked |  0
|  17|0x0000000723000000, 0x0000000723000000, 0x0000000723200000|  0%| F|  |TAMS 0x0000000723000000| PB 0x0000000723000000| Untracked |  0
|  18|0x0000000723200000, 0x0000000723200000, 0x0000000723400000|  0%| F|  |TAMS 0x0000000723200000| PB 0x0000000723200000| Untracked |  0
|  19|0x0000000723400000, 0x0000000723400000, 0x0000000723600000|  0%| F|  |TAMS 0x0000000723400000| PB 0x0000000723400000| Untracked |  0
|  20|0x0000000723600000, 0x0000000723600000, 0x0000000723800000|  0%| F|  |TAMS 0x0000000723600000| PB 0x0000000723600000| Untracked |  0
|  21|0x0000000723800000, 0x0000000723800000, 0x0000000723a00000|  0%| F|  |TAMS 0x0000000723800000| PB 0x0000000723800000| Untracked |  0
|  22|0x0000000723a00000, 0x0000000723a00000, 0x0000000723c00000|  0%| F|  |TAMS 0x0000000723a00000| PB 0x0000000723a00000| Untracked |  0
|  23|0x0000000723c00000, 0x0000000723c00000, 0x0000000723e00000|  0%| F|  |TAMS 0x0000000723c00000| PB 0x0000000723c00000| Untracked |  0
|  24|0x0000000723e00000, 0x0000000723e00000, 0x0000000724000000|  0%| F|  |TAMS 0x0000000723e00000| PB 0x0000000723e00000| Untracked |  0
|  25|0x0000000724000000, 0x0000000724000000, 0x0000000724200000|  0%| F|  |TAMS 0x0000000724000000| PB 0x0000000724000000| Untracked |  0
|  26|0x0000000724200000, 0x0000000724200000, 0x0000000724400000|  0%| F|  |TAMS 0x0000000724200000| PB 0x0000000724200000| Untracked |  0
|  27|0x0000000724400000, 0x0000000724400000, 0x0000000724600000|  0%| F|  |TAMS 0x0000000724400000| PB 0x0000000724400000| Untracked |  0
|  28|0x0000000724600000, 0x0000000724600000, 0x0000000724800000|  0%| F|  |TAMS 0x0000000724600000| PB 0x0000000724600000| Untracked |  0
|  29|0x0000000724800000, 0x0000000724800000, 0x0000000724a00000|  0%| F|  |TAMS 0x0000000724800000| PB 0x0000000724800000| Untracked |  0
|  30|0x0000000724a00000, 0x0000000724a00000, 0x0000000724c00000|  0%| F|  |TAMS 0x0000000724a00000| PB 0x0000000724a00000| Untracked |  0
|  31|0x0000000724c00000, 0x0000000724c00000, 0x0000000724e00000|  0%| F|  |TAMS 0x0000000724c00000| PB 0x0000000724c00000| Untracked |  0
|  32|0x0000000724e00000, 0x0000000724e00000, 0x0000000725000000|  0%| F|  |TAMS 0x0000000724e00000| PB 0x0000000724e00000| Untracked |  0
|  33|0x0000000725000000, 0x0000000725000000, 0x0000000725200000|  0%| F|  |TAMS 0x0000000725000000| PB 0x0000000725000000| Untracked |  0
|  34|0x0000000725200000, 0x0000000725200000, 0x0000000725400000|  0%| F|  |TAMS 0x0000000725200000| PB 0x0000000725200000| Untracked |  0
|  35|0x0000000725400000, 0x0000000725400000, 0x0000000725600000|  0%| F|  |TAMS 0x0000000725400000| PB 0x0000000725400000| Untracked |  0
|  36|0x0000000725600000, 0x0000000725600000, 0x0000000725800000|  0%| F|  |TAMS 0x0000000725600000| PB 0x0000000725600000| Untracked |  0
|  37|0x0000000725800000, 0x0000000725800000, 0x0000000725a00000|  0%| F|  |TAMS 0x0000000725800000| PB 0x0000000725800000| Untracked |  0
|  38|0x0000000725a00000, 0x0000000725a00000, 0x0000000725c00000|  0%| F|  |TAMS 0x0000000725a00000| PB 0x0000000725a00000| Untracked |  0
|  39|0x0000000725c00000, 0x0000000725c00000, 0x0000000725e00000|  0%| F|  |TAMS 0x0000000725c00000| PB 0x0000000725c00000| Untracked |  0
|  40|0x0000000725e00000, 0x0000000725e00000, 0x0000000726000000|  0%| F|  |TAMS 0x0000000725e00000| PB 0x0000000725e00000| Untracked |  0
|  41|0x0000000726000000, 0x0000000726000000, 0x0000000726200000|  0%| F|  |TAMS 0x0000000726000000| PB 0x0000000726000000| Untracked |  0
|  42|0x0000000726200000, 0x0000000726200000, 0x0000000726400000|  0%| F|  |TAMS 0x0000000726200000| PB 0x0000000726200000| Untracked |  0
|  43|0x0000000726400000, 0x0000000726400000, 0x0000000726600000|  0%| F|  |TAMS 0x0000000726400000| PB 0x0000000726400000| Untracked |  0
|  44|0x0000000726600000, 0x0000000726600000, 0x0000000726800000|  0%| F|  |TAMS 0x0000000726600000| PB 0x0000000726600000| Untracked |  0
|  45|0x0000000726800000, 0x0000000726800000, 0x0000000726a00000|  0%| F|  |TAMS 0x0000000726800000| PB 0x0000000726800000| Untracked |  0
|  46|0x0000000726a00000, 0x0000000726a00000, 0x0000000726c00000|  0%| F|  |TAMS 0x0000000726a00000| PB 0x0000000726a00000| Untracked |  0
|  47|0x0000000726c00000, 0x0000000726c00000, 0x0000000726e00000|  0%| F|  |TAMS 0x0000000726c00000| PB 0x0000000726c00000| Untracked |  0
|  48|0x0000000726e00000, 0x0000000726e00000, 0x0000000727000000|  0%| F|  |TAMS 0x0000000726e00000| PB 0x0000000726e00000| Untracked |  0
|  49|0x0000000727000000, 0x0000000727000000, 0x0000000727200000|  0%| F|  |TAMS 0x0000000727000000| PB 0x0000000727000000| Untracked |  0
|  50|0x0000000727200000, 0x0000000727200000, 0x0000000727400000|  0%| F|  |TAMS 0x0000000727200000| PB 0x0000000727200000| Untracked |  0
|  51|0x0000000727400000, 0x0000000727400000, 0x0000000727600000|  0%| F|  |TAMS 0x0000000727400000| PB 0x0000000727400000| Untracked |  0
|  52|0x0000000727600000, 0x0000000727600000, 0x0000000727800000|  0%| F|  |TAMS 0x0000000727600000| PB 0x0000000727600000| Untracked |  0
|  53|0x0000000727800000, 0x0000000727800000, 0x0000000727a00000|  0%| F|  |TAMS 0x0000000727800000| PB 0x0000000727800000| Untracked |  0
|  54|0x0000000727a00000, 0x0000000727a00000, 0x0000000727c00000|  0%| F|  |TAMS 0x0000000727a00000| PB 0x0000000727a00000| Untracked |  0
|  55|0x0000000727c00000, 0x0000000727c00000, 0x0000000727e00000|  0%| F|  |TAMS 0x0000000727c00000| PB 0x0000000727c00000| Untracked |  0
|  56|0x0000000727e00000, 0x0000000727e00000, 0x0000000728000000|  0%| F|  |TAMS 0x0000000727e00000| PB 0x0000000727e00000| Untracked |  0
|  57|0x0000000728000000, 0x00000007281554f8, 0x0000000728200000| 66%| E|  |TAMS 0x0000000728000000| PB 0x0000000728000000| Complete |  0
|  58|0x0000000728200000, 0x0000000728400000, 0x0000000728400000|100%| E|CS|TAMS 0x0000000728200000| PB 0x0000000728200000| Complete |  0
|  59|0x0000000728400000, 0x0000000728600000, 0x0000000728600000|100%| E|CS|TAMS 0x0000000728400000| PB 0x0000000728400000| Complete |  0
|  60|0x0000000728600000, 0x0000000728800000, 0x0000000728800000|100%| E|CS|TAMS 0x0000000728600000| PB 0x0000000728600000| Complete |  0
|  61|0x0000000728800000, 0x0000000728a00000, 0x0000000728a00000|100%| E|CS|TAMS 0x0000000728800000| PB 0x0000000728800000| Complete |  0
|  62|0x0000000728a00000, 0x0000000728c00000, 0x0000000728c00000|100%| E|CS|TAMS 0x0000000728a00000| PB 0x0000000728a00000| Complete |  0
|  63|0x0000000728c00000, 0x0000000728e00000, 0x0000000728e00000|100%| E|CS|TAMS 0x0000000728c00000| PB 0x0000000728c00000| Complete |  0
|  64|0x0000000728e00000, 0x0000000729000000, 0x0000000729000000|100%| E|CS|TAMS 0x0000000728e00000| PB 0x0000000728e00000| Complete |  0
|  65|0x0000000729000000, 0x0000000729200000, 0x0000000729200000|100%| E|CS|TAMS 0x0000000729000000| PB 0x0000000729000000| Complete |  0
|  66|0x0000000729200000, 0x0000000729400000, 0x0000000729400000|100%| E|CS|TAMS 0x0000000729200000| PB 0x0000000729200000| Complete |  0
|  67|0x0000000729400000, 0x0000000729600000, 0x0000000729600000|100%| E|CS|TAMS 0x0000000729400000| PB 0x0000000729400000| Complete |  0
|  68|0x0000000729600000, 0x0000000729800000, 0x0000000729800000|100%| E|CS|TAMS 0x0000000729600000| PB 0x0000000729600000| Complete |  0
|  69|0x0000000729800000, 0x0000000729a00000, 0x0000000729a00000|100%| E|CS|TAMS 0x0000000729800000| PB 0x0000000729800000| Complete |  0
|  70|0x0000000729a00000, 0x0000000729c00000, 0x0000000729c00000|100%| E|CS|TAMS 0x0000000729a00000| PB 0x0000000729a00000| Complete |  0
|  71|0x0000000729c00000, 0x0000000729e00000, 0x0000000729e00000|100%| E|CS|TAMS 0x0000000729c00000| PB 0x0000000729c00000| Complete |  0
|  72|0x0000000729e00000, 0x000000072a000000, 0x000000072a000000|100%| E|CS|TAMS 0x0000000729e00000| PB 0x0000000729e00000| Complete |  0
|  73|0x000000072a000000, 0x000000072a200000, 0x000000072a200000|100%| E|CS|TAMS 0x000000072a000000| PB 0x000000072a000000| Complete |  0
|  74|0x000000072a200000, 0x000000072a400000, 0x000000072a400000|100%| E|CS|TAMS 0x000000072a200000| PB 0x000000072a200000| Complete |  0
|  75|0x000000072a400000, 0x000000072a600000, 0x000000072a600000|100%| E|CS|TAMS 0x000000072a400000| PB 0x000000072a400000| Complete |  0
|  76|0x000000072a600000, 0x000000072a800000, 0x000000072a800000|100%| E|CS|TAMS 0x000000072a600000| PB 0x000000072a600000| Complete |  0
|  77|0x000000072a800000, 0x000000072aa00000, 0x000000072aa00000|100%| E|CS|TAMS 0x000000072a800000| PB 0x000000072a800000| Complete |  0
|  78|0x000000072aa00000, 0x000000072ac00000, 0x000000072ac00000|100%| E|CS|TAMS 0x000000072aa00000| PB 0x000000072aa00000| Complete |  0
|  79|0x000000072ac00000, 0x000000072ae00000, 0x000000072ae00000|100%| E|CS|TAMS 0x000000072ac00000| PB 0x000000072ac00000| Complete |  0
|  80|0x000000072ae00000, 0x000000072b000000, 0x000000072b000000|100%| E|CS|TAMS 0x000000072ae00000| PB 0x000000072ae00000| Complete |  0
|  81|0x000000072b000000, 0x000000072b200000, 0x000000072b200000|100%| E|CS|TAMS 0x000000072b000000| PB 0x000000072b000000| Complete |  0
|  82|0x000000072b200000, 0x000000072b400000, 0x000000072b400000|100%| E|CS|TAMS 0x000000072b200000| PB 0x000000072b200000| Complete |  0
|  83|0x000000072b400000, 0x000000072b600000, 0x000000072b600000|100%| E|CS|TAMS 0x000000072b400000| PB 0x000000072b400000| Complete |  0
|  84|0x000000072b600000, 0x000000072b800000, 0x000000072b800000|100%| E|CS|TAMS 0x000000072b600000| PB 0x000000072b600000| Complete |  0
|  85|0x000000072b800000, 0x000000072ba00000, 0x000000072ba00000|100%| E|CS|TAMS 0x000000072b800000| PB 0x000000072b800000| Complete |  0
|  86|0x000000072ba00000, 0x000000072bc00000, 0x000000072bc00000|100%| E|CS|TAMS 0x000000072ba00000| PB 0x000000072ba00000| Complete |  0
|  87|0x000000072bc00000, 0x000000072be00000, 0x000000072be00000|100%| E|CS|TAMS 0x000000072bc00000| PB 0x000000072bc00000| Complete |  0
|  88|0x000000072be00000, 0x000000072c000000, 0x000000072c000000|100%| E|CS|TAMS 0x000000072be00000| PB 0x000000072be00000| Complete |  0
|  89|0x000000072c000000, 0x000000072c057d80, 0x000000072c200000| 17%| S|CS|TAMS 0x000000072c000000| PB 0x000000072c000000| Complete |  0
|  90|0x000000072c200000, 0x000000072c400000, 0x000000072c400000|100%| S|CS|TAMS 0x000000072c200000| PB 0x000000072c200000| Complete |  0
|  91|0x000000072c400000, 0x000000072c600000, 0x000000072c600000|100%| E|CS|TAMS 0x000000072c400000| PB 0x000000072c400000| Complete |  0
|  92|0x000000072c600000, 0x000000072c800000, 0x000000072c800000|100%| E|CS|TAMS 0x000000072c600000| PB 0x000000072c600000| Complete |  0
|  93|0x000000072c800000, 0x000000072ca00000, 0x000000072ca00000|100%| E|CS|TAMS 0x000000072c800000| PB 0x000000072c800000| Complete |  0
|  94|0x000000072ca00000, 0x000000072cc00000, 0x000000072cc00000|100%| E|CS|TAMS 0x000000072ca00000| PB 0x000000072ca00000| Complete |  0
|  95|0x000000072cc00000, 0x000000072ce00000, 0x000000072ce00000|100%| E|CS|TAMS 0x000000072cc00000| PB 0x000000072cc00000| Complete |  0
|  96|0x000000072ce00000, 0x000000072d000000, 0x000000072d000000|100%| E|CS|TAMS 0x000000072ce00000| PB 0x000000072ce00000| Complete |  0
|  97|0x000000072d000000, 0x000000072d200000, 0x000000072d200000|100%| E|CS|TAMS 0x000000072d000000| PB 0x000000072d000000| Complete |  0
|  98|0x000000072d200000, 0x000000072d400000, 0x000000072d400000|100%| E|CS|TAMS 0x000000072d200000| PB 0x000000072d200000| Complete |  0
|  99|0x000000072d400000, 0x000000072d600000, 0x000000072d600000|100%| E|CS|TAMS 0x000000072d400000| PB 0x000000072d400000| Complete |  0
| 100|0x000000072d600000, 0x000000072d800000, 0x000000072d800000|100%| E|CS|TAMS 0x000000072d600000| PB 0x000000072d600000| Complete |  0
| 101|0x000000072d800000, 0x000000072da00000, 0x000000072da00000|100%| E|CS|TAMS 0x000000072d800000| PB 0x000000072d800000| Complete |  0
| 102|0x000000072da00000, 0x000000072dc00000, 0x000000072dc00000|100%| E|CS|TAMS 0x000000072da00000| PB 0x000000072da00000| Complete |  0
| 103|0x000000072dc00000, 0x000000072de00000, 0x000000072de00000|100%| E|CS|TAMS 0x000000072dc00000| PB 0x000000072dc00000| Complete |  0
| 104|0x000000072de00000, 0x000000072e000000, 0x000000072e000000|100%| E|CS|TAMS 0x000000072de00000| PB 0x000000072de00000| Complete |  0
| 105|0x000000072e000000, 0x000000072e200000, 0x000000072e200000|100%| E|CS|TAMS 0x000000072e000000| PB 0x000000072e000000| Complete |  0
| 106|0x000000072e200000, 0x000000072e400000, 0x000000072e400000|100%| E|CS|TAMS 0x000000072e200000| PB 0x000000072e200000| Complete |  0
| 107|0x000000072e400000, 0x000000072e600000, 0x000000072e600000|100%| E|CS|TAMS 0x000000072e400000| PB 0x000000072e400000| Complete |  0
| 108|0x000000072e600000, 0x000000072e800000, 0x000000072e800000|100%| E|CS|TAMS 0x000000072e600000| PB 0x000000072e600000| Complete |  0
| 109|0x000000072e800000, 0x000000072ea00000, 0x000000072ea00000|100%| E|CS|TAMS 0x000000072e800000| PB 0x000000072e800000| Complete |  0
| 110|0x000000072ea00000, 0x000000072ec00000, 0x000000072ec00000|100%| E|CS|TAMS 0x000000072ea00000| PB 0x000000072ea00000| Complete |  0
| 111|0x000000072ec00000, 0x000000072ee00000, 0x000000072ee00000|100%| E|CS|TAMS 0x000000072ec00000| PB 0x000000072ec00000| Complete |  0

Card table byte_map: [0x00000213daf90000,0x00000213db690000] _byte_map_base: 0x00000213d7689000

Marking Bits: (CMBitMap*) 0x00000213c32590a0
 Bits: [0x00000213db690000, 0x00000213dee58000)

Polling page: 0x00000213c29d0000

Metaspace:

Usage:
  Non-class:     14.02 MB used.
      Class:      1.85 MB used.
       Both:     15.87 MB used.

Virtual space:
  Non-class space:       64.00 MB reserved,      14.19 MB ( 22%) committed,  1 nodes.
      Class space:        1.00 GB reserved,       1.94 MB ( <1%) committed,  1 nodes.
             Both:        1.06 GB reserved,      16.12 MB (  1%) committed. 

Chunk freelists:
   Non-Class:  1.59 MB
       Class:  13.89 MB
        Both:  15.48 MB

MaxMetaspaceSize: unlimited
CompressedClassSpaceSize: 1.00 GB
Initial GC threshold: 21.00 MB
Current GC threshold: 21.00 MB
CDS: on
 - commit_granule_bytes: 65536.
 - commit_granule_words: 8192.
 - virtual_space_node_default_size: 8388608.
 - enlarge_chunks_in_place: 1.
 - use_allocation_guard: 0.


Internal statistics:

num_allocs_failed_limit: 0.
num_arena_births: 180.
num_arena_deaths: 0.
num_vsnodes_births: 2.
num_vsnodes_deaths: 0.
num_space_committed: 258.
num_space_uncommitted: 0.
num_chunks_returned_to_freelist: 0.
num_chunks_taken_from_freelist: 726.
num_chunk_merges: 0.
num_chunk_splits: 495.
num_chunks_enlarged: 408.
num_inconsistent_stats: 0.

CodeHeap 'non-profiled nmethods': size=120000Kb used=2235Kb max_used=2235Kb free=117764Kb
 bounds [0x00000213d3020000, 0x00000213d3290000, 0x00000213da550000]
CodeHeap 'profiled nmethods': size=120000Kb used=9327Kb max_used=9327Kb free=110672Kb
 bounds [0x00000213cb550000, 0x00000213cbe70000, 0x00000213d2a80000]
CodeHeap 'non-nmethods': size=5760Kb used=1410Kb max_used=1476Kb free=4349Kb
 bounds [0x00000213d2a80000, 0x00000213d2cf0000, 0x00000213d3020000]
 total_blobs=5036 nmethods=4537 adapters=403
 compilation: enabled
              stopped_count=0, restarted_count=0
 full_count=0

Compilation events (20 events):
Event: 12.141 Thread 0x00000213e18b6e60 nmethod 4482 0x00000213cbe4f590 code [0x00000213cbe4f760, 0x00000213cbe4fb18]
Event: 12.141 Thread 0x00000213e18b6e60 4483       3       org.eclipse.aether.graph.DefaultDependencyNode::setRequestContext (15 bytes)
Event: 12.142 Thread 0x00000213e18b6e60 nmethod 4483 0x00000213cbe4fc10 code [0x00000213cbe4fda0, 0x00000213cbe4ff50]
Event: 12.152 Thread 0x00000213e18b63b0 nmethod 4480 0x00000213d324bb90 code [0x00000213d324bd80, 0x00000213d324c7b8]
Event: 12.163 Thread 0x00000213e18b6e60 4484       3       org.apache.maven.model.merge.ModelMerger::mergeDeploymentRepository (19 bytes)
Event: 12.164 Thread 0x00000213e18b6e60 nmethod 4484 0x00000213cbe50010 code [0x00000213cbe501e0, 0x00000213cbe50710]
Event: 12.164 Thread 0x00000213e18b6e60 4485       3       org.apache.maven.model.merge.ModelMerger::mergeRepository (28 bytes)
Event: 12.164 Thread 0x00000213e18b6e60 nmethod 4485 0x00000213cbe50890 code [0x00000213cbe50a60, 0x00000213cbe50df8]
Event: 12.165 Thread 0x00000213e18b63b0 4486   !   4       org.codehaus.plexus.interpolation.reflection.ReflectionValueExtractor::getPropertyValue (114 bytes)
Event: 12.177 Thread 0x00000213e18b6e60 4488       3       java.util.Collections$SingletonSet::iterator (8 bytes)
Event: 12.177 Thread 0x00000213e18b6e60 nmethod 4488 0x00000213cbe50f10 code [0x00000213cbe510c0, 0x00000213cbe513b0]
Event: 12.177 Thread 0x00000213e18b6e60 4489       3       java.util.Collections::singleton (9 bytes)
Event: 12.178 Thread 0x00000213e18b6e60 nmethod 4489 0x00000213cbe51510 code [0x00000213cbe516c0, 0x00000213cbe519e0]
Event: 12.178 Thread 0x00000213e18b6e60 4490       3       java.util.Collections$SingletonSet::<init> (10 bytes)
Event: 12.178 Thread 0x00000213e18b6e60 nmethod 4490 0x00000213cbe51b10 code [0x00000213cbe51cc0, 0x00000213cbe51f48]
Event: 12.178 Thread 0x00000213e18b6e60 4491       1       org.eclipse.aether.graph.DefaultDependencyNode::getDependency (5 bytes)
Event: 12.178 Thread 0x00000213e18b6e60 nmethod 4491 0x00000213d324cb90 code [0x00000213d324cd20, 0x00000213d324cdf0]
Event: 12.178 Thread 0x00000213e18b6e60 4492       1       org.eclipse.aether.graph.DefaultDependencyNode::getRelocations (5 bytes)
Event: 12.178 Thread 0x00000213e18b6e60 nmethod 4492 0x00000213d324ce90 code [0x00000213d324d020, 0x00000213d324d0f0]
Event: 12.178 Thread 0x00000213e18b6e60 4494       3       org.eclipse.aether.util.graph.transformer.ConflictMarker::analyze (356 bytes)

GC Heap History (4 events):
Event: 1.768 GC heap before
{Heap before GC invocations=0 (full 0):
 garbage-first heap   total reserved 3655680K, committed 229376K, used 22528K [0x0000000720e00000, 0x0000000800000000)
  region size 2048K, 12 young (24576K), 0 survivors (0K)
 Metaspace       used 5176K, committed 5376K, reserved 1114112K
  class space    used 608K, committed 704K, reserved 1048576K
}
Event: 1.777 GC heap after
{Heap after GC invocations=1 (full 0):
 garbage-first heap   total reserved 3655680K, committed 229376K, used 3658K [0x0000000720e00000, 0x0000000800000000)
  region size 2048K, 2 young (4096K), 2 survivors (4096K)
 Metaspace       used 5176K, committed 5376K, reserved 1114112K
  class space    used 608K, committed 704K, reserved 1048576K
}
Event: 4.863 GC heap before
{Heap before GC invocations=1 (full 0):
 garbage-first heap   total reserved 3655680K, committed 229376K, used 42570K [0x0000000720e00000, 0x0000000800000000)
  region size 2048K, 21 young (43008K), 2 survivors (4096K)
 Metaspace       used 10366K, committed 10560K, reserved 1114112K
  class space    used 1270K, committed 1344K, reserved 1048576K
}
Event: 4.881 GC heap after
{Heap after GC invocations=2 (full 0):
 garbage-first heap   total reserved 3655680K, committed 229376K, used 5899K [0x0000000720e00000, 0x0000000800000000)
  region size 2048K, 2 young (4096K), 2 survivors (4096K)
 Metaspace       used 10366K, committed 10560K, reserved 1114112K
  class space    used 1270K, committed 1344K, reserved 1048576K
}

Dll operation events (8 events):
Event: 0.042 Loaded shared library C:\Program Files\Java\jdk-22\bin\java.dll
Event: 0.155 Loaded shared library C:\Program Files\Java\jdk-22\bin\jsvml.dll
Event: 0.209 Loaded shared library C:\Program Files\Java\jdk-22\bin\net.dll
Event: 0.215 Loaded shared library C:\Program Files\Java\jdk-22\bin\nio.dll
Event: 0.225 Loaded shared library C:\Program Files\Java\jdk-22\bin\zip.dll
Event: 0.626 Loaded shared library C:\Program Files\Java\jdk-22\bin\jimage.dll
Event: 0.630 Loaded shared library C:\Program Files\apache-maven-3.9.9\lib\jansi-native\Windows\x86_64\jansi.dll
Event: 0.681 Loaded shared library C:\Program Files\Java\jdk-22\bin\verify.dll

Deoptimization events (20 events):
Event: 11.709 Thread 0x00000213c10d0210 Uncommon trap: trap_request=0xffffffd6 fr.pc=0x00000213d323fee0 relative=0x00000000000004a0
Event: 11.709 Thread 0x00000213c10d0210 Uncommon trap: reason=array_check action=maybe_recompile pc=0x00000213d323fee0 method=java.util.HashMap.keysToArray([Ljava/lang/Object;)[Ljava/lang/Object; @ 62 c2
Event: 11.709 Thread 0x00000213c10d0210 DEOPT PACKING pc=0x00000213d323fee0 sp=0x000000ec249fccf0
Event: 11.709 Thread 0x00000213c10d0210 DEOPT UNPACKING pc=0x00000213d2ad46a2 sp=0x000000ec249fcc88 mode 2
Event: 11.709 Thread 0x00000213c10d0210 Uncommon trap: trap_request=0xffffffd6 fr.pc=0x00000213d323fee0 relative=0x00000000000004a0
Event: 11.709 Thread 0x00000213c10d0210 Uncommon trap: reason=array_check action=maybe_recompile pc=0x00000213d323fee0 method=java.util.HashMap.keysToArray([Ljava/lang/Object;)[Ljava/lang/Object; @ 62 c2
Event: 11.709 Thread 0x00000213c10d0210 DEOPT PACKING pc=0x00000213d323fee0 sp=0x000000ec249fcc10
Event: 11.709 Thread 0x00000213c10d0210 DEOPT UNPACKING pc=0x00000213d2ad46a2 sp=0x000000ec249fcba8 mode 2
Event: 12.013 Thread 0x00000213c10d0210 Uncommon trap: trap_request=0xffffff45 fr.pc=0x00000213d3243b48 relative=0x00000000000003c8
Event: 12.013 Thread 0x00000213c10d0210 Uncommon trap: reason=unstable_if action=reinterpret pc=0x00000213d3243b48 method=org.apache.maven.model.merge.ModelMerger.mergeConfigurationContainer_Configuration(Lorg/apache/maven/model/ConfigurationContainer;Lorg/apache/maven/model/ConfigurationContai
Event: 12.013 Thread 0x00000213c10d0210 DEOPT PACKING pc=0x00000213d3243b48 sp=0x000000ec249fcf60
Event: 12.013 Thread 0x00000213c10d0210 DEOPT UNPACKING pc=0x00000213d2ad46a2 sp=0x000000ec249fce88 mode 2
Event: 12.013 Thread 0x00000213c10d0210 Uncommon trap: trap_request=0xffffff45 fr.pc=0x00000213d32444b4 relative=0x0000000000000254
Event: 12.013 Thread 0x00000213c10d0210 Uncommon trap: reason=unstable_if action=reinterpret pc=0x00000213d32444b4 method=org.apache.maven.model.merge.ModelMerger.mergeConfigurationContainer_Configuration(Lorg/apache/maven/model/ConfigurationContainer;Lorg/apache/maven/model/ConfigurationContai
Event: 12.013 Thread 0x00000213c10d0210 DEOPT PACKING pc=0x00000213d32444b4 sp=0x000000ec249fcec0
Event: 12.013 Thread 0x00000213c10d0210 DEOPT UNPACKING pc=0x00000213d2ad46a2 sp=0x000000ec249fce80 mode 2
Event: 12.028 Thread 0x00000213c10d0210 Uncommon trap: trap_request=0xffffff6e fr.pc=0x00000213d3248efc relative=0x000000000000015c
Event: 12.028 Thread 0x00000213c10d0210 Uncommon trap: reason=loop_limit_check action=maybe_recompile pc=0x00000213d3248efc method=java.util.regex.Pattern$Start.match(Ljava/util/regex/Matcher;ILjava/lang/CharSequence;)Z @ 34 c2
Event: 12.028 Thread 0x00000213c10d0210 DEOPT PACKING pc=0x00000213d3248efc sp=0x000000ec249fca00
Event: 12.028 Thread 0x00000213c10d0210 DEOPT UNPACKING pc=0x00000213d2ad46a2 sp=0x000000ec249fc990 mode 2

Classes loaded (20 events):
Event: 7.182 Loading class sun/util/resources/LocaleData$LocaleDataResourceBundleProvider done
Event: 7.182 Loading class sun/util/resources/LocaleData$CommonResourceBundleProvider done
Event: 7.183 Loading class sun/util/resources/Bundles$2
Event: 7.184 Loading class sun/util/resources/Bundles$2 done
Event: 7.285 Loading class java/util/StringTokenizer
Event: 7.285 Loading class java/util/StringTokenizer done
Event: 7.472 Loading class java/util/stream/Streams$RangeIntSpliterator
Event: 7.473 Loading class java/util/stream/Streams$RangeIntSpliterator done
Event: 8.840 Loading class java/util/stream/MatchOps$MatchKind
Event: 8.841 Loading class java/util/stream/MatchOps$MatchKind done
Event: 8.841 Loading class java/util/stream/MatchOps
Event: 8.841 Loading class java/util/stream/MatchOps done
Event: 8.841 Loading class java/util/stream/MatchOps$MatchOp
Event: 8.842 Loading class java/util/stream/MatchOps$MatchOp done
Event: 8.842 Loading class java/util/stream/MatchOps$BooleanTerminalSink
Event: 8.842 Loading class java/util/stream/MatchOps$BooleanTerminalSink done
Event: 8.843 Loading class java/util/stream/MatchOps$1MatchSink
Event: 8.843 Loading class java/util/stream/MatchOps$1MatchSink done
Event: 11.586 Loading class sun/nio/cs/ISO_8859_1$Decoder
Event: 11.587 Loading class sun/nio/cs/ISO_8859_1$Decoder done

Classes unloaded (0 events):
No events

Classes redefined (0 events):
No events

Internal exceptions (20 events):
Event: 4.993 Thread 0x00000213c10d0210 Exception <a 'java/lang/NoSuchMethodError'{0x000000072ed89950}: 'long java.lang.invoke.DirectMethodHandle$Holder.invokeStatic(java.lang.Object, java.lang.Object, int)'> (0x000000072ed89950) 
thrown [s\open\src\hotspot\share\interpreter\linkResolver.cpp, line 774]
Event: 4.998 Thread 0x00000213c10d0210 Exception <a 'java/lang/NoSuchMethodError'{0x000000072ed9ce68}: 'java.lang.Object java.lang.invoke.DirectMethodHandle$Holder.invokeStatic(java.lang.Object, java.lang.Object, java.lang.Object, java.lang.Object, int)'> (0x000000072ed9ce68) 
thrown [s\open\src\hotspot\share\interpreter\linkResolver.cpp, line 774]
Event: 5.000 Thread 0x00000213c10d0210 Exception <a 'java/lang/NoSuchMethodError'{0x000000072eda5020}: 'java.lang.Object java.lang.invoke.DirectMethodHandle$Holder.invokeSpecial(java.lang.Object, java.lang.Object, java.lang.Object, java.lang.Object, long)'> (0x000000072eda5020) 
thrown [s\open\src\hotspot\share\interpreter\linkResolver.cpp, line 774]
Event: 5.002 Thread 0x00000213c10d0210 Exception <a 'java/lang/NoSuchMethodError'{0x000000072edb0df0}: 'java.lang.Object java.lang.invoke.DirectMethodHandle$Holder.invokeSpecial(java.lang.Object, java.lang.Object, java.lang.Object, int, java.lang.Object)'> (0x000000072edb0df0) 
thrown [s\open\src\hotspot\share\interpreter\linkResolver.cpp, line 774]
Event: 5.005 Thread 0x00000213c10d0210 Exception <a 'java/lang/NoSuchMethodError'{0x000000072edb9120}: 'int java.lang.invoke.DirectMethodHandle$Holder.invokeSpecial(java.lang.Object, java.lang.Object, java.lang.Object, int)'> (0x000000072edb9120) 
thrown [s\open\src\hotspot\share\interpreter\linkResolver.cpp, line 774]
Event: 5.016 Thread 0x00000213c10d0210 Implicit null exception at 0x00000213d30b143a to 0x00000213d30b1634
Event: 5.019 Thread 0x00000213c10d0210 Exception <a 'java/lang/NoSuchMethodError'{0x000000072edddde0}: 'java.lang.Object java.lang.invoke.Invokers$Holder.invokeExact_MT(java.lang.Object, int, java.lang.Object)'> (0x000000072edddde0) 
thrown [s\open\src\hotspot\share\interpreter\linkResolver.cpp, line 774]
Event: 5.874 Thread 0x00000213c10d0210 Exception <a 'java/lang/NoSuchMethodError'{0x000000072e5fe910}: 'void java.lang.invoke.Invokers$Holder.invokeExact_MT(java.lang.Object, java.lang.Object, java.lang.Object, java.lang.Object)'> (0x000000072e5fe910) 
thrown [s\open\src\hotspot\share\interpreter\linkResolver.cpp, line 774]
Event: 5.923 Thread 0x00000213c10d0210 Exception <a 'java/lang/NoClassDefFoundError'{0x000000072e28eeb8}: com/google/inject/servlet/ServletModuleTargetVisitor> (0x000000072e28eeb8) 
thrown [s\open\src\hotspot\share\classfile\systemDictionary.cpp, line 302]
Event: 6.272 Thread 0x00000213c10d0210 Exception <a 'java/lang/NoSuchMethodError'{0x000000072e04c8d8}: 'void java.lang.invoke.DirectMethodHandle$Holder.invokeVirtual(java.lang.Object, java.lang.Object)'> (0x000000072e04c8d8) 
thrown [s\open\src\hotspot\share\interpreter\linkResolver.cpp, line 774]
Event: 6.423 Thread 0x00000213c10d0210 Exception <a 'java/lang/NoSuchMethodError'{0x000000072e0cc440}: 'java.lang.Object java.lang.invoke.DirectMethodHandle$Holder.invokeStaticInit(java.lang.Object, int, int, int, int)'> (0x000000072e0cc440) 
thrown [s\open\src\hotspot\share\interpreter\linkResolver.cpp, line 774]
Event: 6.896 Thread 0x00000213c10d0210 Implicit null exception at 0x00000213d305c5a4 to 0x00000213d305cc0c
Event: 6.896 Thread 0x00000213c10d0210 Implicit null exception at 0x00000213d304a4a0 to 0x00000213d304aaf0
Event: 7.010 Thread 0x00000213c10d0210 Exception <a 'java/lang/NoSuchMethodError'{0x000000072da77980}: 'void java.lang.invoke.DirectMethodHandle$Holder.invokeSpecial(java.lang.Object, java.lang.Object, java.lang.Object, java.lang.Object, java.lang.Object)'> (0x000000072da77980) 
thrown [s\open\src\hotspot\share\interpreter\linkResolver.cpp, line 774]
Event: 7.021 Thread 0x00000213c10d0210 Exception <a 'java/lang/NoSuchMethodError'{0x000000072da8df90}: 'void java.lang.invoke.DirectMethodHandle$Holder.invokeSpecial(java.lang.Object, java.lang.Object, java.lang.Object, java.lang.Object, java.lang.Object, java.lang.Object)'> (0x000000072da8df90) 
thrown [s\open\src\hotspot\share\interpreter\linkResolver.cpp, line 774]
Event: 7.082 Thread 0x00000213c10d0210 Exception <a 'java/lang/NoSuchMethodError'{0x000000072db8edd0}: 'java.lang.Object java.lang.invoke.DirectMethodHandle$Holder.invokeVirtual(java.lang.Object, java.lang.Object, java.lang.Object)'> (0x000000072db8edd0) 
thrown [s\open\src\hotspot\share\interpreter\linkResolver.cpp, line 774]
Event: 7.310 Thread 0x00000213c10d0210 Exception <a 'java/lang/NoSuchMethodError'{0x000000072d96ae68}: 'void java.lang.invoke.DirectMethodHandle$Holder.invokeVirtual(java.lang.Object, java.lang.Object, int)'> (0x000000072d96ae68) 
thrown [s\open\src\hotspot\share\interpreter\linkResolver.cpp, line 774]
Event: 7.312 Thread 0x00000213c10d0210 Exception <a 'java/lang/NoSuchMethodError'{0x000000072d96ec68}: 'void java.lang.invoke.DirectMethodHandle$Holder.invokeSpecial(java.lang.Object, java.lang.Object, java.lang.Object, int)'> (0x000000072d96ec68) 
thrown [s\open\src\hotspot\share\interpreter\linkResolver.cpp, line 774]
Event: 7.313 Thread 0x00000213c10d0210 Exception <a 'java/lang/NoSuchMethodError'{0x000000072d972338}: 'void java.lang.invoke.DelegatingMethodHandle$Holder.reinvoke_L(java.lang.Object, java.lang.Object, int)'> (0x000000072d972338) 
thrown [s\open\src\hotspot\share\interpreter\linkResolver.cpp, line 774]
Event: 9.478 Thread 0x00000213c10d0210 Exception <a 'java/lang/NoSuchMethodError'{0x000000072b473fb8}: 'int java.lang.invoke.DirectMethodHandle$Holder.invokeSpecialIFC(java.lang.Object, java.lang.Object, java.lang.Object, java.lang.Object)'> (0x000000072b473fb8) 
thrown [s\open\src\hotspot\share\interpreter\linkResolver.cpp, line 774]

ZGC Phase Switch (0 events):
No events

VM Operations (20 events):
Event: 6.474 Executing VM operation: HandshakeAllThreads (Deoptimize)
Event: 6.474 Executing VM operation: HandshakeAllThreads (Deoptimize) done
Event: 6.584 Executing VM operation: HandshakeAllThreads (Deoptimize)
Event: 6.584 Executing VM operation: HandshakeAllThreads (Deoptimize) done
Event: 6.680 Executing VM operation: HandshakeAllThreads (Deoptimize)
Event: 6.681 Executing VM operation: HandshakeAllThreads (Deoptimize) done
Event: 6.782 Executing VM operation: HandshakeAllThreads (Deoptimize)
Event: 6.782 Executing VM operation: HandshakeAllThreads (Deoptimize) done
Event: 7.169 Executing VM operation: ICBufferFull
Event: 7.169 Executing VM operation: ICBufferFull done
Event: 8.184 Executing VM operation: Cleanup
Event: 8.185 Executing VM operation: Cleanup done
Event: 9.195 Executing VM operation: Cleanup
Event: 9.195 Executing VM operation: Cleanup done
Event: 10.202 Executing VM operation: Cleanup
Event: 10.203 Executing VM operation: Cleanup done
Event: 11.149 Executing VM operation: ICBufferFull
Event: 11.149 Executing VM operation: ICBufferFull done
Event: 12.156 Executing VM operation: Cleanup
Event: 12.156 Executing VM operation: Cleanup done

Events (20 events):
Event: 0.150 Thread 0x00000213e18b63b0 Thread added: 0x00000213e18b63b0
Event: 0.150 Thread 0x00000213e18b6e60 Thread added: 0x00000213e18b6e60
Event: 0.195 Thread 0x00000213e1b2a450 Thread added: 0x00000213e1b2a450
Event: 0.201 Thread 0x00000213e1b341b0 Thread added: 0x00000213e1b341b0
Event: 0.619 Thread 0x00000213e1c787f0 Thread added: 0x00000213e1c787f0
Event: 0.951 Thread 0x00000213e1c787f0 Thread exited: 0x00000213e1c787f0
Event: 1.176 Thread 0x000002142718def0 Thread added: 0x000002142718def0
Event: 1.671 Thread 0x000002142718def0 Thread exited: 0x000002142718def0
Event: 1.886 Thread 0x0000021427783d60 Thread added: 0x0000021427783d60
Event: 1.919 Thread 0x0000021427886de0 Thread added: 0x0000021427886de0
Event: 2.445 Thread 0x0000021427886de0 Thread exited: 0x0000021427886de0
Event: 3.340 Thread 0x0000021427783d60 Thread exited: 0x0000021427783d60
Event: 5.287 Thread 0x0000021427d43030 Thread added: 0x0000021427d43030
Event: 6.478 Thread 0x0000021427d43030 Thread exited: 0x0000021427d43030
Event: 6.676 Thread 0x000002142769e3c0 Thread added: 0x000002142769e3c0
Event: 6.905 Thread 0x000002142769f660 Thread added: 0x000002142769f660
Event: 8.265 Thread 0x000002142769f660 Thread exited: 0x000002142769f660
Event: 9.240 Thread 0x0000021427594170 Thread added: 0x0000021427594170
Event: 9.300 Thread 0x00000214272ca460 Thread added: 0x00000214272ca460
Event: 11.471 Thread 0x00000214272ca460 Thread exited: 0x00000214272ca460


Dynamic libraries:
0x00007ff777490000 - 0x00007ff7774a0000 	C:\Program Files\Java\jdk-22\bin\java.exe
0x00007ff9ee500000 - 0x00007ff9ee709000 	C:\WINDOWS\SYSTEM32\ntdll.dll
0x00007ff9ed280000 - 0x00007ff9ed33d000 	C:\WINDOWS\System32\KERNEL32.DLL
0x00007ff9ebd20000 - 0x00007ff9ec0a4000 	C:\WINDOWS\System32\KERNELBASE.dll
0x00007ff9ebc00000 - 0x00007ff9ebd11000 	C:\WINDOWS\System32\ucrtbase.dll
0x00007ff9db8c0000 - 0x00007ff9db8db000 	C:\Program Files\Java\jdk-22\bin\VCRUNTIME140.dll
0x00007ff9d6b30000 - 0x00007ff9d6b47000 	C:\Program Files\Java\jdk-22\bin\jli.dll
0x00007ff9ecc70000 - 0x00007ff9ecd1e000 	C:\WINDOWS\System32\ADVAPI32.dll
0x00007ff9ed8f0000 - 0x00007ff9ed993000 	C:\WINDOWS\System32\msvcrt.dll
0x00007ff9ed560000 - 0x00007ff9ed5fe000 	C:\WINDOWS\System32\sechost.dll
0x00007ff9ee230000 - 0x00007ff9ee351000 	C:\WINDOWS\System32\RPCRT4.dll
0x00007ff9eda20000 - 0x00007ff9edbcd000 	C:\WINDOWS\System32\USER32.dll
0x00007ff9ebab0000 - 0x00007ff9ebad6000 	C:\WINDOWS\System32\win32u.dll
0x00007ff9eab90000 - 0x00007ff9eae35000 	C:\WINDOWS\WinSxS\amd64_microsoft.windows.common-controls_6595b64144ccf1df_6.0.22000.120_none_9d947278b86cc467\COMCTL32.dll
0x00007ff9ecc40000 - 0x00007ff9ecc6a000 	C:\WINDOWS\System32\GDI32.dll
0x00007ff9eb990000 - 0x00007ff9ebaae000 	C:\WINDOWS\System32\gdi32full.dll
0x00007ff9ebb60000 - 0x00007ff9ebbfd000 	C:\WINDOWS\System32\msvcp_win.dll
0x00007ff9e4970000 - 0x00007ff9e497a000 	C:\WINDOWS\SYSTEM32\VERSION.dll
0x00007ff9ee1f0000 - 0x00007ff9ee221000 	C:\WINDOWS\System32\IMM32.DLL
0x00007ff9d7550000 - 0x00007ff9d755c000 	C:\Program Files\Java\jdk-22\bin\vcruntime140_1.dll
0x00007ff9be960000 - 0x00007ff9be9ee000 	C:\Program Files\Java\jdk-22\bin\msvcp140.dll
0x00007ff957c20000 - 0x00007ff958968000 	C:\Program Files\Java\jdk-22\bin\server\jvm.dll
0x00007ff9ee360000 - 0x00007ff9ee3cf000 	C:\WINDOWS\System32\WS2_32.dll
0x00007ff9eb860000 - 0x00007ff9eb8ad000 	C:\WINDOWS\SYSTEM32\POWRPROF.dll
0x00007ff9e5ec0000 - 0x00007ff9e5ef3000 	C:\WINDOWS\SYSTEM32\WINMM.dll
0x00007ff9eb840000 - 0x00007ff9eb853000 	C:\WINDOWS\SYSTEM32\UMPDC.dll
0x00007ff9ea350000 - 0x00007ff9ea368000 	C:\WINDOWS\SYSTEM32\kernel.appcore.dll
0x00007ff9d56f0000 - 0x00007ff9d56fa000 	C:\Program Files\Java\jdk-22\bin\jimage.dll
0x00007ff9eb230000 - 0x00007ff9eb451000 	C:\WINDOWS\SYSTEM32\DBGHELP.DLL
0x00007ff9eb100000 - 0x00007ff9eb131000 	C:\WINDOWS\SYSTEM32\dbgcore.DLL
0x00007ff9ebae0000 - 0x00007ff9ebb5f000 	C:\WINDOWS\System32\bcryptPrimitives.dll
0x00007ff9d5690000 - 0x00007ff9d56ae000 	C:\Program Files\Java\jdk-22\bin\java.dll
0x00007ff9ec440000 - 0x00007ff9ecc05000 	C:\WINDOWS\System32\SHELL32.dll
0x00007ff9ed340000 - 0x00007ff9ed4da000 	C:\WINDOWS\System32\ole32.dll
0x00007ff9edc40000 - 0x00007ff9edfb6000 	C:\WINDOWS\System32\combase.dll
0x00007ff9e8c80000 - 0x00007ff9e94e2000 	C:\WINDOWS\SYSTEM32\windows.storage.dll
0x00007ff9e8b10000 - 0x00007ff9e8c77000 	C:\WINDOWS\SYSTEM32\wintypes.dll
0x00007ff9edfc0000 - 0x00007ff9ee0aa000 	C:\WINDOWS\System32\SHCORE.dll
0x00007ff9ee460000 - 0x00007ff9ee4bd000 	C:\WINDOWS\System32\shlwapi.dll
0x00007ff9eb8c0000 - 0x00007ff9eb8e5000 	C:\WINDOWS\SYSTEM32\profapi.dll
0x00007ff9bb430000 - 0x00007ff9bb507000 	C:\Program Files\Java\jdk-22\bin\jsvml.dll
0x00007ff9d56e0000 - 0x00007ff9d56f0000 	C:\Program Files\Java\jdk-22\bin\net.dll
0x00007ff9ea7c0000 - 0x00007ff9ea827000 	C:\WINDOWS\system32\mswsock.dll
0x00007ff9d5670000 - 0x00007ff9d5686000 	C:\Program Files\Java\jdk-22\bin\nio.dll
0x00007ff9d5650000 - 0x00007ff9d5667000 	C:\Program Files\Java\jdk-22\bin\zip.dll
0x00007ff9c8f70000 - 0x00007ff9c8f94000 	C:\Program Files\apache-maven-3.9.9\lib\jansi-native\Windows\x86_64\jansi.dll
0x00007ff9d5640000 - 0x00007ff9d5650000 	C:\Program Files\Java\jdk-22\bin\verify.dll

dbghelp: loaded successfully - version: 4.0.5 - missing functions: none
symbol engine: initialized successfully - sym options: 0x614 - pdb path: .;C:\Program Files\Java\jdk-22\bin;C:\WINDOWS\SYSTEM32;C:\WINDOWS\WinSxS\amd64_microsoft.windows.common-controls_6595b64144ccf1df_6.0.22000.120_none_9d947278b86cc467;C:\Program Files\Java\jdk-22\bin\server;C:\Program Files\apache-maven-3.9.9\lib\jansi-native\Windows\x86_64

VM Arguments:
jvm_args: -Dclassworlds.conf=C:\Program Files\apache-maven-3.9.9\bin\m2.conf -Dmaven.home=C:\Program Files\apache-maven-3.9.9 -Dlibrary.jansi.path=C:\Program Files\apache-maven-3.9.9\lib\jansi-native -Dmaven.multiModuleProjectDirectory=C:\Users\zeine\OneDrive\Bureau\projet-spring\back_projet_covoiturage 
java_command: org.codehaus.plexus.classworlds.launcher.Launcher clean install
java_class_path (initial): C:\Program Files\apache-maven-3.9.9\boot\plexus-classworlds-2.8.0.jar
Launcher Type: SUN_STANDARD

[Global flags]
     intx CICompilerCount                          = 4                                         {product} {ergonomic}
     uint ConcGCThreads                            = 2                                         {product} {ergonomic}
     uint G1ConcRefinementThreads                  = 8                                         {product} {ergonomic}
   size_t G1HeapRegionSize                         = 2097152                                   {product} {ergonomic}
   size_t InitialHeapSize                          = 234881024                                 {product} {ergonomic}
   size_t MarkStackSize                            = 4194304                                   {product} {ergonomic}
   size_t MaxHeapSize                              = 3743416320                                {product} {ergonomic}
   size_t MaxNewSize                               = 2246049792                                {product} {ergonomic}
   size_t MinHeapDeltaBytes                        = 2097152                                   {product} {ergonomic}
   size_t MinHeapSize                              = 8388608                                   {product} {ergonomic}
    uintx NonNMethodCodeHeapSize                   = 5839372                                {pd product} {ergonomic}
    uintx NonProfiledCodeHeapSize                  = 122909434                              {pd product} {ergonomic}
    uintx ProfiledCodeHeapSize                     = 122909434                              {pd product} {ergonomic}
    uintx ReservedCodeCacheSize                    = 251658240                              {pd product} {ergonomic}
     bool SegmentedCodeCache                       = true                                      {product} {ergonomic}
   size_t SoftMaxHeapSize                          = 3743416320                             {manageable} {ergonomic}
     bool UseCompressedOops                        = true                           {product lp64_product} {ergonomic}
     bool UseG1GC                                  = true                                      {product} {ergonomic}
     bool UseLargePagesIndividualAllocation        = false                                  {pd product} {ergonomic}

Logging:
Log output configuration:
 #0: stdout all=warning uptime,level,tags foldmultilines=false
 #1: stderr all=off uptime,level,tags foldmultilines=false

Environment Variables:
JAVA_HOME=C:\Program Files\Java\jdk-22
PATH=C:\Python311\Scripts\;C:\Python311\;C:\Program Files\Common Files\Oracle\Java\javapath;C:\Program Files\Python310\Scripts\;C:\Program Files\Python310\;C:\Python310\Scripts\;C:\Python310\;C:\Windows\system32;C:\Windows;C:\Windows\System32\Wbem;C:\Windows\System32\WindowsPowerShell\v1.0\;C:\Windows\System32\OpenSSH\;C:\Program Files (x86)\NVIDIA Corporation\PhysX\Common;C:\Program Files\NVIDIA Corporation\NVIDIA NvDLISR;C:\Program Files\Java\jdk-14.0.2\bin;C:\Program Files\Git\cmd;C:\ProgramData\chocolatey\bin;C:\WINDOWS\system32;C:\WINDOWS;C:\WINDOWS\System32\Wbem;C:\WINDOWS\System32\WindowsPowerShell\v1.0\;C:\WINDOWS\System32\OpenSSH\;C:\Program Files\Docker\Docker\resources\bin;C:\ProgramData\DockerDesktop\version-bin;C:\Program Files\Microsoft SQL Server\130\Tools\Binn\;C:\Program Files\Microsoft SQL Server\Client SDK\ODBC\170\Tools\Binn\;C:\Program Files (x86)\dotnet\;C:\Program Files\dotnet\;C:\Program Files\MySQL\MySQL Server 8.0\bin;C:\Program Files\apache-maven-3.9.9\bin;C:\Program Files\apache-maven-3.9.9;C:\Program Files\nodejs\;C:\Program Files\MySQL\MySQL Shell 8.0\bin\;C:\Users\zeine\AppData\Local\Programs\Python\Python310\Scripts\;C:\Users\zeine\AppData\Local\Programs\Python\Python310\;C:\Users\zeine\AppData\Local\Microsoft\WindowsApps;C:\Users\zeine\AppData\Local\Programs\Microsoft VS Code\bin;C:\flutter\flutter\bin;C:\Program Files\Java\jdk-19\bin;C:\kotlin-master\compiler\cli\bin;C:\dart-sdk\bin;C:\Users\zeine\.dotnet\tools;C:\gradle-8.7\bin;C:\Program Files\Java\jdk-22\bin;;C:\Program Files\JetBrains\IntelliJ IDEA 2024.3.1.1\bin;;C:\Users\zeine\AppData\Roaming\npm
USERNAME=zeine
OS=Windows_NT
PROCESSOR_IDENTIFIER=AMD64 Family 23 Model 24 Stepping 1, AuthenticAMD
TMP=C:\Users\zeine\AppData\Local\Temp
TEMP=C:\Users\zeine\AppData\Local\Temp




Periodic native trim disabled

---------------  S Y S T E M  ---------------

OS:
 Windows 11 , 64 bit Build 22000 (10.0.22000.2538)
OS uptime: 1 days 13:44 hours
Hyper-V role detected

CPU: total 8 (initial active 8) (8 cores per cpu, 2 threads per core) family 23 model 24 stepping 1 microcode 0x0, cx8, cmov, fxsr, ht, mmx, 3dnowpref, sse, sse2, sse3, ssse3, sse4a, sse4.1, sse4.2, popcnt, lzcnt, tsc, tscinvbit, avx, avx2, aes, clmul, bmi1, bmi2, adx, sha, fma, vzeroupper, clflush, clflushopt, hv, rdtscp, f16c
Processor Information for all 8 processors :
  Max Mhz: 2100, Current Mhz: 2100, Mhz Limit: 2100

Memory: 4k page, system-wide physical 14272M (588M free)
TotalPageFile size 57280M (AvailPageFile size 1M)
current process WorkingSet (physical memory assigned to process): 204M, peak: 204M
current process commit charge ("private bytes"): 359M, peak: 362M

vm_info: Java HotSpot(TM) 64-Bit Server VM (22+36-2370) for windows-amd64 JRE (22+36-2370), built on 2024-02-15T22:15:19Z by "mach5one" with MS VC++ 17.6 (VS2022)

END.
