#
# There is insufficient memory for the Java Runtime Environment to continue.
# Native memory allocation (mmap) failed to map 65536 bytes. Error detail: Failed to commit metaspace.
# Possible reasons:
#   The system is out of physical RAM or swap space
#   This process is running with CompressedOops enabled, and the Java Heap may be blocking the growth of the native heap
# Possible solutions:
#   Reduce memory load on the system
#   Increase physical memory or swap space
#   Check if swap backing store is full
#   Decrease Java heap size (-Xmx/-Xms)
#   Decrease number of Java threads
#   Decrease Java thread stack sizes (-Xss)
#   Set larger code cache with -XX:ReservedCodeCacheSize=
#   JVM is running with Zero Based Compressed Oops mode in which the Java heap is
#     placed in the first 32GB address space. The Java Heap base address is the
#     maximum limit for the native heap growth. Please use -XX:HeapBaseMinAddress
#     to set the Java Heap base and to place the Java Heap above 32GB virtual address.
# This output file may be truncated or incomplete.
#
#  Out of Memory Error (virtualSpaceNode.cpp:112), pid=134592, tid=133468
#
# JRE version: Java(TM) SE Runtime Environment (22.0+36) (build 22+36-2370)
# Java VM: Java HotSpot(TM) 64-Bit Server VM (22+36-2370, mixed mode, sharing, tiered, compressed oops, compressed class ptrs, g1 gc, windows-amd64)
# No core dump will be written. Minidumps are not enabled by default on client versions of Windows
#

---------------  S U M M A R Y ------------

Command Line: -Dclassworlds.conf=C:\Program Files\apache-maven-3.9.9\bin\m2.conf -Dmaven.home=C:\Program Files\apache-maven-3.9.9 -Dlibrary.jansi.path=C:\Program Files\apache-maven-3.9.9\lib\jansi-native -Dmaven.multiModuleProjectDirectory=C:\Users\zeine\OneDrive\Bureau\projet-spring\back_projet_covoiturage org.codehaus.plexus.classworlds.launcher.Launcher clean install

Host: AMD Ryzen 5 3550H with Radeon Vega Mobile Gfx  , 8 cores, 13G,  Windows 11 , 64 bit Build 22000 (10.0.22000.2538)
Time: Sun Jan 12 06:07:21 2025 Afr. centrale Ouest elapsed time: 3.215865 seconds (0d 0h 0m 3s)

---------------  T H R E A D  ---------------

Current thread (0x0000019ff6cdf940):  JavaThread "main"             [_thread_in_vm, id=133468, stack(0x0000000ccc300000,0x0000000ccc400000) (1024K)]

Stack: [0x0000000ccc300000,0x0000000ccc400000]
Native frames: (J=compiled Java code, j=interpreted, Vv=VM code, C=native code)
V  [jvm.dll+0x6e2349]  (no source info available)
V  [jvm.dll+0x874ed3]  (no source info available)
V  [jvm.dll+0x8772fe]  (no source info available)
V  [jvm.dll+0x8779d3]  (no source info available)
V  [jvm.dll+0x27fcb6]  (no source info available)
V  [jvm.dll+0x870b1e]  (no source info available)
V  [jvm.dll+0x6853b5]  (no source info available)
V  [jvm.dll+0x1e3e9c]  (no source info available)
V  [jvm.dll+0x1e3c6e]  (no source info available)
V  [jvm.dll+0x687d08]  (no source info available)
V  [jvm.dll+0x22509c]  (no source info available)
V  [jvm.dll+0x685dce]  (no source info available)
V  [jvm.dll+0x690068]  (no source info available)
V  [jvm.dll+0x2152f1]  (no source info available)
V  [jvm.dll+0x21577a]  (no source info available)
V  [jvm.dll+0x2161a1]  (no source info available)
V  [jvm.dll+0x20b4de]  (no source info available)
V  [jvm.dll+0x5c471f]  (no source info available)
V  [jvm.dll+0x7ec136]  (no source info available)
V  [jvm.dll+0x47cb26]  (no source info available)
V  [jvm.dll+0x4829d8]  (no source info available)
C  [java.dll+0x17e4]  (no source info available)
C  0x0000019f8fd99c8c  (no source info available)

The last pc belongs to native nmethod (printed below).
Java frames: (J=compiled Java code, j=interpreted, Vv=VM code)
J 960  java.lang.ClassLoader.defineClass1(Ljava/lang/ClassLoader;Ljava/lang/String;[BIILjava/security/ProtectionDomain;Ljava/lang/String;)Ljava/lang/Class; java.base@22 (0 bytes) @ 0x0000019f8fd99bf1 [0x0000019f8fd99b20+0x00000000000000d1]
J 962 c1 java.lang.ClassLoader.defineClass(Ljava/lang/String;[BIILjava/security/ProtectionDomain;)Ljava/lang/Class; java.base@22 (43 bytes) @ 0x0000019f884453fc [0x0000019f884450a0+0x000000000000035c]
J 899 c1 java.security.SecureClassLoader.defineClass(Ljava/lang/String;[BIILjava/security/CodeSource;)Ljava/lang/Class; java.base@22 (16 bytes) @ 0x0000019f8842b71c [0x0000019f8842b640+0x00000000000000dc]
J 807 c1 java.net.URLClassLoader.defineClass(Ljava/lang/String;Ljdk/internal/loader/Resource;)Ljava/lang/Class; java.base@22 (224 bytes) @ 0x0000019f883efde4 [0x0000019f883eeb20+0x00000000000012c4]
J 896 c1 java.net.URLClassLoader$1.run()Ljava/lang/Class; java.base@22 (81 bytes) @ 0x0000019f8842977c [0x0000019f88428b40+0x0000000000000c3c]
J 895 c1 java.net.URLClassLoader$1.run()Ljava/lang/Object; java.base@22 (5 bytes) @ 0x0000019f884285d4 [0x0000019f88428540+0x0000000000000094]
J 799 c1 java.security.AccessController.doPrivileged(Ljava/security/PrivilegedExceptionAction;Ljava/security/AccessControlContext;)Ljava/lang/Object; java.base@22 (26 bytes) @ 0x0000019f883e9714 [0x0000019f883e9520+0x00000000000001f4]
J 893 c1 java.net.URLClassLoader.findClass(Ljava/lang/String;)Ljava/lang/Class; java.base@22 (47 bytes) @ 0x0000019f884278b4 [0x0000019f88427700+0x00000000000001b4]
J 806 c1 org.codehaus.plexus.classworlds.realm.ClassRealm.loadClassFromSelf(Ljava/lang/String;)Ljava/lang/Class; (40 bytes) @ 0x0000019f883ed9ac [0x0000019f883ed620+0x000000000000038c]
J 837 c1 org.codehaus.plexus.classworlds.strategy.SelfFirstStrategy.loadClass(Ljava/lang/String;)Ljava/lang/Class; (50 bytes) @ 0x0000019f883fee9c [0x0000019f883feac0+0x00000000000003dc]
J 575 c1 org.codehaus.plexus.classworlds.realm.ClassRealm.loadClass(Ljava/lang/String;Z)Ljava/lang/Class; (33 bytes) @ 0x0000019f88360164 [0x0000019f8835ffe0+0x0000000000000184]
J 574 c1 org.codehaus.plexus.classworlds.realm.ClassRealm.loadClass(Ljava/lang/String;)Ljava/lang/Class; (7 bytes) @ 0x0000019f8835fc44 [0x0000019f8835fb40+0x0000000000000104]
v  ~StubRoutines::call_stub 0x0000019f8f7b100d
J 1859  java.lang.Class.getDeclaredMethods0(Z)[Ljava/lang/reflect/Method; java.base@22 (0 bytes) @ 0x0000019f8fe0e073 [0x0000019f8fe0e020+0x0000000000000053]
J 1259 c1 java.lang.Class.privateGetDeclaredMethods(Z)[Ljava/lang/reflect/Method; java.base@22 (64 bytes) @ 0x0000019f884ce6c4 [0x0000019f884ce540+0x0000000000000184]
J 1531 c1 java.lang.Class.getDeclaredMethods()[Ljava/lang/reflect/Method; java.base@22 (27 bytes) @ 0x0000019f88543194 [0x0000019f88543060+0x0000000000000134]
J 1614 c1 com.google.inject.internal.DeclaredMembers.getDeclaredMethods(Ljava/lang/Class;)[Ljava/lang/reflect/Method; (76 bytes) @ 0x0000019f88581044 [0x0000019f88580fe0+0x0000000000000064]
J 1647 c1 com.google.inject.spi.InjectionPoint.getInjectionPoints(Lcom/google/inject/TypeLiteral;ZLcom/google/inject/internal/Errors;)Ljava/util/Set; (491 bytes) @ 0x0000019f885978d4 [0x0000019f88596c60+0x0000000000000c74]
J 1758 c1 com.google.inject.spi.InjectionPoint.forInstanceMethodsAndFields(Lcom/google/inject/TypeLiteral;)Ljava/util/Set; (40 bytes) @ 0x0000019f885d3904 [0x0000019f885d3740+0x00000000000001c4]
j  org.eclipse.sisu.wire.DependencyAnalyzer.analyzeImplementation(Lcom/google/inject/TypeLiteral;Z)Ljava/lang/Boolean;+44
j  org.eclipse.sisu.wire.DependencyAnalyzer.visit(Lcom/google/inject/spi/UntargettedBinding;)Ljava/lang/Boolean;+11
j  org.eclipse.sisu.wire.DependencyAnalyzer.visit(Lcom/google/inject/spi/UntargettedBinding;)Ljava/lang/Object;+2
j  com.google.inject.internal.UntargettedBindingImpl.acceptTargetVisitor(Lcom/google/inject/spi/BindingTargetVisitor;)Ljava/lang/Object;+2
j  org.eclipse.sisu.wire.ElementAnalyzer.visit(Lcom/google/inject/Binding;)Ljava/lang/Void;+43
J 1867 c1 org.eclipse.sisu.wire.ElementAnalyzer.visit(Lcom/google/inject/Binding;)Ljava/lang/Object; (6 bytes) @ 0x0000019f886004bc [0x0000019f88600440+0x000000000000007c]
J 1866 c1 com.google.inject.internal.BindingImpl.acceptVisitor(Lcom/google/inject/spi/ElementVisitor;)Ljava/lang/Object; (8 bytes) @ 0x0000019f886000d4 [0x0000019f885fffc0+0x0000000000000114]
j  org.eclipse.sisu.wire.WireModule.configure(Lcom/google/inject/Binder;)V+45
j  com.google.inject.spi.Elements$RecordingBinder.install(Lcom/google/inject/Module;)V+209
j  com.google.inject.spi.Elements.getElements(Lcom/google/inject/Stage;Ljava/lang/Iterable;)Ljava/util/List;+40
j  com.google.inject.internal.InjectorShell$Builder.build(Lcom/google/inject/internal/Initializer;Lcom/google/inject/internal/ProcessedBindingData;Lcom/google/inject/internal/util/ContinuousStopwatch;Lcom/google/inject/internal/Errors;)Ljava/util/List;+163
j  com.google.inject.internal.InternalInjectorCreator.build()Lcom/google/inject/Injector;+48
j  com.google.inject.Guice.createInjector(Lcom/google/inject/Stage;Ljava/lang/Iterable;)Lcom/google/inject/Injector;+15
j  com.google.inject.Guice.createInjector(Ljava/lang/Iterable;)Lcom/google/inject/Injector;+4
j  com.google.inject.Guice.createInjector([Lcom/google/inject/Module;)Lcom/google/inject/Injector;+4
j  org.codehaus.plexus.DefaultPlexusContainer.addPlexusInjector(Ljava/util/List;[Lcom/google/inject/Module;)Lcom/google/inject/Injector;+88
j  org.codehaus.plexus.DefaultPlexusContainer.<init>(Lorg/codehaus/plexus/ContainerConfiguration;[Lcom/google/inject/Module;)V+406
j  org.apache.maven.cli.MavenCli.container(Lorg/apache/maven/cli/CliRequest;)Lorg/codehaus/plexus/PlexusContainer;+279
j  org.apache.maven.cli.MavenCli.doMain(Lorg/apache/maven/cli/CliRequest;)I+34
j  org.apache.maven.cli.MavenCli.main([Ljava/lang/String;Lorg/codehaus/plexus/classworlds/ClassWorld;)I+24
j  java.lang.invoke.DirectMethodHandle$Holder.invokeStatic(Ljava/lang/Object;Ljava/lang/Object;Ljava/lang/Object;)I+11 java.base@22
j  java.lang.invoke.LambdaForm$MH+0x0000019f99009400.invoke(Ljava/lang/Object;Ljava/lang/Object;Ljava/lang/Object;Ljava/lang/Object;)Ljava/lang/Object;+54 java.base@22
j  java.lang.invoke.LambdaForm$MH+0x0000019f99009800.invokeExact_MT(Ljava/lang/Object;Ljava/lang/Object;Ljava/lang/Object;Ljava/lang/Object;Ljava/lang/Object;)Ljava/lang/Object;+22 java.base@22
j  jdk.internal.reflect.DirectMethodHandleAccessor.invokeImpl(Ljava/lang/Object;[Ljava/lang/Object;)Ljava/lang/Object;+72 java.base@22
j  jdk.internal.reflect.DirectMethodHandleAccessor.invoke(Ljava/lang/Object;[Ljava/lang/Object;)Ljava/lang/Object;+23 java.base@22
j  java.lang.reflect.Method.invoke(Ljava/lang/Object;[Ljava/lang/Object;)Ljava/lang/Object;+102 java.base@22
j  org.codehaus.plexus.classworlds.launcher.Launcher.launchEnhanced([Ljava/lang/String;)V+45
j  org.codehaus.plexus.classworlds.launcher.Launcher.launch([Ljava/lang/String;)V+2
j  org.codehaus.plexus.classworlds.launcher.Launcher.mainWithExitCode([Ljava/lang/String;)I+108
j  org.codehaus.plexus.classworlds.launcher.Launcher.main([Ljava/lang/String;)V+1
v  ~StubRoutines::call_stub 0x0000019f8f7b100d

Compiled method (n/a) 3594  960     n 0       java.lang.ClassLoader::defineClass1 (native)
 total in heap  [0x0000019f8fd99990,0x0000019f8fd99fd0] = 1600
 relocation     [0x0000019f8fd99ae8,0x0000019f8fd99b20] = 56
 main code      [0x0000019f8fd99b20,0x0000019f8fd99fcf] = 1199
 stub code      [0x0000019f8fd99fcf,0x0000019f8fd99fd0] = 1

[Constant Pool (empty)]

[MachCode]
[Entry Point]
  # {method} {0x0000019f983fec58} 'defineClass1' '(Ljava/lang/ClassLoader;Ljava/lang/String;[BIILjava/security/ProtectionDomain;Ljava/lang/String;)Ljava/lang/Class;' in 'java/lang/ClassLoader'
  # parm0:    rdx:rdx   = 'java/lang/ClassLoader'
  # parm1:    r8:r8     = 'java/lang/String'
  # parm2:    r9:r9     = '[B'
  # parm3:    rdi       = int
  # parm4:    rsi       = int
  # parm5:    rcx:rcx   = 'java/security/ProtectionDomain'
  # parm6:    [sp+0xa0]   = 'java/lang/String'  (sp of caller)
  0x0000019f8fd99b20: 448b 5208 | 49bb 0000 | 0098 9f01 | 0000 4d03 | d349 3bc2 | 0f84 0600 

  0x0000019f8fd99b38: ;   {runtime_call ic_miss_stub}
  0x0000019f8fd99b38: 0000 e941 | 4ca6 ff90 
[Verified Entry Point]
  0x0000019f8fd99b40: 8984 2400 | 80ff ff55 | 488b ec48 | 81ec 9000 | 0000 6690 | 4181 7f20 | 0100 0000 

  0x0000019f8fd99b5c: ;   {runtime_call StubRoutines (final stubs)}
  0x0000019f8fd99b5c: 7405 e87d | b1a4 ff48 | 837d 1000 | 488d 4510 | 480f 4445 | 1048 8944 | 2440 4889 | 4c24 7048 
  0x0000019f8fd99b7c: 83f9 0048 | 8d44 2470 | 480f 4444 | 2470 4889 | 4424 3848 | 8974 2430 | 4889 7c24 | 284c 894c 
  0x0000019f8fd99b9c: 2458 4983 | f900 488d | 4424 5848 | 0f44 4424 | 5848 8944 | 2420 4c89 | 4424 5049 | 83f8 004c 
  0x0000019f8fd99bbc: 8d4c 2450 | 4c0f 444c | 2450 4889 | 5424 4848 | 83fa 004c | 8d44 2448 | 4c0f 4444 

  0x0000019f8fd99bd8: ;   {oop(a 'java/lang/Class'{0x0000000720f50610} = 'java/lang/ClassLoader')}
  0x0000019f8fd99bd8: 2448 49be | 1006 f520 | 0700 0000 | 4c89 7424 | 784c 8d74 | 2478 498b | d6c5 f877 

  0x0000019f8fd99bf4: ;   {internal_word}
  0x0000019f8fd99bf4: 49ba f19b | d98f 9f01 | 0000 4d89 | 97a8 0300 | 0049 89a7 | a003 0000 

  0x0000019f8fd99c0c: ;   {external_word}
  0x0000019f8fd99c0c: 49ba ac40 | a857 f97f | 0000 4180 | 3a00 0f84 | 4e00 0000 | 5241 5041 

  0x0000019f8fd99c24: ;   {metadata({method} {0x0000019f983fec58} 'defineClass1' '(Ljava/lang/ClassLoader;Ljava/lang/String;[BIILjava/security/ProtectionDomain;Ljava/lang/String;)Ljava/lang/Class;' in 'java/lang/ClassLoader')}
  0x0000019f8fd99c24: 5148 ba50 | ec3f 989f | 0100 0049 | 8bcf 4883 | ec20 40f6 | c40f 0f84 | 1900 0000 | 4883 ec08 
  0x0000019f8fd99c44: ;   {runtime_call}
  0x0000019f8fd99c44: 48b8 00b6 | 5857 f97f | 0000 ffd0 | 4883 c408 | e90c 0000 

  0x0000019f8fd99c58: ;   {runtime_call}
  0x0000019f8fd99c58: 0048 b800 | b658 57f9 | 7f00 00ff | d048 83c4 | 2041 5941 | 585a 498d | 8fc0 0300 | 0041 c787 
  0x0000019f8fd99c78: 5404 0000 | 0400 0000 

  0x0000019f8fd99c80: ;   {runtime_call}
  0x0000019f8fd99c80: 48b8 a416 | 65d5 f97f | 0000 ffd0 | c5f8 7741 | c787 5404 | 0000 0500 | 0000 f083 | 4424 c000 
  0x0000019f8fd99ca0: 493b af58 | 0400 000f | 870e 0000 | 0041 83bf | 5004 0000 | 000f 842b | 0000 00c5 | f877 4889 
  0x0000019f8fd99cc0: 45f8 498b | cf4c 8be4 | 4883 ec20 | 4883 e4f0 

  0x0000019f8fd99cd0: ;   {runtime_call}
  0x0000019f8fd99cd0: 48b8 c01f | 2357 f97f | 0000 ffd0 | 498b e44d | 33e4 488b | 45f8 41c7 | 8754 0400 | 0008 0000 
  0x0000019f8fd99cf0: 0041 83bf | d004 0000 | 020f 84a3 

  0x0000019f8fd99cfc: ;   {external_word}
  0x0000019f8fd99cfc: 0200 0049 | baac 40a8 | 57f9 7f00 | 0041 803a | 000f 844c | 0000 0048 

  0x0000019f8fd99d14: ;   {metadata({method} {0x0000019f983fec58} 'defineClass1' '(Ljava/lang/ClassLoader;Ljava/lang/String;[BIILjava/security/ProtectionDomain;Ljava/lang/String;)Ljava/lang/Class;' in 'java/lang/ClassLoader')}
  0x0000019f8fd99d14: 8945 f848 | ba50 ec3f | 989f 0100 | 0049 8bcf | 4883 ec20 | 40f6 c40f | 0f84 1900 | 0000 4883 
  0x0000019f8fd99d34: ;   {runtime_call}
  0x0000019f8fd99d34: ec08 48b8 | 00b6 5857 | f97f 0000 | ffd0 4883 | c408 e90c 

  0x0000019f8fd99d48: ;   {runtime_call}
  0x0000019f8fd99d48: 0000 0048 | b800 b658 | 57f9 7f00 | 00ff d048 | 83c4 2048 | 8b45 f849 | c787 a003 | 0000 0000 
  0x0000019f8fd99d68: 0000 49c7 | 87a8 0300 | 0000 0000 | 00c5 f877 | 4885 c00f | 84fe 0100 | 00a8 030f | 8508 0000 
  0x0000019f8fd99d88: 0048 8b00 | e9ee 0100 | 00a8 010f | 8509 0000 | 0048 8b40 | fee9 dd01 | 0000 488b | 40ff 4180 
  0x0000019f8fd99da8: 7f38 000f | 84ce 0100 | 0048 83f8 | 000f 84c4 | 0100 0049 | 8b4f 2848 | 83f9 000f | 8414 0000 
  0x0000019f8fd99dc8: 0048 83e9 | 0849 894f | 2849 034f | 3048 8901 | e9a2 0100 | 0048 81ec | d000 0000 | 4889 0424 
  0x0000019f8fd99de8: 4889 4c24 | 0848 8954 | 2410 4889 | 7424 1848 | 897c 2420 | 4c89 4424 | 284c 894c | 2430 4c89 
  0x0000019f8fd99e08: 5424 384c | 895c 2440 | c5fb 1144 | 2450 c5fb | 114c 2458 | c5fb 1154 | 2460 c5fb | 115c 2468 
  0x0000019f8fd99e28: c5fb 1164 | 2470 c5fb | 116c 2478 | c5fb 11b4 | 2480 0000 | 00c5 fb11 | bc24 8800 | 0000 c57b 
  0x0000019f8fd99e48: ;   {no_reloc}
  0x0000019f8fd99e48: 1184 2490 | 0000 00c5 | 7b11 8c24 | 9800 0000 | c57b 1194 | 24a0 0000 | 00c5 7b11 | 9c24 a800 
  0x0000019f8fd99e68: 0000 c57b | 11a4 24b0 | 0000 00c5 | 7b11 ac24 | b800 0000 | c57b 11b4 | 24c0 0000 | 00c5 7b11 
  0x0000019f8fd99e88: bc24 c800 | 0000 498b | d748 8bc8 | 4883 ec20 | 40f6 c40f | 0f84 1900 | 0000 4883 

  0x0000019f8fd99ea4: ;   {runtime_call}
  0x0000019f8fd99ea4: ec08 48b8 | 303e 1657 | f97f 0000 | ffd0 4883 | c408 e90c 

  0x0000019f8fd99eb8: ;   {runtime_call}
  0x0000019f8fd99eb8: 0000 0048 | b830 3e16 | 57f9 7f00 | 00ff d048 | 83c4 20c5 | 7b10 bc24 | c800 0000 | c57b 10b4 
  0x0000019f8fd99ed8: 24c0 0000 | 00c5 7b10 | ac24 b800 | 0000 c57b | 10a4 24b0 | 0000 00c5 | 7b10 9c24 | a800 0000 
  0x0000019f8fd99ef8: c57b 1094 | 24a0 0000 | 00c5 7b10 | 8c24 9800 | 0000 c57b | 1084 2490 | 0000 00c5 | fb10 bc24 
  0x0000019f8fd99f18: 8800 0000 | c5fb 10b4 | 2480 0000 | 00c5 fb10 | 6c24 78c5 | fb10 6424 | 70c5 fb10 | 5c24 68c5 
  0x0000019f8fd99f38: fb10 5424 | 60c5 fb10 | 4c24 58c5 | fb10 4424 | 504c 8b5c | 2440 4c8b | 5424 384c | 8b4c 2430 
  0x0000019f8fd99f58: 4c8b 4424 | 2848 8b7c | 2420 488b | 7424 1848 | 8b54 2410 | 488b 4c24 | 0848 8b04 | 2448 81c4 
  0x0000019f8fd99f78: d000 0000 | c5f8 7749 | 8b8f 3004 | 0000 c781 | 0001 0000 | 0000 0000 | c949 837f | 0800 0f85 
  0x0000019f8fd99f98: 0100 0000 

  0x0000019f8fd99f9c: ;   {runtime_call StubRoutines (initial stubs)}
  0x0000019f8fd99f9c: c3e9 5e6f | a1ff c5f8 | 7748 8945 | f84c 8be4 | 4883 ec20 | 4883 e4f0 

  0x0000019f8fd99fb4: ;   {runtime_call}
  0x0000019f8fd99fb4: 48b8 50ee | 5857 f97f | 0000 ffd0 | 498b e44d | 33e4 488b | 45f8 e930 | fdff fff4 
[/MachCode]


Compiled method (c1) 3636  962       3       java.lang.ClassLoader::defineClass (43 bytes)
 total in heap  [0x0000019f88444e90,0x0000019f884457e8] = 2392
 relocation     [0x0000019f88444fe8,0x0000019f88445088] = 160
 main code      [0x0000019f884450a0,0x0000019f88445540] = 1184
 stub code      [0x0000019f88445540,0x0000019f884455b8] = 120
 metadata       [0x0000019f884455b8,0x0000019f884455e8] = 48
 scopes data    [0x0000019f884455e8,0x0000019f884456d8] = 240
 scopes pcs     [0x0000019f884456d8,0x0000019f884457b8] = 224
 dependencies   [0x0000019f884457b8,0x0000019f884457c0] = 8
 nul chk table  [0x0000019f884457c0,0x0000019f884457e8] = 40

[Constant Pool (empty)]

[MachCode]
[Entry Point]
  # {method} {0x0000019f983fefd8} 'defineClass' '(Ljava/lang/String;[BIILjava/security/ProtectionDomain;)Ljava/lang/Class;' in 'java/lang/ClassLoader'
  # this:     rdx:rdx   = 'java/lang/ClassLoader'
  # parm0:    r8:r8     = 'java/lang/String'
  # parm1:    r9:r9     = '[B'
  # parm2:    rdi       = int
  # parm3:    rsi       = int
  # parm4:    rcx:rcx   = 'java/security/ProtectionDomain'
  #           [sp+0xc0]  (sp of caller)
  0x0000019f884450a0: 448b 5208 | 49bb 0000 | 0098 9f01 | 0000 4d03 | d34c 3bd0 

  0x0000019f884450b4: ;   {runtime_call ic_miss_stub}
  0x0000019f884450b4: 0f85 c696 | 3b07 660f | 1f44 0000 
[Verified Entry Point]
  0x0000019f884450c0: 8984 2400 | 80ff ff55 | 4881 ecb0 | 0000 0090 | 4181 7f20 | 0100 0000 

  0x0000019f884450d8: ;   {runtime_call StubRoutines (final stubs)}
  0x0000019f884450d8: 7405 e801 | fc39 0748 | 8954 2478 

  0x0000019f884450e4: ;   {metadata(method data for {method} {0x0000019f983fefd8} 'defineClass' '(Ljava/lang/String;[BIILjava/security/ProtectionDomain;)Ljava/lang/Class;' in 'java/lang/ClassLoader')}
  0x0000019f884450e4: 48bb 889d | 18d9 9f01 | 0000 8b83 | cc00 0000 | 83c0 0289 | 83cc 0000 | 0025 fe07 | 0000 85c0 
  0x0000019f88445104: 0f84 5803 | 0000 89b4 | 2494 0000 | 0089 bc24 | 9000 0000 | 4c89 8c24 | 8800 0000 

  0x0000019f88445120: ;   {metadata(method data for {method} {0x0000019f983fefd8} 'defineClass' '(Ljava/lang/String;[BIILjava/security/ProtectionDomain;)Ljava/lang/Class;' in 'java/lang/ClassLoader')}
  0x0000019f88445120: 488b da48 | b888 9d18 | d99f 0100 | 0048 8380 | 1801 0000 | 0149 8bd8 | 4c8b c34c | 8bc9 488b 
  0x0000019f88445140: ca48 8bd1 | 4889 9c24 | 8000 0000 

  0x0000019f8844514c: ;   {optimized virtual_call}
  0x0000019f8844514c: 6666 90e8 

  0x0000019f88445150: ; ImmutableOopMap {[120]=Oop [128]=Oop [136]=Oop }
                      ;*invokevirtual preDefineClass {reexecute=0 rethrow=0 return_oop=0}
                      ; - java.lang.ClassLoader::defineClass@4 (line 1021)
  0x0000019f88445150: 4c82 fdff 

  0x0000019f88445154: ;   {other}
  0x0000019f88445154: 0f1f 8400 | c402 0000 | 4889 8424 | 9800 0000 | 488b 5424 

  0x0000019f88445168: ;   {metadata(method data for {method} {0x0000019f983fefd8} 'defineClass' '(Ljava/lang/String;[BIILjava/security/ProtectionDomain;)Ljava/lang/Class;' in 'java/lang/ClassLoader')}
  0x0000019f88445168: 7849 b888 | 9d18 d99f | 0100 0049 | 8380 4801 

  0x0000019f88445178: ;   {metadata(method data for {method} {0x0000019f983fecc0} 'defineClassSourceLocation' '(Ljava/security/ProtectionDomain;)Ljava/lang/String;' in 'java/lang/ClassLoader')}
  0x0000019f88445178: 0000 0149 | b898 4018 | d99f 0100 | 0041 8b90 | cc00 0000 | 83c2 0241 | 8990 cc00 | 0000 81e2 
  0x0000019f88445198: feff 1f00 | 85d2 0f84 | df02 0000 

  0x0000019f884451a4: ; implicit exception: dispatches to 0x0000019f884454a4
  0x0000019f884451a4: 483b 004c 

  0x0000019f884451a8: ;   {metadata(method data for {method} {0x0000019f983fecc0} 'defineClassSourceLocation' '(Ljava/security/ProtectionDomain;)Ljava/lang/String;' in 'java/lang/ClassLoader')}
  0x0000019f884451a8: 8bc0 48ba | 9840 18d9 | 9f01 0000 | 4883 8218 | 0100 0001 | 448b 4010 | 49c1 e003 

  0x0000019f884451c4: ;   {metadata(method data for {method} {0x0000019f983fecc0} 'defineClassSourceLocation' '(Ljava/security/ProtectionDomain;)Ljava/lang/String;' in 'java/lang/ClassLoader')}
  0x0000019f884451c4: 4d85 c048 | ba98 4018 | d99f 0100 | 0048 c7c6 | 5801 0000 | 7507 48c7 | c648 0100 | 0048 8b3c 
  0x0000019f884451e4: 3248 8d7f | 0148 893c | 320f 850f 

  0x0000019f884451f0: ;   {oop(nullptr)}
  0x0000019f884451f0: 0000 0048 | bb00 0000 | 0000 0000 | 00e9 a501 | 0000 493b | 0049 8bd0 

  0x0000019f88445208: ;   {metadata(method data for {method} {0x0000019f983fecc0} 'defineClassSourceLocation' '(Ljava/security/ProtectionDomain;)Ljava/lang/String;' in 'java/lang/ClassLoader')}
  0x0000019f88445208: 48be 9840 | 18d9 9f01 | 0000 4883 | 8668 0100 | 0001 418b | 500c 48c1 | e203 4885 

  0x0000019f88445224: ;   {metadata(method data for {method} {0x0000019f983fecc0} 'defineClassSourceLocation' '(Ljava/security/ProtectionDomain;)Ljava/lang/String;' in 'java/lang/ClassLoader')}
  0x0000019f88445224: d248 be98 | 4018 d99f | 0100 0048 | c7c7 a801 | 0000 7507 | 48c7 c798 | 0100 0048 | 8b1c 3e48 
  0x0000019f88445244: 8d5b 0148 | 891c 3e0f | 850f 0000 

  0x0000019f88445250: ;   {oop(nullptr)}
  0x0000019f88445250: 0048 bb00 | 0000 0000 | 0000 00e9 | 4701 0000 

  0x0000019f88445260: ;   {metadata(method data for {method} {0x0000019f983fecc0} 'defineClassSourceLocation' '(Ljava/security/ProtectionDomain;)Ljava/lang/String;' in 'java/lang/ClassLoader')}
  0x0000019f88445260: 48be 9840 | 18d9 9f01 | 0000 4883 | 86b8 0100 | 0001 483b | 024c 8bc2 

  0x0000019f88445278: ;   {metadata(method data for {method} {0x0000019f983fecc0} 'defineClassSourceLocation' '(Ljava/security/ProtectionDomain;)Ljava/lang/String;' in 'java/lang/ClassLoader')}
  0x0000019f88445278: 48be 9840 | 18d9 9f01 | 0000 4883 | 86e8 0100 

  0x0000019f88445288: ;   {metadata(method data for {method} {0x0000019f9801a690} 'toString' '()Ljava/lang/String;' in 'java/net/URL')}
  0x0000019f88445288: 0001 49b8 | 7894 16d9 | 9f01 0000 | 418b b0cc | 0000 0083 | c602 4189 | b0cc 0000 | 0081 e6fe 
  0x0000019f884452a8: ff1f 0085 | f60f 8400 | 0200 004c 

  0x0000019f884452b4: ;   {metadata(method data for {method} {0x0000019f9801a690} 'toString' '()Ljava/lang/String;' in 'java/net/URL')}
  0x0000019f884452b4: 8bc2 48be | 7894 16d9 | 9f01 0000 | 4883 8618 | 0100 0001 

  0x0000019f884452c8: ;   {metadata(method data for {method} {0x0000019f983f38b8} 'toExternalForm' '()Ljava/lang/String;' in 'java/net/URL')}
  0x0000019f884452c8: 49b8 c867 | 12d9 9f01 | 0000 418b | b0cc 0000 | 0083 c602 | 4189 b0cc | 0000 0081 | e6fe ff1f 
  0x0000019f884452e8: 0085 f60f | 84e3 0100 | 008b 7238 | 48c1 e603 

  0x0000019f884452f8: ; implicit exception: dispatches to 0x0000019f884454f5
  0x0000019f884452f8: 483b 064c 

  0x0000019f884452fc: ;   {metadata(method data for {method} {0x0000019f983f38b8} 'toExternalForm' '()Ljava/lang/String;' in 'java/net/URL')}
  0x0000019f884452fc: 8bc6 48bf | c867 12d9 | 9f01 0000 | 458b 4008 | 49ba 0000 | 0098 9f01 | 0000 4d03 | c24c 3b87 
  0x0000019f8844531c: 2001 0000 | 750d 4883 | 8728 0100 | 0001 e960 | 0000 004c | 3b87 3001 | 0000 750d | 4883 8738 
  0x0000019f8844533c: 0100 0001 | e94a 0000 | 0048 83bf | 2001 0000 | 0075 174c | 8987 2001 | 0000 48c7 | 8728 0100 
  0x0000019f8844535c: 0001 0000 | 00e9 2900 | 0000 4883 | bf30 0100 | 0000 7517 | 4c89 8730 | 0100 0048 | c787 3801 
  0x0000019f8844537c: 0000 0100 | 0000 e908 | 0000 0048 | 8387 1801 | 0000 014c | 8bc2 488b 

  0x0000019f88445394: ;   {optimized virtual_call}
  0x0000019f88445394: d666 90e8 

  0x0000019f88445398: ; ImmutableOopMap {[120]=Oop [128]=Oop [136]=Oop [152]=Oop }
                      ;*invokevirtual toExternalForm {reexecute=0 rethrow=0 return_oop=0}
                      ; - java.net.URL::toExternalForm@5 (line 1203)
                      ; - java.net.URL::toString@1 (line 1189)
                      ; - java.lang.ClassLoader::defineClassSourceLocation@22 (line 925)
                      ; - java.lang.ClassLoader::defineClass@12 (line 1022)
  0x0000019f88445398: 64d4 f1ff 

  0x0000019f8844539c: ;   {other}
  0x0000019f8844539c: 0f1f 8400 | 0c05 0001 | 488b d848 | 8b84 2498 | 0000 008b | b424 9400 | 0000 8bbc | 2490 0000 
  0x0000019f884453bc: 004c 8b8c | 2488 0000 | 004c 8b84 | 2480 0000 | 0048 8b54 

  0x0000019f884453d0: ;   {metadata(method data for {method} {0x0000019f983fefd8} 'defineClass' '(Ljava/lang/String;[BIILjava/security/ProtectionDomain;)Ljava/lang/Class;' in 'java/lang/ClassLoader')}
  0x0000019f884453d0: 2478 48b9 | 889d 18d9 | 9f01 0000 | 4883 8178 | 0100 0001 | 4c8b da49 | 8bd3 488b | c848 891c 
  0x0000019f884453f0: 2466 0f1f 

  0x0000019f884453f4: ;   {static_call}
  0x0000019f884453f4: 4400 00e8 

  0x0000019f884453f8: ; ImmutableOopMap {[120]=Oop [152]=Oop }
                      ;*invokestatic defineClass1 {reexecute=0 rethrow=0 return_oop=0}
                      ; - java.lang.ClassLoader::defineClass@27 (line 1023)
  0x0000019f884453f8: 4447 9507 

  0x0000019f884453fc: ;   {other}
  0x0000019f884453fc: 0f1f 8400 | 6c05 0002 | 488b 5424 

  0x0000019f88445408: ;   {metadata(method data for {method} {0x0000019f983fefd8} 'defineClass' '(Ljava/lang/String;[BIILjava/security/ProtectionDomain;)Ljava/lang/Class;' in 'java/lang/ClassLoader')}
  0x0000019f88445408: 7849 b888 | 9d18 d99f | 0100 0049 | 8380 8801 | 0000 014c | 8bc0 4c8b | 8c24 9800 | 0000 488b 
  0x0000019f88445428: 5424 7848 | 8984 24a0 | 0000 000f 

  0x0000019f88445434: ;   {optimized virtual_call}
  0x0000019f88445434: 1f40 00e8 

  0x0000019f88445438: ; ImmutableOopMap {[160]=Oop }
                      ;*invokevirtual postDefineClass {reexecute=0 rethrow=0 return_oop=0}
                      ; - java.lang.ClassLoader::defineClass@37 (line 1024)
  0x0000019f88445438: 64c0 fdff 

  0x0000019f8844543c: ;   {other}
  0x0000019f8844543c: 0f1f 8400 | ac05 0003 | 488b 8424 | a000 0000 | 4881 c4b0 | 0000 005d 

  0x0000019f88445454: ;   {poll_return}
  0x0000019f88445454: 493b a758 | 0400 000f | 8799 0000 

  0x0000019f88445460: ;   {metadata({method} {0x0000019f983fefd8} 'defineClass' '(Ljava/lang/String;[BIILjava/security/ProtectionDomain;)Ljava/lang/Class;' in 'java/lang/ClassLoader')}
  0x0000019f88445460: 00c3 49ba | d0ef 3f98 | 9f01 0000 | 4c89 5424 | 0848 c704 | 24ff ffff 

  0x0000019f88445478: ;   {runtime_call counter_overflow Runtime1 stub}
  0x0000019f88445478: ffe8 8215 

  0x0000019f8844547c: ; ImmutableOopMap {rdx=Oop r8=Oop r9=Oop rcx=Oop [120]=Oop }
                      ;*synchronization entry
                      ; - java.lang.ClassLoader::defineClass@-1 (line 1021)
  0x0000019f8844547c: 4807 e987 

  0x0000019f88445480: ;   {metadata({method} {0x0000019f983fecc0} 'defineClassSourceLocation' '(Ljava/security/ProtectionDomain;)Ljava/lang/String;' in 'java/lang/ClassLoader')}
  0x0000019f88445480: fcff ff49 | bab8 ec3f | 989f 0100 | 004c 8954 | 2408 48c7 | 0424 ffff 

  0x0000019f88445498: ;   {runtime_call counter_overflow Runtime1 stub}
  0x0000019f88445498: ffff e861 

  0x0000019f8844549c: ; ImmutableOopMap {rax=Oop [120]=Oop [128]=Oop [136]=Oop [152]=Oop }
                      ;*synchronization entry
                      ; - java.lang.ClassLoader::defineClassSourceLocation@-1 (line 922)
                      ; - java.lang.ClassLoader::defineClass@12 (line 1022)
  0x0000019f8844549c: 1548 07e9 | 00fd ffff 

  0x0000019f884454a4: ;   {runtime_call throw_null_pointer_exception Runtime1 stub}
  0x0000019f884454a4: e857 c447 

  0x0000019f884454a8: ; ImmutableOopMap {rax=Oop [120]=Oop [128]=Oop [136]=Oop [152]=Oop }
                      ;*invokevirtual getCodeSource {reexecute=0 rethrow=0 return_oop=0}
                      ; - java.lang.ClassLoader::defineClassSourceLocation@1 (line 922)
                      ; - java.lang.ClassLoader::defineClass@12 (line 1022)
                      ;   {runtime_call throw_null_pointer_exception Runtime1 stub}
  0x0000019f884454a8: 07e8 52c4 

  0x0000019f884454ac: ; ImmutableOopMap {rax=Oop r8=Oop [120]=Oop [128]=Oop [136]=Oop [152]=Oop }
                      ;*invokevirtual getLocation {reexecute=0 rethrow=0 return_oop=0}
                      ; - java.lang.ClassLoader::defineClassSourceLocation@12 (line 924)
                      ; - java.lang.ClassLoader::defineClass@12 (line 1022)
                      ;   {runtime_call throw_null_pointer_exception Runtime1 stub}
  0x0000019f884454ac: 4707 e84d 

  0x0000019f884454b0: ; ImmutableOopMap {rdx=Oop [120]=Oop [128]=Oop [136]=Oop [152]=Oop }
                      ;*invokevirtual toString {reexecute=0 rethrow=0 return_oop=0}
                      ; - java.lang.ClassLoader::defineClassSourceLocation@22 (line 925)
                      ; - java.lang.ClassLoader::defineClass@12 (line 1022)
                      ;   {metadata({method} {0x0000019f9801a690} 'toString' '()Ljava/lang/String;' in 'java/net/URL')}
  0x0000019f884454b0: c447 0749 | ba88 a601 | 989f 0100 | 004c 8954 | 2408 48c7 | 0424 ffff 

  0x0000019f884454c8: ;   {runtime_call counter_overflow Runtime1 stub}
  0x0000019f884454c8: ffff e831 

  0x0000019f884454cc: ; ImmutableOopMap {rdx=Oop [120]=Oop [128]=Oop [136]=Oop [152]=Oop }
                      ;*synchronization entry
                      ; - java.net.URL::toString@-1 (line 1189)
                      ; - java.lang.ClassLoader::defineClassSourceLocation@22 (line 925)
                      ; - java.lang.ClassLoader::defineClass@12 (line 1022)
  0x0000019f884454cc: 1548 07e9 | dffd ffff 

  0x0000019f884454d4: ;   {metadata({method} {0x0000019f983f38b8} 'toExternalForm' '()Ljava/lang/String;' in 'java/net/URL')}
  0x0000019f884454d4: 49ba b038 | 3f98 9f01 | 0000 4c89 | 5424 0848 | c704 24ff 

  0x0000019f884454e8: ;   {runtime_call counter_overflow Runtime1 stub}
  0x0000019f884454e8: ffff ffe8 

  0x0000019f884454ec: ; ImmutableOopMap {rdx=Oop [120]=Oop [128]=Oop [136]=Oop [152]=Oop }
                      ;*synchronization entry
                      ; - java.net.URL::toExternalForm@-1 (line 1203)
                      ; - java.net.URL::toString@1 (line 1189)
                      ; - java.lang.ClassLoader::defineClassSourceLocation@22 (line 925)
                      ; - java.lang.ClassLoader::defineClass@12 (line 1022)
  0x0000019f884454ec: 1015 4807 | e9fc fdff 

  0x0000019f884454f4: ;   {runtime_call throw_null_pointer_exception Runtime1 stub}
  0x0000019f884454f4: ffe8 06c4 

  0x0000019f884454f8: ; ImmutableOopMap {rdx=Oop rsi=Oop [120]=Oop [128]=Oop [136]=Oop [152]=Oop }
                      ;*invokevirtual toExternalForm {reexecute=0 rethrow=0 return_oop=0}
                      ; - java.net.URL::toExternalForm@5 (line 1203)
                      ; - java.net.URL::toString@1 (line 1189)
                      ; - java.lang.ClassLoader::defineClassSourceLocation@22 (line 925)
                      ; - java.lang.ClassLoader::defineClass@12 (line 1022)
                      ;   {internal_word}
  0x0000019f884454f8: 4707 49ba | 5454 4488 | 9f01 0000 | 4d89 9770 

  0x0000019f88445508: ;   {runtime_call SafepointBlob}
  0x0000019f88445508: 0400 00e9 | f001 3c07 | 498b 8708 | 0500 0049 | c787 0805 | 0000 0000 | 0000 49c7 | 8710 0500 
  0x0000019f88445528: 0000 0000 | 0048 81c4 | b000 0000 

  0x0000019f88445534: ;   {runtime_call unwind_exception Runtime1 stub}
  0x0000019f88445534: 5de9 c6b4 | 4707 f4f4 | f4f4 f4f4 
[Stub Code]
  0x0000019f88445540: ;   {no_reloc}
  0x0000019f88445540: 0f1f 4400 

  0x0000019f88445544: ;   {static_stub}
  0x0000019f88445544: 0048 bb00 | 0000 0000 

  0x0000019f8844554c: ;   {runtime_call}
  0x0000019f8844554c: 0000 00e9 | fbff ffff 

  0x0000019f88445554: ;   {static_stub}
  0x0000019f88445554: 48bb 0000 | 0000 0000 

  0x0000019f8844555c: ;   {runtime_call}
  0x0000019f8844555c: 0000 e9fb 

  0x0000019f88445560: ;   {static_stub}
  0x0000019f88445560: ffff ff48 | bb00 0000 | 0000 0000 

  0x0000019f8844556c: ;   {runtime_call}
  0x0000019f8844556c: 00e9 fbff 

  0x0000019f88445570: ;   {static_stub}
  0x0000019f88445570: ffff 48bb | 0000 0000 | 0000 0000 

  0x0000019f8844557c: ;   {runtime_call}
  0x0000019f8844557c: e9fb ffff 

  0x0000019f88445580: ;   {runtime_call handle_exception_from_callee Runtime1 stub}
  0x0000019f88445580: ffe8 7ae1 

  0x0000019f88445584: ;   {external_word}
  0x0000019f88445584: 4707 48b9 | c028 8057 | f97f 0000 | 4883 e4f0 

  0x0000019f88445594: ;   {runtime_call}
  0x0000019f88445594: 48b8 9095 | 4757 f97f | 0000 ffd0 

  0x0000019f884455a0: ;   {section_word}
  0x0000019f884455a0: f449 baa1 | 5544 889f | 0100 0041 

  0x0000019f884455ac: ;   {runtime_call DeoptimizationBlob}
  0x0000019f884455ac: 52e9 eef3 | 3b07 f4f4 | f4f4 f4f4 
[/MachCode]


Compiled method (c1) 3730  899       3       java.security.SecureClassLoader::defineClass (16 bytes)
 total in heap  [0x0000019f8842b490,0x0000019f8842b890] = 1024
 relocation     [0x0000019f8842b5e8,0x0000019f8842b638] = 80
 main code      [0x0000019f8842b640,0x0000019f8842b798] = 344
 stub code      [0x0000019f8842b798,0x0000019f8842b7e8] = 80
 metadata       [0x0000019f8842b7e8,0x0000019f8842b7f0] = 8
 scopes data    [0x0000019f8842b7f0,0x0000019f8842b838] = 72
 scopes pcs     [0x0000019f8842b838,0x0000019f8842b888] = 80
 dependencies   [0x0000019f8842b888,0x0000019f8842b890] = 8

[Constant Pool (empty)]

[MachCode]
[Entry Point]
  # {method} {0x0000019f980438c0} 'defineClass' '(Ljava/lang/String;[BIILjava/security/CodeSource;)Ljava/lang/Class;' in 'java/security/SecureClassLoader'
  # this:     rdx:rdx   = 'java/security/SecureClassLoader'
  # parm0:    r8:r8     = 'java/lang/String'
  # parm1:    r9:r9     = '[B'
  # parm2:    rdi       = int
  # parm3:    rsi       = int
  # parm4:    rcx:rcx   = 'java/security/CodeSource'
  #           [sp+0x80]  (sp of caller)
  0x0000019f8842b640: 448b 5208 | 49bb 0000 | 0098 9f01 | 0000 4d03 | d34c 3bd0 

  0x0000019f8842b654: ;   {runtime_call ic_miss_stub}
  0x0000019f8842b654: 0f85 2631 | 3d07 660f | 1f44 0000 
[Verified Entry Point]
  0x0000019f8842b660: 8984 2400 | 80ff ff55 | 4883 ec70 | 4181 7f20 | 0100 0000 

  0x0000019f8842b674: ;   {runtime_call StubRoutines (final stubs)}
  0x0000019f8842b674: 7405 e865 

  0x0000019f8842b678: ;   {metadata(method data for {method} {0x0000019f980438c0} 'defineClass' '(Ljava/lang/String;[BIILjava/security/CodeSource;)Ljava/lang/Class;' in 'java/security/SecureClassLoader')}
  0x0000019f8842b678: 963b 0748 | bba8 1a17 | d99f 0100 | 008b 83cc | 0000 0083 | c002 8983 | cc00 0000 | 25fe 0700 
  0x0000019f8842b698: 0085 c00f | 8496 0000 | 0089 7424 | 5c89 7c24 | 584c 894c | 2450 4c89 | 4424 4848 

  0x0000019f8842b6b4: ;   {metadata(method data for {method} {0x0000019f980438c0} 'defineClass' '(Ljava/lang/String;[BIILjava/security/CodeSource;)Ljava/lang/Class;' in 'java/security/SecureClassLoader')}
  0x0000019f8842b6b4: 8bda 48b8 | a81a 17d9 | 9f01 0000 | 4883 8018 | 0100 0001 | 4c8b c148 | 8bc2 488b | d048 8944 
  0x0000019f8842b6d4: ;   {optimized virtual_call}
  0x0000019f8842b6d4: 2440 90e8 

  0x0000019f8842b6d8: ; ImmutableOopMap {[64]=Oop [72]=Oop [80]=Oop }
                      ;*invokevirtual getProtectionDomain {reexecute=0 rethrow=0 return_oop=0}
                      ; - java.security.SecureClassLoader::defineClass@9 (line 150)
  0x0000019f8842b6d8: c45b fbff 

  0x0000019f8842b6dc: ;   {other}
  0x0000019f8842b6dc: 0f1f 8400 | 4c02 0000 | 488b 5424 

  0x0000019f8842b6e8: ;   {metadata(method data for {method} {0x0000019f980438c0} 'defineClass' '(Ljava/lang/String;[BIILjava/security/CodeSource;)Ljava/lang/Class;' in 'java/security/SecureClassLoader')}
  0x0000019f8842b6e8: 4049 b8a8 | 1a17 d99f | 0100 0049 | 8380 4801 | 0000 014c | 8b44 2448 | 4c8b 4c24 | 508b 7c24 
  0x0000019f8842b708: 588b 7424 | 5c48 8bc8 | 488b 5424 

  0x0000019f8842b714: ;   {optimized virtual_call}
  0x0000019f8842b714: 4066 90e8 

  0x0000019f8842b718: ; ImmutableOopMap {}
                      ;*invokevirtual defineClass {reexecute=0 rethrow=0 return_oop=0}
                      ; - java.security.SecureClassLoader::defineClass@12 (line 150)
  0x0000019f8842b718: a499 0100 

  0x0000019f8842b71c: ;   {other}
  0x0000019f8842b71c: 0f1f 8400 | 8c02 0001 | 4883 c470 

  0x0000019f8842b728: ;   {poll_return}
  0x0000019f8842b728: 5d49 3ba7 | 5804 0000 | 0f87 2200 

  0x0000019f8842b734: ;   {metadata({method} {0x0000019f980438c0} 'defineClass' '(Ljava/lang/String;[BIILjava/security/CodeSource;)Ljava/lang/Class;' in 'java/security/SecureClassLoader')}
  0x0000019f8842b734: 0000 c349 | bab8 3804 | 989f 0100 | 004c 8954 | 2408 48c7 | 0424 ffff 

  0x0000019f8842b74c: ;   {runtime_call counter_overflow Runtime1 stub}
  0x0000019f8842b74c: ffff e8ad 

  0x0000019f8842b750: ; ImmutableOopMap {rdx=Oop r8=Oop r9=Oop rcx=Oop }
                      ;*synchronization entry
                      ; - java.security.SecureClassLoader::defineClass@-1 (line 150)
  0x0000019f8842b750: b249 07e9 | 49ff ffff 

  0x0000019f8842b758: ;   {internal_word}
  0x0000019f8842b758: 49ba 29b7 | 4288 9f01 | 0000 4d89 | 9770 0400 

  0x0000019f8842b768: ;   {runtime_call SafepointBlob}
  0x0000019f8842b768: 00e9 929f | 3d07 498b | 8708 0500 | 0049 c787 | 0805 0000 | 0000 0000 | 49c7 8710 | 0500 0000 
  0x0000019f8842b788: 0000 0048 | 83c4 705d 

  0x0000019f8842b790: ;   {runtime_call unwind_exception Runtime1 stub}
  0x0000019f8842b790: e96b 5249 | 07f4 f4f4 
[Stub Code]
  0x0000019f8842b798: ;   {no_reloc}
  0x0000019f8842b798: 48bb 0000 | 0000 0000 

  0x0000019f8842b7a0: ;   {runtime_call}
  0x0000019f8842b7a0: 0000 e9fb 

  0x0000019f8842b7a4: ;   {static_stub}
  0x0000019f8842b7a4: ffff ff48 | bbd0 ef3f | 989f 0100 

  0x0000019f8842b7b0: ;   {runtime_call I2C/C2I adapters}
  0x0000019f8842b7b0: 00e9 bf59 

  0x0000019f8842b7b4: ;   {runtime_call handle_exception_from_callee Runtime1 stub}
  0x0000019f8842b7b4: 3c07 e845 

  0x0000019f8842b7b8: ;   {external_word}
  0x0000019f8842b7b8: 7f49 0748 | b9c0 2880 | 57f9 7f00 | 0048 83e4 

  0x0000019f8842b7c8: ;   {runtime_call}
  0x0000019f8842b7c8: f048 b890 | 9547 57f9 | 7f00 00ff 

  0x0000019f8842b7d4: ;   {section_word}
  0x0000019f8842b7d4: d0f4 49ba | d6b7 4288 | 9f01 0000 

  0x0000019f8842b7e0: ;   {runtime_call DeoptimizationBlob}
  0x0000019f8842b7e0: 4152 e9b9 | 913d 07f4 
[/MachCode]


---------------  P R O C E S S  ---------------

Threads class SMR info:
_java_thread_list=0x0000019fdd439680, length=12, elements={
0x0000019ff6cdf940, 0x0000019f976393c0, 0x0000019f9763c440, 0x0000019f9763d780,
0x0000019f9763ebb0, 0x0000019f9763f740, 0x0000019f976457e0, 0x0000019f97650ac0,
0x0000019f97655eb0, 0x0000019f978d7ca0, 0x0000019f978dcb40, 0x0000019f97b57170
}

Java Threads: ( => current thread )
=>0x0000019ff6cdf940 JavaThread "main"                              [_thread_in_vm, id=133468, stack(0x0000000ccc300000,0x0000000ccc400000) (1024K)]
  0x0000019f976393c0 JavaThread "Reference Handler"          daemon [_thread_blocked, id=122052, stack(0x0000000cccb00000,0x0000000cccc00000) (1024K)]
  0x0000019f9763c440 JavaThread "Finalizer"                  daemon [_thread_blocked, id=117360, stack(0x0000000cccc00000,0x0000000cccd00000) (1024K)]
  0x0000019f9763d780 JavaThread "Signal Dispatcher"          daemon [_thread_blocked, id=129956, stack(0x0000000cccd00000,0x0000000ccce00000) (1024K)]
  0x0000019f9763ebb0 JavaThread "Attach Listener"            daemon [_thread_blocked, id=129432, stack(0x0000000ccce00000,0x0000000cccf00000) (1024K)]
  0x0000019f9763f740 JavaThread "Service Thread"             daemon [_thread_blocked, id=103588, stack(0x0000000cccf00000,0x0000000ccd000000) (1024K)]
  0x0000019f976457e0 JavaThread "Monitor Deflation Thread"   daemon [_thread_blocked, id=130836, stack(0x0000000ccd000000,0x0000000ccd100000) (1024K)]
  0x0000019f97650ac0 JavaThread "C2 CompilerThread0"         daemon [_thread_blocked, id=123984, stack(0x0000000ccd100000,0x0000000ccd200000) (1024K)]
  0x0000019f97655eb0 JavaThread "C1 CompilerThread0"         daemon [_thread_blocked, id=114616, stack(0x0000000ccd200000,0x0000000ccd300000) (1024K)]
  0x0000019f978d7ca0 JavaThread "Notification Thread"        daemon [_thread_blocked, id=133400, stack(0x0000000ccd300000,0x0000000ccd400000) (1024K)]
  0x0000019f978dcb40 JavaThread "Common-Cleaner"             daemon [_thread_blocked, id=131264, stack(0x0000000ccd400000,0x0000000ccd500000) (1024K)]
  0x0000019f97b57170 JavaThread "cleanup"                    daemon [_thread_in_native, id=133596, stack(0x0000000ccd500000,0x0000000ccd600000) (1024K)]
Total: 12

Other Threads:
  0x0000019f9761e430 VMThread "VM Thread"                           [id=132340, stack(0x0000000ccca00000,0x0000000cccb00000) (1024K)]
  0x0000019f97602ef0 WatcherThread "VM Periodic Task Thread"        [id=120936, stack(0x0000000ccc900000,0x0000000ccca00000) (1024K)]
  0x0000019ff8ff9930 WorkerThread "GC Thread#0"                     [id=118192, stack(0x0000000ccc400000,0x0000000ccc500000) (1024K)]
  0x0000019fddd54400 WorkerThread "GC Thread#1"                     [id=128344, stack(0x0000000ccd800000,0x0000000ccd900000) (1024K)]
  0x0000019fdd44cc70 WorkerThread "GC Thread#2"                     [id=115976, stack(0x0000000ccd900000,0x0000000ccda00000) (1024K)]
  0x0000019fdd44d020 WorkerThread "GC Thread#3"                     [id=124616, stack(0x0000000ccda00000,0x0000000ccdb00000) (1024K)]
  0x0000019fdd7fe3e0 WorkerThread "GC Thread#4"                     [id=133184, stack(0x0000000ccdb00000,0x0000000ccdc00000) (1024K)]
  0x0000019fdd9a05b0 WorkerThread "GC Thread#5"                     [id=124868, stack(0x0000000ccdc00000,0x0000000ccdd00000) (1024K)]
  0x0000019fddaad810 WorkerThread "GC Thread#6"                     [id=74780, stack(0x0000000ccdd00000,0x0000000ccde00000) (1024K)]
  0x0000019fddaadbc0 WorkerThread "GC Thread#7"                     [id=124696, stack(0x0000000ccde00000,0x0000000ccdf00000) (1024K)]
  0x0000019ff90089e0 ConcurrentGCThread "G1 Main Marker"            [id=120988, stack(0x0000000ccc500000,0x0000000ccc600000) (1024K)]
  0x0000019ff9009c90 WorkerThread "G1 Conc#0"                       [id=120372, stack(0x0000000ccc600000,0x0000000ccc700000) (1024K)]
  0x0000019ff906d720 ConcurrentGCThread "G1 Refine#0"               [id=118360, stack(0x0000000ccc700000,0x0000000ccc800000) (1024K)]
  0x0000019ff906e2a0 ConcurrentGCThread "G1 Service"                [id=95648, stack(0x0000000ccc800000,0x0000000ccc900000) (1024K)]
Total: 14

Threads with active compile tasks:
Total: 0

VM state: not at safepoint (normal execution)

VM Mutex/Monitor currently owned by a thread:  ([mutex/lock_event])
[0x00007ff957aaab48] Metaspace_lock - owner thread: 0x0000019ff6cdf940

Heap address: 0x0000000720e00000, size: 3570 MB, Compressed Oops mode: Zero based, Oop shift amount: 3

CDS archive(s) mapped at: [0x0000019f98000000-0x0000019f98c60000-0x0000019f98c60000), size 12976128, SharedBaseAddress: 0x0000019f98000000, ArchiveRelocationMode: 1.
Compressed class space mapped at: 0x0000019f99000000-0x0000019fd9000000, reserved size: 1073741824
Narrow klass base: 0x0000019f98000000, Narrow klass shift: 0, Narrow klass range: 0x41000000

GC Precious Log:
 CardTable entry size: 512
 Card Set container configuration: InlinePtr #cards 4 size 8 Array Of Cards #cards 16 size 48 Howl #buckets 8 coarsen threshold 3686 Howl Bitmap #cards 512 size 80 coarsen threshold 460 Card regions per heap region 1 cards per card region 4096
 CPUs: 8 total, 8 available
 Memory: 14272M
 Large Page Support: Disabled
 NUMA Support: Disabled
 Compressed Oops: Enabled (Zero based)
 Heap Region Size: 2M
 Heap Min Capacity: 8M
 Heap Initial Capacity: 224M
 Heap Max Capacity: 3570M
 Pre-touch: Disabled
 Parallel Workers: 8
 Concurrent Workers: 2
 Concurrent Refinement Workers: 8
 Periodic GC: Disabled

Heap:
 garbage-first heap   total reserved 3655680K, committed 229376K, used 9711K [0x0000000720e00000, 0x0000000800000000)
  region size 2048K, 4 young (8192K), 2 survivors (4096K)
 Metaspace       used 9947K, committed 10112K, reserved 1114112K
  class space    used 1213K, committed 1280K, reserved 1048576K

Heap Regions: E=young(eden), S=young(survivor), O=old, HS=humongous(starts), HC=humongous(continues), CS=collection set, F=free, TAMS=top-at-mark-start, PB=parsable bottom
|   0|0x0000000720e00000, 0x0000000721000000, 0x0000000721000000|100%| O|  |TAMS 0x0000000720e00000| PB 0x0000000720e00000| Untracked |  0
|   1|0x0000000721000000, 0x0000000721200000, 0x0000000721200000|100%| O|  |TAMS 0x0000000721000000| PB 0x0000000721000000| Untracked |  0
|   2|0x0000000721200000, 0x0000000721334c00, 0x0000000721400000| 60%| O|  |TAMS 0x0000000721200000| PB 0x0000000721200000| Untracked |  0
|   3|0x0000000721400000, 0x0000000721400000, 0x0000000721600000|  0%| F|  |TAMS 0x0000000721400000| PB 0x0000000721400000| Untracked |  0
|   4|0x0000000721600000, 0x0000000721600000, 0x0000000721800000|  0%| F|  |TAMS 0x0000000721600000| PB 0x0000000721600000| Untracked |  0
|   5|0x0000000721800000, 0x0000000721800000, 0x0000000721a00000|  0%| F|  |TAMS 0x0000000721800000| PB 0x0000000721800000| Untracked |  0
|   6|0x0000000721a00000, 0x0000000721a00000, 0x0000000721c00000|  0%| F|  |TAMS 0x0000000721a00000| PB 0x0000000721a00000| Untracked |  0
|   7|0x0000000721c00000, 0x0000000721c00000, 0x0000000721e00000|  0%| F|  |TAMS 0x0000000721c00000| PB 0x0000000721c00000| Untracked |  0
|   8|0x0000000721e00000, 0x0000000721e00000, 0x0000000722000000|  0%| F|  |TAMS 0x0000000721e00000| PB 0x0000000721e00000| Untracked |  0
|   9|0x0000000722000000, 0x0000000722000000, 0x0000000722200000|  0%| F|  |TAMS 0x0000000722000000| PB 0x0000000722000000| Untracked |  0
|  10|0x0000000722200000, 0x0000000722200000, 0x0000000722400000|  0%| F|  |TAMS 0x0000000722200000| PB 0x0000000722200000| Untracked |  0
|  11|0x0000000722400000, 0x0000000722400000, 0x0000000722600000|  0%| F|  |TAMS 0x0000000722400000| PB 0x0000000722400000| Untracked |  0
|  12|0x0000000722600000, 0x0000000722600000, 0x0000000722800000|  0%| F|  |TAMS 0x0000000722600000| PB 0x0000000722600000| Untracked |  0
|  13|0x0000000722800000, 0x0000000722800000, 0x0000000722a00000|  0%| F|  |TAMS 0x0000000722800000| PB 0x0000000722800000| Untracked |  0
|  14|0x0000000722a00000, 0x0000000722a00000, 0x0000000722c00000|  0%| F|  |TAMS 0x0000000722a00000| PB 0x0000000722a00000| Untracked |  0
|  15|0x0000000722c00000, 0x0000000722c00000, 0x0000000722e00000|  0%| F|  |TAMS 0x0000000722c00000| PB 0x0000000722c00000| Untracked |  0
|  16|0x0000000722e00000, 0x0000000722e00000, 0x0000000723000000|  0%| F|  |TAMS 0x0000000722e00000| PB 0x0000000722e00000| Untracked |  0
|  17|0x0000000723000000, 0x0000000723000000, 0x0000000723200000|  0%| F|  |TAMS 0x0000000723000000| PB 0x0000000723000000| Untracked |  0
|  18|0x0000000723200000, 0x0000000723200000, 0x0000000723400000|  0%| F|  |TAMS 0x0000000723200000| PB 0x0000000723200000| Untracked |  0
|  19|0x0000000723400000, 0x0000000723400000, 0x0000000723600000|  0%| F|  |TAMS 0x0000000723400000| PB 0x0000000723400000| Untracked |  0
|  20|0x0000000723600000, 0x0000000723600000, 0x0000000723800000|  0%| F|  |TAMS 0x0000000723600000| PB 0x0000000723600000| Untracked |  0
|  21|0x0000000723800000, 0x0000000723800000, 0x0000000723a00000|  0%| F|  |TAMS 0x0000000723800000| PB 0x0000000723800000| Untracked |  0
|  22|0x0000000723a00000, 0x0000000723a00000, 0x0000000723c00000|  0%| F|  |TAMS 0x0000000723a00000| PB 0x0000000723a00000| Untracked |  0
|  23|0x0000000723c00000, 0x0000000723c00000, 0x0000000723e00000|  0%| F|  |TAMS 0x0000000723c00000| PB 0x0000000723c00000| Untracked |  0
|  24|0x0000000723e00000, 0x0000000723e00000, 0x0000000724000000|  0%| F|  |TAMS 0x0000000723e00000| PB 0x0000000723e00000| Untracked |  0
|  25|0x0000000724000000, 0x0000000724000000, 0x0000000724200000|  0%| F|  |TAMS 0x0000000724000000| PB 0x0000000724000000| Untracked |  0
|  26|0x0000000724200000, 0x0000000724200000, 0x0000000724400000|  0%| F|  |TAMS 0x0000000724200000| PB 0x0000000724200000| Untracked |  0
|  27|0x0000000724400000, 0x0000000724400000, 0x0000000724600000|  0%| F|  |TAMS 0x0000000724400000| PB 0x0000000724400000| Untracked |  0
|  28|0x0000000724600000, 0x0000000724600000, 0x0000000724800000|  0%| F|  |TAMS 0x0000000724600000| PB 0x0000000724600000| Untracked |  0
|  29|0x0000000724800000, 0x0000000724800000, 0x0000000724a00000|  0%| F|  |TAMS 0x0000000724800000| PB 0x0000000724800000| Untracked |  0
|  30|0x0000000724a00000, 0x0000000724a00000, 0x0000000724c00000|  0%| F|  |TAMS 0x0000000724a00000| PB 0x0000000724a00000| Untracked |  0
|  31|0x0000000724c00000, 0x0000000724c00000, 0x0000000724e00000|  0%| F|  |TAMS 0x0000000724c00000| PB 0x0000000724c00000| Untracked |  0
|  32|0x0000000724e00000, 0x0000000724e00000, 0x0000000725000000|  0%| F|  |TAMS 0x0000000724e00000| PB 0x0000000724e00000| Untracked |  0
|  33|0x0000000725000000, 0x0000000725000000, 0x0000000725200000|  0%| F|  |TAMS 0x0000000725000000| PB 0x0000000725000000| Untracked |  0
|  34|0x0000000725200000, 0x0000000725200000, 0x0000000725400000|  0%| F|  |TAMS 0x0000000725200000| PB 0x0000000725200000| Untracked |  0
|  35|0x0000000725400000, 0x0000000725400000, 0x0000000725600000|  0%| F|  |TAMS 0x0000000725400000| PB 0x0000000725400000| Untracked |  0
|  36|0x0000000725600000, 0x0000000725600000, 0x0000000725800000|  0%| F|  |TAMS 0x0000000725600000| PB 0x0000000725600000| Untracked |  0
|  37|0x0000000725800000, 0x0000000725800000, 0x0000000725a00000|  0%| F|  |TAMS 0x0000000725800000| PB 0x0000000725800000| Untracked |  0
|  38|0x0000000725a00000, 0x0000000725a00000, 0x0000000725c00000|  0%| F|  |TAMS 0x0000000725a00000| PB 0x0000000725a00000| Untracked |  0
|  39|0x0000000725c00000, 0x0000000725c00000, 0x0000000725e00000|  0%| F|  |TAMS 0x0000000725c00000| PB 0x0000000725c00000| Untracked |  0
|  40|0x0000000725e00000, 0x0000000725e00000, 0x0000000726000000|  0%| F|  |TAMS 0x0000000725e00000| PB 0x0000000725e00000| Untracked |  0
|  41|0x0000000726000000, 0x0000000726000000, 0x0000000726200000|  0%| F|  |TAMS 0x0000000726000000| PB 0x0000000726000000| Untracked |  0
|  42|0x0000000726200000, 0x0000000726200000, 0x0000000726400000|  0%| F|  |TAMS 0x0000000726200000| PB 0x0000000726200000| Untracked |  0
|  43|0x0000000726400000, 0x0000000726400000, 0x0000000726600000|  0%| F|  |TAMS 0x0000000726400000| PB 0x0000000726400000| Untracked |  0
|  44|0x0000000726600000, 0x0000000726600000, 0x0000000726800000|  0%| F|  |TAMS 0x0000000726600000| PB 0x0000000726600000| Untracked |  0
|  45|0x0000000726800000, 0x0000000726800000, 0x0000000726a00000|  0%| F|  |TAMS 0x0000000726800000| PB 0x0000000726800000| Untracked |  0
|  46|0x0000000726a00000, 0x0000000726a00000, 0x0000000726c00000|  0%| F|  |TAMS 0x0000000726a00000| PB 0x0000000726a00000| Untracked |  0
|  47|0x0000000726c00000, 0x0000000726c00000, 0x0000000726e00000|  0%| F|  |TAMS 0x0000000726c00000| PB 0x0000000726c00000| Untracked |  0
|  48|0x0000000726e00000, 0x0000000726e00000, 0x0000000727000000|  0%| F|  |TAMS 0x0000000726e00000| PB 0x0000000726e00000| Untracked |  0
|  49|0x0000000727000000, 0x0000000727000000, 0x0000000727200000|  0%| F|  |TAMS 0x0000000727000000| PB 0x0000000727000000| Untracked |  0
|  50|0x0000000727200000, 0x0000000727200000, 0x0000000727400000|  0%| F|  |TAMS 0x0000000727200000| PB 0x0000000727200000| Untracked |  0
|  51|0x0000000727400000, 0x0000000727400000, 0x0000000727600000|  0%| F|  |TAMS 0x0000000727400000| PB 0x0000000727400000| Untracked |  0
|  52|0x0000000727600000, 0x0000000727600000, 0x0000000727800000|  0%| F|  |TAMS 0x0000000727600000| PB 0x0000000727600000| Untracked |  0
|  53|0x0000000727800000, 0x0000000727800000, 0x0000000727a00000|  0%| F|  |TAMS 0x0000000727800000| PB 0x0000000727800000| Untracked |  0
|  54|0x0000000727a00000, 0x0000000727a00000, 0x0000000727c00000|  0%| F|  |TAMS 0x0000000727a00000| PB 0x0000000727a00000| Untracked |  0
|  55|0x0000000727c00000, 0x0000000727c00000, 0x0000000727e00000|  0%| F|  |TAMS 0x0000000727c00000| PB 0x0000000727c00000| Untracked |  0
|  56|0x0000000727e00000, 0x0000000727e00000, 0x0000000728000000|  0%| F|  |TAMS 0x0000000727e00000| PB 0x0000000727e00000| Untracked |  0
|  57|0x0000000728000000, 0x0000000728000000, 0x0000000728200000|  0%| F|  |TAMS 0x0000000728000000| PB 0x0000000728000000| Untracked |  0
|  58|0x0000000728200000, 0x0000000728200000, 0x0000000728400000|  0%| F|  |TAMS 0x0000000728200000| PB 0x0000000728200000| Untracked |  0
|  59|0x0000000728400000, 0x0000000728400000, 0x0000000728600000|  0%| F|  |TAMS 0x0000000728400000| PB 0x0000000728400000| Untracked |  0
|  60|0x0000000728600000, 0x0000000728600000, 0x0000000728800000|  0%| F|  |TAMS 0x0000000728600000| PB 0x0000000728600000| Untracked |  0
|  61|0x0000000728800000, 0x0000000728800000, 0x0000000728a00000|  0%| F|  |TAMS 0x0000000728800000| PB 0x0000000728800000| Untracked |  0
|  62|0x0000000728a00000, 0x0000000728a00000, 0x0000000728c00000|  0%| F|  |TAMS 0x0000000728a00000| PB 0x0000000728a00000| Untracked |  0
|  63|0x0000000728c00000, 0x0000000728c00000, 0x0000000728e00000|  0%| F|  |TAMS 0x0000000728c00000| PB 0x0000000728c00000| Untracked |  0
|  64|0x0000000728e00000, 0x0000000728e00000, 0x0000000729000000|  0%| F|  |TAMS 0x0000000728e00000| PB 0x0000000728e00000| Untracked |  0
|  65|0x0000000729000000, 0x0000000729000000, 0x0000000729200000|  0%| F|  |TAMS 0x0000000729000000| PB 0x0000000729000000| Untracked |  0
|  66|0x0000000729200000, 0x0000000729200000, 0x0000000729400000|  0%| F|  |TAMS 0x0000000729200000| PB 0x0000000729200000| Untracked |  0
|  67|0x0000000729400000, 0x0000000729400000, 0x0000000729600000|  0%| F|  |TAMS 0x0000000729400000| PB 0x0000000729400000| Untracked |  0
|  68|0x0000000729600000, 0x0000000729600000, 0x0000000729800000|  0%| F|  |TAMS 0x0000000729600000| PB 0x0000000729600000| Untracked |  0
|  69|0x0000000729800000, 0x0000000729800000, 0x0000000729a00000|  0%| F|  |TAMS 0x0000000729800000| PB 0x0000000729800000| Untracked |  0
|  70|0x0000000729a00000, 0x0000000729a00000, 0x0000000729c00000|  0%| F|  |TAMS 0x0000000729a00000| PB 0x0000000729a00000| Untracked |  0
|  71|0x0000000729c00000, 0x0000000729c00000, 0x0000000729e00000|  0%| F|  |TAMS 0x0000000729c00000| PB 0x0000000729c00000| Untracked |  0
|  72|0x0000000729e00000, 0x0000000729e00000, 0x000000072a000000|  0%| F|  |TAMS 0x0000000729e00000| PB 0x0000000729e00000| Untracked |  0
|  73|0x000000072a000000, 0x000000072a000000, 0x000000072a200000|  0%| F|  |TAMS 0x000000072a000000| PB 0x000000072a000000| Untracked |  0
|  74|0x000000072a200000, 0x000000072a200000, 0x000000072a400000|  0%| F|  |TAMS 0x000000072a200000| PB 0x000000072a200000| Untracked |  0
|  75|0x000000072a400000, 0x000000072a400000, 0x000000072a600000|  0%| F|  |TAMS 0x000000072a400000| PB 0x000000072a400000| Untracked |  0
|  76|0x000000072a600000, 0x000000072a600000, 0x000000072a800000|  0%| F|  |TAMS 0x000000072a600000| PB 0x000000072a600000| Untracked |  0
|  77|0x000000072a800000, 0x000000072a800000, 0x000000072aa00000|  0%| F|  |TAMS 0x000000072a800000| PB 0x000000072a800000| Untracked |  0
|  78|0x000000072aa00000, 0x000000072aa00000, 0x000000072ac00000|  0%| F|  |TAMS 0x000000072aa00000| PB 0x000000072aa00000| Untracked |  0
|  79|0x000000072ac00000, 0x000000072ac00000, 0x000000072ae00000|  0%| F|  |TAMS 0x000000072ac00000| PB 0x000000072ac00000| Untracked |  0
|  80|0x000000072ae00000, 0x000000072ae00000, 0x000000072b000000|  0%| F|  |TAMS 0x000000072ae00000| PB 0x000000072ae00000| Untracked |  0
|  81|0x000000072b000000, 0x000000072b000000, 0x000000072b200000|  0%| F|  |TAMS 0x000000072b000000| PB 0x000000072b000000| Untracked |  0
|  82|0x000000072b200000, 0x000000072b200000, 0x000000072b400000|  0%| F|  |TAMS 0x000000072b200000| PB 0x000000072b200000| Untracked |  0
|  83|0x000000072b400000, 0x000000072b400000, 0x000000072b600000|  0%| F|  |TAMS 0x000000072b400000| PB 0x000000072b400000| Untracked |  0
|  84|0x000000072b600000, 0x000000072b600000, 0x000000072b800000|  0%| F|  |TAMS 0x000000072b600000| PB 0x000000072b600000| Untracked |  0
|  85|0x000000072b800000, 0x000000072b800000, 0x000000072ba00000|  0%| F|  |TAMS 0x000000072b800000| PB 0x000000072b800000| Untracked |  0
|  86|0x000000072ba00000, 0x000000072ba00000, 0x000000072bc00000|  0%| F|  |TAMS 0x000000072ba00000| PB 0x000000072ba00000| Untracked |  0
|  87|0x000000072bc00000, 0x000000072bc00000, 0x000000072be00000|  0%| F|  |TAMS 0x000000072bc00000| PB 0x000000072bc00000| Untracked |  0
|  88|0x000000072be00000, 0x000000072be00000, 0x000000072c000000|  0%| F|  |TAMS 0x000000072be00000| PB 0x000000072be00000| Untracked |  0
|  89|0x000000072c000000, 0x000000072c000000, 0x000000072c200000|  0%| F|  |TAMS 0x000000072c000000| PB 0x000000072c000000| Untracked |  0
|  90|0x000000072c200000, 0x000000072c200000, 0x000000072c400000|  0%| F|  |TAMS 0x000000072c200000| PB 0x000000072c200000| Untracked |  0
|  91|0x000000072c400000, 0x000000072c400000, 0x000000072c600000|  0%| F|  |TAMS 0x000000072c400000| PB 0x000000072c400000| Untracked |  0
|  92|0x000000072c600000, 0x000000072c600000, 0x000000072c800000|  0%| F|  |TAMS 0x000000072c600000| PB 0x000000072c600000| Untracked |  0
|  93|0x000000072c800000, 0x000000072c8472b0, 0x000000072ca00000| 13%| S|CS|TAMS 0x000000072c800000| PB 0x000000072c800000| Complete |  0
|  94|0x000000072ca00000, 0x000000072cc00000, 0x000000072cc00000|100%| S|CS|TAMS 0x000000072ca00000| PB 0x000000072ca00000| Complete |  0
|  95|0x000000072cc00000, 0x000000072cc00000, 0x000000072ce00000|  0%| F|  |TAMS 0x000000072cc00000| PB 0x000000072cc00000| Untracked |  0
|  96|0x000000072ce00000, 0x000000072ce00000, 0x000000072d000000|  0%| F|  |TAMS 0x000000072ce00000| PB 0x000000072ce00000| Untracked |  0
|  97|0x000000072d000000, 0x000000072d000000, 0x000000072d200000|  0%| F|  |TAMS 0x000000072d000000| PB 0x000000072d000000| Untracked |  0
|  98|0x000000072d200000, 0x000000072d200000, 0x000000072d400000|  0%| F|  |TAMS 0x000000072d200000| PB 0x000000072d200000| Untracked |  0
|  99|0x000000072d400000, 0x000000072d400000, 0x000000072d600000|  0%| F|  |TAMS 0x000000072d400000| PB 0x000000072d400000| Untracked |  0
| 100|0x000000072d600000, 0x000000072d600000, 0x000000072d800000|  0%| F|  |TAMS 0x000000072d600000| PB 0x000000072d600000| Untracked |  0
| 101|0x000000072d800000, 0x000000072d800000, 0x000000072da00000|  0%| F|  |TAMS 0x000000072d800000| PB 0x000000072d800000| Untracked |  0
| 102|0x000000072da00000, 0x000000072da00000, 0x000000072dc00000|  0%| F|  |TAMS 0x000000072da00000| PB 0x000000072da00000| Untracked |  0
| 103|0x000000072dc00000, 0x000000072dc00000, 0x000000072de00000|  0%| F|  |TAMS 0x000000072dc00000| PB 0x000000072dc00000| Untracked |  0
| 104|0x000000072de00000, 0x000000072de00000, 0x000000072e000000|  0%| F|  |TAMS 0x000000072de00000| PB 0x000000072de00000| Untracked |  0
| 105|0x000000072e000000, 0x000000072e000000, 0x000000072e200000|  0%| F|  |TAMS 0x000000072e000000| PB 0x000000072e000000| Untracked |  0
| 106|0x000000072e200000, 0x000000072e200000, 0x000000072e400000|  0%| F|  |TAMS 0x000000072e200000| PB 0x000000072e200000| Untracked |  0
| 107|0x000000072e400000, 0x000000072e400000, 0x000000072e600000|  0%| F|  |TAMS 0x000000072e400000| PB 0x000000072e400000| Untracked |  0
| 108|0x000000072e600000, 0x000000072e600000, 0x000000072e800000|  0%| F|  |TAMS 0x000000072e600000| PB 0x000000072e600000| Untracked |  0
| 109|0x000000072e800000, 0x000000072e800000, 0x000000072ea00000|  0%| F|  |TAMS 0x000000072e800000| PB 0x000000072e800000| Untracked |  0
| 110|0x000000072ea00000, 0x000000072eac0b50, 0x000000072ec00000| 37%| E|  |TAMS 0x000000072ea00000| PB 0x000000072ea00000| Complete |  0
| 111|0x000000072ec00000, 0x000000072ee00000, 0x000000072ee00000|100%| E|CS|TAMS 0x000000072ec00000| PB 0x000000072ec00000| Complete |  0

Card table byte_map: [0x0000019ff9aa0000,0x0000019ffa1a0000] _byte_map_base: 0x0000019ff6199000

Marking Bits: (CMBitMap*) 0x0000019ff8ffa040
 Bits: [0x0000019ffa1a0000, 0x0000019ffd968000)

Polling page: 0x0000019ff6f20000

Metaspace:

Usage:
  Non-class:      8.53 MB used.
      Class:      1.19 MB used.
       Both:      9.71 MB used.

Virtual space:
  Non-class space:       64.00 MB reserved,       8.62 MB ( 13%) committed,  1 nodes.
      Class space:        1.00 GB reserved,       1.25 MB ( <1%) committed,  1 nodes.
             Both:        1.06 GB reserved,       9.88 MB ( <1%) committed. 

Chunk freelists:
   Non-Class:  5.86 MB
       Class:  14.75 MB
        Both:  20.61 MB

MaxMetaspaceSize: unlimited
CompressedClassSpaceSize: 1.00 GB
Initial GC threshold: 21.00 MB
Current GC threshold: 21.00 MB
CDS: on
 - commit_granule_bytes: 65536.
 - commit_granule_words: 8192.
 - virtual_space_node_default_size: 8388608.
 - enlarge_chunks_in_place: 1.
 - use_allocation_guard: 0.


Internal statistics:

num_allocs_failed_limit: 0.
num_arena_births: 72.
num_arena_deaths: 0.
num_vsnodes_births: 2.
num_vsnodes_deaths: 0.
num_space_committed: 158.
num_space_uncommitted: 0.
num_chunks_returned_to_freelist: 0.
num_chunks_taken_from_freelist: 389.
num_chunk_merges: 0.
num_chunk_splits: 271.
num_chunks_enlarged: 231.
num_inconsistent_stats: 0.

CodeHeap 'non-profiled nmethods': size=120000Kb used=763Kb max_used=763Kb free=119236Kb
 bounds [0x0000019f8fd50000, 0x0000019f8ffc0000, 0x0000019f97280000]
CodeHeap 'profiled nmethods': size=120000Kb used=3597Kb max_used=3597Kb free=116402Kb
 bounds [0x0000019f88280000, 0x0000019f88610000, 0x0000019f8f7b0000]
CodeHeap 'non-nmethods': size=5760Kb used=1374Kb max_used=1410Kb free=4385Kb
 bounds [0x0000019f8f7b0000, 0x0000019f8fa20000, 0x0000019f8fd50000]
 total_blobs=2349 nmethods=1875 adapters=379
 compilation: enabled
              stopped_count=0, restarted_count=0
 full_count=0

Compilation events (20 events):
Event: 3.153 Thread 0x0000019f97655eb0 1866       3       com.google.inject.internal.BindingImpl::acceptVisitor (8 bytes)
Event: 3.153 Thread 0x0000019f97655eb0 nmethod 1866 0x0000019f885ffe10 code [0x0000019f885fffc0, 0x0000019f886001a0]
Event: 3.153 Thread 0x0000019f97655eb0 1867       3       org.eclipse.sisu.wire.ElementAnalyzer::visit (6 bytes)
Event: 3.154 Thread 0x0000019f97655eb0 nmethod 1867 0x0000019f88600290 code [0x0000019f88600440, 0x0000019f88600578]
Event: 3.160 Thread 0x0000019f97655eb0 1868       3       java.lang.reflect.Constructor::<init> (50 bytes)
Event: 3.161 Thread 0x0000019f97655eb0 nmethod 1868 0x0000019f88600610 code [0x0000019f886007e0, 0x0000019f88600c80]
Event: 3.161 Thread 0x0000019f97655eb0 1869       3       org.eclipse.sisu.wire.ElementAnalyzer::isParameters (25 bytes)
Event: 3.161 Thread 0x0000019f97655eb0 nmethod 1869 0x0000019f88600d90 code [0x0000019f88600f40, 0x0000019f886011f8]
Event: 3.168 Thread 0x0000019f97655eb0 1870       3       java.lang.reflect.Constructor::copy (72 bytes)
Event: 3.169 Thread 0x0000019f97655eb0 nmethod 1870 0x0000019f88601310 code [0x0000019f886014e0, 0x0000019f886018c0]
Event: 3.169 Thread 0x0000019f97655eb0 1871       3       java.lang.Boolean::equals (29 bytes)
Event: 3.169 Thread 0x0000019f97655eb0 nmethod 1871 0x0000019f88601a10 code [0x0000019f88601bc0, 0x0000019f88601f50]
Event: 3.169 Thread 0x0000019f97655eb0 1872       3       com.google.inject.spi.Elements::withTrustedSource (29 bytes)
Event: 3.170 Thread 0x0000019f97655eb0 nmethod 1872 0x0000019f88602010 code [0x0000019f88602200, 0x0000019f886027b0]
Event: 3.174 Thread 0x0000019f97655eb0 1873       1       com.google.inject.internal.LinkedBindingImpl::getLinkedKey (5 bytes)
Event: 3.174 Thread 0x0000019f97655eb0 nmethod 1873 0x0000019f8fe0e910 code [0x0000019f8fe0eaa0, 0x0000019f8fe0eb70]
Event: 3.176 Thread 0x0000019f97655eb0 1874       3       com.google.inject.spi.Elements$RecordingBinder::<init> (151 bytes)
Event: 3.177 Thread 0x0000019f97655eb0 nmethod 1874 0x0000019f88602990 code [0x0000019f88602ba0, 0x0000019f88603518]
Event: 3.181 Thread 0x0000019f97650ac0 1875       4       java.lang.invoke.Invokers$Holder::linkToTargetMethod (8 bytes)
Event: 3.182 Thread 0x0000019f97650ac0 nmethod 1875 0x0000019f8fe0ec10 code [0x0000019f8fe0eda0, 0x0000019f8fe0ee78]

GC Heap History (4 events):
Event: 1.606 GC heap before
{Heap before GC invocations=0 (full 0):
 garbage-first heap   total reserved 3655680K, committed 229376K, used 24576K [0x0000000720e00000, 0x0000000800000000)
  region size 2048K, 12 young (24576K), 0 survivors (0K)
 Metaspace       used 5530K, committed 5760K, reserved 1114112K
  class space    used 660K, committed 768K, reserved 1048576K
}
Event: 1.621 GC heap after
{Heap after GC invocations=1 (full 0):
 garbage-first heap   total reserved 3655680K, committed 229376K, used 5350K [0x0000000720e00000, 0x0000000800000000)
  region size 2048K, 2 young (4096K), 2 survivors (4096K)
 Metaspace       used 5530K, committed 5760K, reserved 1114112K
  class space    used 660K, committed 768K, reserved 1048576K
}
Event: 3.002 GC heap before
{Heap before GC invocations=1 (full 0):
 garbage-first heap   total reserved 3655680K, committed 229376K, used 34022K [0x0000000720e00000, 0x0000000800000000)
  region size 2048K, 17 young (34816K), 2 survivors (4096K)
 Metaspace       used 9495K, committed 9664K, reserved 1114112K
  class space    used 1150K, committed 1216K, reserved 1048576K
}
Event: 3.010 GC heap after
{Heap after GC invocations=2 (full 0):
 garbage-first heap   total reserved 3655680K, committed 229376K, used 7663K [0x0000000720e00000, 0x0000000800000000)
  region size 2048K, 2 young (4096K), 2 survivors (4096K)
 Metaspace       used 9495K, committed 9664K, reserved 1114112K
  class space    used 1150K, committed 1216K, reserved 1048576K
}

Dll operation events (8 events):
Event: 0.018 Loaded shared library C:\Program Files\Java\jdk-22\bin\java.dll
Event: 0.089 Loaded shared library C:\Program Files\Java\jdk-22\bin\jsvml.dll
Event: 0.132 Loaded shared library C:\Program Files\Java\jdk-22\bin\net.dll
Event: 0.137 Loaded shared library C:\Program Files\Java\jdk-22\bin\nio.dll
Event: 0.144 Loaded shared library C:\Program Files\Java\jdk-22\bin\zip.dll
Event: 0.415 Loaded shared library C:\Program Files\Java\jdk-22\bin\jimage.dll
Event: 0.419 Loaded shared library C:\Program Files\apache-maven-3.9.9\lib\jansi-native\Windows\x86_64\jansi.dll
Event: 0.453 Loaded shared library C:\Program Files\Java\jdk-22\bin\verify.dll

Deoptimization events (20 events):
Event: 2.975 Thread 0x0000019ff6cdf940 Uncommon trap: trap_request=0xffffffd6 fr.pc=0x0000019f8fe09c18 relative=0x0000000000000178
Event: 2.975 Thread 0x0000019ff6cdf940 Uncommon trap: reason=array_check action=maybe_recompile pc=0x0000019f8fe09c18 method=java.util.stream.Nodes$FixedNodeBuilder.accept(Ljava/lang/Object;)V @ 28 c2
Event: 2.975 Thread 0x0000019ff6cdf940 DEOPT PACKING pc=0x0000019f8fe09c18 sp=0x0000000ccc3fe110
Event: 2.975 Thread 0x0000019ff6cdf940 DEOPT UNPACKING pc=0x0000019f8f8046a2 sp=0x0000000ccc3fe0b0 mode 2
Event: 3.001 Thread 0x0000019ff6cdf940 Uncommon trap: trap_request=0xffffffc6 fr.pc=0x0000019f8fdd8624 relative=0x0000000000000324
Event: 3.001 Thread 0x0000019ff6cdf940 Uncommon trap: reason=bimorphic_or_optimized_type_check action=maybe_recompile pc=0x0000019f8fdd8624 method=java.util.HashMap.getNode(Ljava/lang/Object;)Ljava/util/HashMap$Node; @ 63 c2
Event: 3.001 Thread 0x0000019ff6cdf940 DEOPT PACKING pc=0x0000019f8fdd8624 sp=0x0000000ccc3fe720
Event: 3.001 Thread 0x0000019ff6cdf940 DEOPT UNPACKING pc=0x0000019f8f8046a2 sp=0x0000000ccc3fe688 mode 2
Event: 3.011 Thread 0x0000019ff6cdf940 Uncommon trap: trap_request=0xffffffc6 fr.pc=0x0000019f8fe08fa8 relative=0x00000000000002c8
Event: 3.011 Thread 0x0000019ff6cdf940 Uncommon trap: reason=bimorphic_or_optimized_type_check action=maybe_recompile pc=0x0000019f8fe08fa8 method=java.util.HashMap.getNode(Ljava/lang/Object;)Ljava/util/HashMap$Node; @ 63 c2
Event: 3.011 Thread 0x0000019ff6cdf940 DEOPT PACKING pc=0x0000019f8fe08fa8 sp=0x0000000ccc3fe5f0
Event: 3.011 Thread 0x0000019ff6cdf940 DEOPT UNPACKING pc=0x0000019f8f8046a2 sp=0x0000000ccc3fe4f8 mode 2
Event: 3.016 Thread 0x0000019ff6cdf940 Uncommon trap: trap_request=0xffffffc6 fr.pc=0x0000019f8fdd8648 relative=0x0000000000000348
Event: 3.016 Thread 0x0000019ff6cdf940 Uncommon trap: reason=bimorphic_or_optimized_type_check action=maybe_recompile pc=0x0000019f8fdd8648 method=java.util.HashMap.getNode(Ljava/lang/Object;)Ljava/util/HashMap$Node; @ 128 c2
Event: 3.016 Thread 0x0000019ff6cdf940 DEOPT PACKING pc=0x0000019f8fdd8648 sp=0x0000000ccc3fe470
Event: 3.016 Thread 0x0000019ff6cdf940 DEOPT UNPACKING pc=0x0000019f8f8046a2 sp=0x0000000ccc3fe3d8 mode 2
Event: 3.016 Thread 0x0000019ff6cdf940 Uncommon trap: trap_request=0xffffffc6 fr.pc=0x0000019f8fe08fa8 relative=0x00000000000002c8
Event: 3.016 Thread 0x0000019ff6cdf940 Uncommon trap: reason=bimorphic_or_optimized_type_check action=maybe_recompile pc=0x0000019f8fe08fa8 method=java.util.HashMap.getNode(Ljava/lang/Object;)Ljava/util/HashMap$Node; @ 63 c2
Event: 3.016 Thread 0x0000019ff6cdf940 DEOPT PACKING pc=0x0000019f8fe08fa8 sp=0x0000000ccc3fe5f0
Event: 3.016 Thread 0x0000019ff6cdf940 DEOPT UNPACKING pc=0x0000019f8f8046a2 sp=0x0000000ccc3fe4f8 mode 2

Classes loaded (20 events):
Event: 2.735 Loading class java/util/EventObject
Event: 2.736 Loading class java/util/EventObject done
Event: 2.892 Loading class java/lang/reflect/Executable$ParameterData
Event: 2.892 Loading class java/lang/reflect/Executable$ParameterData done
Event: 2.892 Loading class sun/reflect/generics/scope/ConstructorScope
Event: 2.892 Loading class sun/reflect/generics/scope/ConstructorScope done
Event: 2.892 Loading class sun/reflect/generics/repository/ConstructorRepository
Event: 2.893 Loading class sun/reflect/generics/repository/ConstructorRepository done
Event: 2.893 Loading class sun/reflect/generics/tree/VoidDescriptor
Event: 2.893 Loading class sun/reflect/generics/tree/VoidDescriptor done
Event: 2.893 Loading class sun/reflect/generics/tree/MethodTypeSignature
Event: 2.893 Loading class sun/reflect/generics/tree/MethodTypeSignature done
Event: 2.965 Loading class java/util/concurrent/CompletionService
Event: 2.965 Loading class java/util/concurrent/CompletionService done
Event: 3.097 Loading class sun/reflect/generics/repository/FieldRepository
Event: 3.098 Loading class sun/reflect/generics/repository/FieldRepository done
Event: 3.142 Loading class java/io/UncheckedIOException
Event: 3.142 Loading class java/io/UncheckedIOException done
Event: 3.186 Loading class java/util/concurrent/atomic/AtomicBoolean
Event: 3.187 Loading class java/util/concurrent/atomic/AtomicBoolean done

Classes unloaded (0 events):
No events

Classes redefined (0 events):
No events

Internal exceptions (20 events):
Event: 0.431 Thread 0x0000019ff6cdf940 Exception <a 'java/lang/NullPointerException'{0x000000072e9c72f0}> (0x000000072e9c72f0) 
thrown [s\open\src\hotspot\share\interpreter\linkResolver.cpp, line 1374]
Event: 0.431 Thread 0x0000019ff6cdf940 Exception <a 'java/lang/NullPointerException'{0x000000072e9c75d0}> (0x000000072e9c75d0) 
thrown [s\open\src\hotspot\share\interpreter\linkResolver.cpp, line 1374]
Event: 0.431 Thread 0x0000019ff6cdf940 Exception <a 'java/lang/NullPointerException'{0x000000072e9c78b0}> (0x000000072e9c78b0) 
thrown [s\open\src\hotspot\share\interpreter\linkResolver.cpp, line 1374]
Event: 0.434 Thread 0x0000019ff6cdf940 Exception <a 'java/lang/NullPointerException'{0x000000072e9cd280}> (0x000000072e9cd280) 
thrown [s\open\src\hotspot\share\interpreter\linkResolver.cpp, line 1374]
Event: 0.438 Thread 0x0000019ff6cdf940 Exception <a 'java/lang/NullPointerException'{0x000000072e9e0478}> (0x000000072e9e0478) 
thrown [s\open\src\hotspot\share\interpreter\linkResolver.cpp, line 1374]
Event: 0.439 Thread 0x0000019ff6cdf940 Exception <a 'java/lang/NullPointerException'{0x000000072e9e0758}> (0x000000072e9e0758) 
thrown [s\open\src\hotspot\share\interpreter\linkResolver.cpp, line 1374]
Event: 0.439 Thread 0x0000019ff6cdf940 Exception <a 'java/lang/NullPointerException'{0x000000072e9e0a38}> (0x000000072e9e0a38) 
thrown [s\open\src\hotspot\share\interpreter\linkResolver.cpp, line 1374]
Event: 0.439 Thread 0x0000019ff6cdf940 Exception <a 'java/lang/NullPointerException'{0x000000072e9e0d18}> (0x000000072e9e0d18) 
thrown [s\open\src\hotspot\share\interpreter\linkResolver.cpp, line 1374]
Event: 0.474 Thread 0x0000019ff6cdf940 Exception <a 'java/lang/NoSuchMethodError'{0x000000072e6d1718}: 'void java.lang.invoke.DirectMethodHandle$Holder.invokeStatic(java.lang.Object, java.lang.Object)'> (0x000000072e6d1718) 
thrown [s\open\src\hotspot\share\interpreter\linkResolver.cpp, line 774]
Event: 0.475 Thread 0x0000019ff6cdf940 Exception <a 'java/lang/NoSuchMethodError'{0x000000072e6d4b18}: 'void java.lang.invoke.DirectMethodHandle$Holder.invokeStaticInit(java.lang.Object, java.lang.Object)'> (0x000000072e6d4b18) 
thrown [s\open\src\hotspot\share\interpreter\linkResolver.cpp, line 774]
Event: 0.499 Thread 0x0000019ff6cdf940 Exception <a 'java/lang/NoSuchMethodError'{0x000000072e709de8}: 'void java.lang.invoke.DirectMethodHandle$Holder.invokeStatic(java.lang.Object, java.lang.Object, java.lang.Object)'> (0x000000072e709de8) 
thrown [s\open\src\hotspot\share\interpreter\linkResolver.cpp, line 774]
Event: 0.679 Thread 0x0000019ff6cdf940 Exception <a 'java/lang/NoSuchMethodError'{0x000000072e4789d0}: 'java.lang.Object java.lang.invoke.DirectMethodHandle$Holder.invokeSpecialIFC(java.lang.Object, java.lang.Object, java.lang.Object, java.lang.Object)'> (0x000000072e4789d0) 
thrown [s\open\src\hotspot\share\interpreter\linkResolver.cpp, line 774]
Event: 1.147 Thread 0x0000019ff6cdf940 Exception <a 'java/lang/NoSuchMethodError'{0x000000072df057b0}: 'void java.lang.invoke.DirectMethodHandle$Holder.invokeSpecial(java.lang.Object, java.lang.Object, java.lang.Object)'> (0x000000072df057b0) 
thrown [s\open\src\hotspot\share\interpreter\linkResolver.cpp, line 774]
Event: 1.236 Thread 0x0000019ff6cdf940 Exception <a 'java/lang/NoSuchMethodError'{0x000000072dc4d9e0}: 'java.lang.Object java.lang.invoke.DirectMethodHandle$Holder.invokeInterface(java.lang.Object, java.lang.Object)'> (0x000000072dc4d9e0) 
thrown [s\open\src\hotspot\share\interpreter\linkResolver.cpp, line 774]
Event: 1.281 Thread 0x0000019ff6cdf940 Exception <a 'java/lang/NoSuchMethodError'{0x000000072dce53c0}: 'int java.lang.invoke.DirectMethodHandle$Holder.invokeStatic(java.lang.Object, java.lang.Object, java.lang.Object, java.lang.Object)'> (0x000000072dce53c0) 
thrown [s\open\src\hotspot\share\interpreter\linkResolver.cpp, line 774]
Event: 1.282 Thread 0x0000019ff6cdf940 Exception <a 'java/lang/NoSuchMethodError'{0x000000072dce8a80}: 'java.lang.Object java.lang.invoke.Invokers$Holder.invokeExact_MT(java.lang.Object, java.lang.Object, java.lang.Object, java.lang.Object, java.lang.Object, java.lang.Object)'> (0x000000072dce8a80) 
thrown [s\open\src\hotspot\share\interpreter\linkResolver.cpp, line 774]
Event: 1.286 Thread 0x0000019ff6cdf940 Exception <a 'java/lang/NoSuchMethodError'{0x000000072dcf7a20}: 'int java.lang.invoke.DirectMethodHandle$Holder.invokeSpecialIFC(java.lang.Object, java.lang.Object, java.lang.Object, java.lang.Object, java.lang.Object)'> (0x000000072dcf7a20) 
thrown [s\open\src\hotspot\share\interpreter\linkResolver.cpp, line 774]
Event: 1.392 Thread 0x0000019ff6cdf940 Exception <a 'java/lang/NoSuchMethodError'{0x000000072da7b220}: 'java.lang.Object java.lang.invoke.DirectMethodHandle$Holder.newInvokeSpecial(java.lang.Object, java.lang.Object, java.lang.Object, java.lang.Object, java.lang.Object)'> (0x000000072da7b220) 
thrown [s\open\src\hotspot\share\interpreter\linkResolver.cpp, line 774]
Event: 1.450 Thread 0x0000019ff6cdf940 Exception <a 'java/lang/NoSuchMethodError'{0x000000072dbf3328}: 'int java.lang.invoke.DirectMethodHandle$Holder.invokeStaticInit(java.lang.Object, java.lang.Object)'> (0x000000072dbf3328) 
thrown [s\open\src\hotspot\share\interpreter\linkResolver.cpp, line 774]
Event: 1.465 Thread 0x0000019ff6cdf940 Exception <a 'java/lang/NoClassDefFoundError'{0x000000072d829b30}: javax/enterprise/inject/Typed> (0x000000072d829b30) 
thrown [s\open\src\hotspot\share\classfile\systemDictionary.cpp, line 302]

ZGC Phase Switch (0 events):
No events

VM Operations (18 events):
Event: 0.146 Executing VM operation: HandshakeAllThreads (Deoptimize)
Event: 0.146 Executing VM operation: HandshakeAllThreads (Deoptimize) done
Event: 0.405 Executing VM operation: HandshakeAllThreads (Deoptimize)
Event: 0.405 Executing VM operation: HandshakeAllThreads (Deoptimize) done
Event: 0.420 Executing VM operation: HandshakeAllThreads (Deoptimize)
Event: 0.420 Executing VM operation: HandshakeAllThreads (Deoptimize) done
Event: 1.427 Executing VM operation: Cleanup
Event: 1.428 Executing VM operation: Cleanup done
Event: 1.605 Executing VM operation: G1CollectForAllocation (G1 Evacuation Pause)
Event: 1.621 Executing VM operation: G1CollectForAllocation (G1 Evacuation Pause) done
Event: 2.483 Executing VM operation: HandshakeAllThreads (Deoptimize)
Event: 2.483 Executing VM operation: HandshakeAllThreads (Deoptimize) done
Event: 2.772 Executing VM operation: HandshakeAllThreads (Deoptimize)
Event: 2.772 Executing VM operation: HandshakeAllThreads (Deoptimize) done
Event: 2.772 Executing VM operation: Cleanup
Event: 2.772 Executing VM operation: Cleanup done
Event: 3.001 Executing VM operation: G1CollectForAllocation (G1 Evacuation Pause)
Event: 3.010 Executing VM operation: G1CollectForAllocation (G1 Evacuation Pause) done

Events (18 events):
Event: 0.052 Thread 0x0000019ff6cdf940 Thread added: 0x0000019ff6cdf940
Event: 0.082 Thread 0x0000019f976393c0 Thread added: 0x0000019f976393c0
Event: 0.082 Thread 0x0000019f9763c440 Thread added: 0x0000019f9763c440
Event: 0.083 Thread 0x0000019f9763d780 Thread added: 0x0000019f9763d780
Event: 0.084 Thread 0x0000019f9763ebb0 Thread added: 0x0000019f9763ebb0
Event: 0.084 Thread 0x0000019f9763f740 Thread added: 0x0000019f9763f740
Event: 0.085 Thread 0x0000019f976457e0 Thread added: 0x0000019f976457e0
Event: 0.085 Thread 0x0000019f97650ac0 Thread added: 0x0000019f97650ac0
Event: 0.085 Thread 0x0000019f97655eb0 Thread added: 0x0000019f97655eb0
Event: 0.122 Thread 0x0000019f978d7ca0 Thread added: 0x0000019f978d7ca0
Event: 0.127 Thread 0x0000019f978dcb40 Thread added: 0x0000019f978dcb40
Event: 0.412 Thread 0x0000019f97b57170 Thread added: 0x0000019f97b57170
Event: 0.934 Thread 0x0000019f97654a40 Thread added: 0x0000019f97654a40
Event: 1.227 Thread 0x0000019f97654a40 Thread exited: 0x0000019f97654a40
Event: 1.498 Thread 0x0000019f97655110 Thread added: 0x0000019f97655110
Event: 1.524 Thread 0x0000019f976557e0 Thread added: 0x0000019f976557e0
Event: 2.702 Thread 0x0000019f976557e0 Thread exited: 0x0000019f976557e0
Event: 2.708 Thread 0x0000019f97655110 Thread exited: 0x0000019f97655110


Dynamic libraries:
0x00007ff772520000 - 0x00007ff772530000 	C:\Program Files\Java\jdk-22\bin\java.exe
0x00007ff9ee500000 - 0x00007ff9ee709000 	C:\WINDOWS\SYSTEM32\ntdll.dll
0x00007ff9ed280000 - 0x00007ff9ed33d000 	C:\WINDOWS\System32\KERNEL32.DLL
0x00007ff9ebd20000 - 0x00007ff9ec0a4000 	C:\WINDOWS\System32\KERNELBASE.dll
0x00007ff9ebc00000 - 0x00007ff9ebd11000 	C:\WINDOWS\System32\ucrtbase.dll
0x00007ff9dbb50000 - 0x00007ff9dbb67000 	C:\Program Files\Java\jdk-22\bin\jli.dll
0x00007ff9db8e0000 - 0x00007ff9db8fb000 	C:\Program Files\Java\jdk-22\bin\VCRUNTIME140.dll
0x00007ff9ecc70000 - 0x00007ff9ecd1e000 	C:\WINDOWS\System32\ADVAPI32.dll
0x00007ff9ed8f0000 - 0x00007ff9ed993000 	C:\WINDOWS\System32\msvcrt.dll
0x00007ff9ed560000 - 0x00007ff9ed5fe000 	C:\WINDOWS\System32\sechost.dll
0x00007ff9ee230000 - 0x00007ff9ee351000 	C:\WINDOWS\System32\RPCRT4.dll
0x00007ff9eda20000 - 0x00007ff9edbcd000 	C:\WINDOWS\System32\USER32.dll
0x00007ff9eab90000 - 0x00007ff9eae35000 	C:\WINDOWS\WinSxS\amd64_microsoft.windows.common-controls_6595b64144ccf1df_6.0.22000.120_none_9d947278b86cc467\COMCTL32.dll
0x00007ff9ebab0000 - 0x00007ff9ebad6000 	C:\WINDOWS\System32\win32u.dll
0x00007ff9ecc40000 - 0x00007ff9ecc6a000 	C:\WINDOWS\System32\GDI32.dll
0x00007ff9eb990000 - 0x00007ff9ebaae000 	C:\WINDOWS\System32\gdi32full.dll
0x00007ff9ebb60000 - 0x00007ff9ebbfd000 	C:\WINDOWS\System32\msvcp_win.dll
0x00007ff9e4970000 - 0x00007ff9e497a000 	C:\WINDOWS\SYSTEM32\VERSION.dll
0x00007ff9ee1f0000 - 0x00007ff9ee221000 	C:\WINDOWS\System32\IMM32.DLL
0x00007ff9d7550000 - 0x00007ff9d755c000 	C:\Program Files\Java\jdk-22\bin\vcruntime140_1.dll
0x00007ff9be960000 - 0x00007ff9be9ee000 	C:\Program Files\Java\jdk-22\bin\msvcp140.dll
0x00007ff956e40000 - 0x00007ff957b88000 	C:\Program Files\Java\jdk-22\bin\server\jvm.dll
0x00007ff9ee360000 - 0x00007ff9ee3cf000 	C:\WINDOWS\System32\WS2_32.dll
0x00007ff9eb860000 - 0x00007ff9eb8ad000 	C:\WINDOWS\SYSTEM32\POWRPROF.dll
0x00007ff9e5ec0000 - 0x00007ff9e5ef3000 	C:\WINDOWS\SYSTEM32\WINMM.dll
0x00007ff9eb840000 - 0x00007ff9eb853000 	C:\WINDOWS\SYSTEM32\UMPDC.dll
0x00007ff9ea350000 - 0x00007ff9ea368000 	C:\WINDOWS\SYSTEM32\kernel.appcore.dll
0x00007ff9d6b40000 - 0x00007ff9d6b4a000 	C:\Program Files\Java\jdk-22\bin\jimage.dll
0x00007ff9eb230000 - 0x00007ff9eb451000 	C:\WINDOWS\SYSTEM32\DBGHELP.DLL
0x00007ff9eb100000 - 0x00007ff9eb131000 	C:\WINDOWS\SYSTEM32\dbgcore.DLL
0x00007ff9ebae0000 - 0x00007ff9ebb5f000 	C:\WINDOWS\System32\bcryptPrimitives.dll
0x00007ff9d5650000 - 0x00007ff9d566e000 	C:\Program Files\Java\jdk-22\bin\java.dll
0x00007ff9ec440000 - 0x00007ff9ecc05000 	C:\WINDOWS\System32\SHELL32.dll
0x00007ff9ed340000 - 0x00007ff9ed4da000 	C:\WINDOWS\System32\ole32.dll
0x00007ff9edc40000 - 0x00007ff9edfb6000 	C:\WINDOWS\System32\combase.dll
0x00007ff9e8c80000 - 0x00007ff9e94e2000 	C:\WINDOWS\SYSTEM32\windows.storage.dll
0x00007ff9e8b10000 - 0x00007ff9e8c77000 	C:\WINDOWS\SYSTEM32\wintypes.dll
0x00007ff9edfc0000 - 0x00007ff9ee0aa000 	C:\WINDOWS\System32\SHCORE.dll
0x00007ff9ee460000 - 0x00007ff9ee4bd000 	C:\WINDOWS\System32\shlwapi.dll
0x00007ff9eb8c0000 - 0x00007ff9eb8e5000 	C:\WINDOWS\SYSTEM32\profapi.dll
0x00007ff9ac2d0000 - 0x00007ff9ac3a7000 	C:\Program Files\Java\jdk-22\bin\jsvml.dll
0x00007ff9d6b30000 - 0x00007ff9d6b40000 	C:\Program Files\Java\jdk-22\bin\net.dll
0x00007ff9ea7c0000 - 0x00007ff9ea827000 	C:\WINDOWS\system32\mswsock.dll
0x00007ff9cff90000 - 0x00007ff9cffa6000 	C:\Program Files\Java\jdk-22\bin\nio.dll
0x00007ff9cb940000 - 0x00007ff9cb957000 	C:\Program Files\Java\jdk-22\bin\zip.dll
0x00007ff9c8f70000 - 0x00007ff9c8f94000 	C:\Program Files\apache-maven-3.9.9\lib\jansi-native\Windows\x86_64\jansi.dll
0x00007ff9d5640000 - 0x00007ff9d5650000 	C:\Program Files\Java\jdk-22\bin\verify.dll

dbghelp: loaded successfully - version: 4.0.5 - missing functions: none
symbol engine: initialized successfully - sym options: 0x614 - pdb path: .;C:\Program Files\Java\jdk-22\bin;C:\WINDOWS\SYSTEM32;C:\WINDOWS\WinSxS\amd64_microsoft.windows.common-controls_6595b64144ccf1df_6.0.22000.120_none_9d947278b86cc467;C:\Program Files\Java\jdk-22\bin\server;C:\Program Files\apache-maven-3.9.9\lib\jansi-native\Windows\x86_64

VM Arguments:
jvm_args: -Dclassworlds.conf=C:\Program Files\apache-maven-3.9.9\bin\m2.conf -Dmaven.home=C:\Program Files\apache-maven-3.9.9 -Dlibrary.jansi.path=C:\Program Files\apache-maven-3.9.9\lib\jansi-native -Dmaven.multiModuleProjectDirectory=C:\Users\zeine\OneDrive\Bureau\projet-spring\back_projet_covoiturage 
java_command: org.codehaus.plexus.classworlds.launcher.Launcher clean install
java_class_path (initial): C:\Program Files\apache-maven-3.9.9\boot\plexus-classworlds-2.8.0.jar
Launcher Type: SUN_STANDARD

[Global flags]
     intx CICompilerCount                          = 4                                         {product} {ergonomic}
     uint ConcGCThreads                            = 2                                         {product} {ergonomic}
     uint G1ConcRefinementThreads                  = 8                                         {product} {ergonomic}
   size_t G1HeapRegionSize                         = 2097152                                   {product} {ergonomic}
   size_t InitialHeapSize                          = 234881024                                 {product} {ergonomic}
   size_t MarkStackSize                            = 4194304                                   {product} {ergonomic}
   size_t MaxHeapSize                              = 3743416320                                {product} {ergonomic}
   size_t MaxNewSize                               = 2246049792                                {product} {ergonomic}
   size_t MinHeapDeltaBytes                        = 2097152                                   {product} {ergonomic}
   size_t MinHeapSize                              = 8388608                                   {product} {ergonomic}
    uintx NonNMethodCodeHeapSize                   = 5839372                                {pd product} {ergonomic}
    uintx NonProfiledCodeHeapSize                  = 122909434                              {pd product} {ergonomic}
    uintx ProfiledCodeHeapSize                     = 122909434                              {pd product} {ergonomic}
    uintx ReservedCodeCacheSize                    = 251658240                              {pd product} {ergonomic}
     bool SegmentedCodeCache                       = true                                      {product} {ergonomic}
   size_t SoftMaxHeapSize                          = 3743416320                             {manageable} {ergonomic}
     bool UseCompressedOops                        = true                           {product lp64_product} {ergonomic}
     bool UseG1GC                                  = true                                      {product} {ergonomic}
     bool UseLargePagesIndividualAllocation        = false                                  {pd product} {ergonomic}

Logging:
Log output configuration:
 #0: stdout all=warning uptime,level,tags foldmultilines=false
 #1: stderr all=off uptime,level,tags foldmultilines=false

Environment Variables:
JAVA_HOME=C:\Program Files\Java\jdk-22
PATH=C:\Python311\Scripts\;C:\Python311\;C:\Program Files\Common Files\Oracle\Java\javapath;C:\Program Files\Python310\Scripts\;C:\Program Files\Python310\;C:\Python310\Scripts\;C:\Python310\;C:\Windows\system32;C:\Windows;C:\Windows\System32\Wbem;C:\Windows\System32\WindowsPowerShell\v1.0\;C:\Windows\System32\OpenSSH\;C:\Program Files (x86)\NVIDIA Corporation\PhysX\Common;C:\Program Files\NVIDIA Corporation\NVIDIA NvDLISR;C:\Program Files\Java\jdk-14.0.2\bin;C:\Program Files\Git\cmd;C:\ProgramData\chocolatey\bin;C:\WINDOWS\system32;C:\WINDOWS;C:\WINDOWS\System32\Wbem;C:\WINDOWS\System32\WindowsPowerShell\v1.0\;C:\WINDOWS\System32\OpenSSH\;C:\Program Files\Docker\Docker\resources\bin;C:\ProgramData\DockerDesktop\version-bin;C:\Program Files\Microsoft SQL Server\130\Tools\Binn\;C:\Program Files\Microsoft SQL Server\Client SDK\ODBC\170\Tools\Binn\;C:\Program Files (x86)\dotnet\;C:\Program Files\dotnet\;C:\Program Files\MySQL\MySQL Server 8.0\bin;C:\Program Files\apache-maven-3.9.9\bin;C:\Program Files\apache-maven-3.9.9;C:\Program Files\nodejs\;C:\Program Files\MySQL\MySQL Shell 8.0\bin\;C:\Users\zeine\AppData\Local\Programs\Python\Python310\Scripts\;C:\Users\zeine\AppData\Local\Programs\Python\Python310\;C:\Users\zeine\AppData\Local\Microsoft\WindowsApps;C:\Users\zeine\AppData\Local\Programs\Microsoft VS Code\bin;C:\flutter\flutter\bin;C:\Program Files\Java\jdk-19\bin;C:\kotlin-master\compiler\cli\bin;C:\dart-sdk\bin;C:\Users\zeine\.dotnet\tools;C:\gradle-8.7\bin;C:\Program Files\Java\jdk-22\bin;;C:\Program Files\JetBrains\IntelliJ IDEA 2024.3.1.1\bin;;C:\Users\zeine\AppData\Roaming\npm
USERNAME=zeine
OS=Windows_NT
PROCESSOR_IDENTIFIER=AMD64 Family 23 Model 24 Stepping 1, AuthenticAMD
TMP=C:\Users\zeine\AppData\Local\Temp
TEMP=C:\Users\zeine\AppData\Local\Temp




Periodic native trim disabled

---------------  S Y S T E M  ---------------

OS:
 Windows 11 , 64 bit Build 22000 (10.0.22000.2538)
OS uptime: 1 days 16:28 hours
Hyper-V role detected

CPU: total 8 (initial active 8) (8 cores per cpu, 2 threads per core) family 23 model 24 stepping 1 microcode 0x0, cx8, cmov, fxsr, ht, mmx, 3dnowpref, sse, sse2, sse3, ssse3, sse4a, sse4.1, sse4.2, popcnt, lzcnt, tsc, tscinvbit, avx, avx2, aes, clmul, bmi1, bmi2, adx, sha, fma, vzeroupper, clflush, clflushopt, hv, rdtscp, f16c
Processor Information for all 8 processors :
  Max Mhz: 2100, Current Mhz: 2100, Mhz Limit: 2100

Memory: 4k page, system-wide physical 14272M (587M free)
TotalPageFile size 57280M (AvailPageFile size 3M)
current process WorkingSet (physical memory assigned to process): 111M, peak: 111M
current process commit charge ("private bytes"): 337M, peak: 337M

vm_info: Java HotSpot(TM) 64-Bit Server VM (22+36-2370) for windows-amd64 JRE (22+36-2370), built on 2024-02-15T22:15:19Z by "mach5one" with MS VC++ 17.6 (VS2022)

END.
